OpenROAD 41a51eaf4ca2171c92ff38afb91eb37bbd3f36da 
This program is licensed under the BSD-3 license. See the LICENSE file for details.
Components of this program may be licensed under more restrictive licenses which must be honored.
[INFO]: Reading ODB at '/home/prormrxcn/OpenLane/designs/fifo/runs/RUN_2025.08.17_15.52.22/results/cts/fifo.odb'…
define_corners Slowest Typical Fastest
read_liberty -corner Slowest /home/prormrxcn/.ciel/sky130A/libs.ref/sky130_fd_sc_hd/lib/sky130_fd_sc_hd__ss_100C_1v60.lib
read_liberty -corner Typical /home/prormrxcn/.ciel/sky130A/libs.ref/sky130_fd_sc_hd/lib/sky130_fd_sc_hd__tt_025C_1v80.lib
read_liberty -corner Fastest /home/prormrxcn/.ciel/sky130A/libs.ref/sky130_fd_sc_hd/lib/sky130_fd_sc_hd__ff_n40C_1v95.lib
Using 1e-12 for capacitance...
Using 1e+03 for resistance...
Using 1e-09 for time...
Using 1e+00 for voltage...
Using 1e-03 for current...
Using 1e-09 for power...
Using 1e-06 for distance...
Reading design constraints file at '/home/prormrxcn/OpenLane/designs/fifo/runs/RUN_2025.08.17_15.52.22/results/cts/fifo.sdc'…
[INFO]: Setting RC values...
[INFO RSZ-0046] Found 135 endpoints with hold violations.
[INFO RSZ-0032] Inserted 135 hold buffers.
Placement Analysis
---------------------------------
total displacement        589.7 u
average displacement        0.5 u
max displacement            9.1 u
original HPWL           15827.0 u
legalized HPWL          16769.7 u
delta HPWL                    6 %

[INFO DPL-0020] Mirrored 325 instances
[INFO DPL-0021] HPWL before           16769.7 u
[INFO DPL-0022] HPWL after            16195.5 u
[INFO DPL-0023] HPWL delta               -3.4 %
Setting global connections for newly added cells…
Writing OpenROAD database to '/home/prormrxcn/OpenLane/designs/fifo/runs/RUN_2025.08.17_15.52.22/tmp/cts/14-fifo.resized.odb'…
Writing netlist to '/home/prormrxcn/OpenLane/designs/fifo/runs/RUN_2025.08.17_15.52.22/tmp/cts/14-fifo.resized.nl.v'…
Writing powered netlist to '/home/prormrxcn/OpenLane/designs/fifo/runs/RUN_2025.08.17_15.52.22/tmp/cts/14-fifo.resized.pnl.v'…
Writing layout to '/home/prormrxcn/OpenLane/designs/fifo/runs/RUN_2025.08.17_15.52.22/tmp/cts/14-fifo.resized.def'…
Writing timing constraints to '/home/prormrxcn/OpenLane/designs/fifo/runs/RUN_2025.08.17_15.52.22/tmp/cts/14-fifo.resized.sdc'…
area_report

===========================================================================
report_design_area
============================================================================
Design area 9005 u^2 38% utilization.
area_report_end
