OpenROAD 41a51eaf4ca2171c92ff38afb91eb37bbd3f36da 
This program is licensed under the BSD-3 license. See the LICENSE file for details.
Components of this program may be licensed under more restrictive licenses which must be honored.
[INFO ODB-0222] Reading LEF file: /home/prormrxcn/OpenLane/designs/fifo/runs/RUN_2025.08.17_15.52.22/tmp/merged.min.lef
[INFO ODB-0223]     Created 14 technology layers
[INFO ODB-0224]     Created 25 technology vias
[INFO ODB-0225]     Created 441 library cells
[INFO ODB-0226] Finished LEF file:  /home/prormrxcn/OpenLane/designs/fifo/runs/RUN_2025.08.17_15.52.22/tmp/merged.min.lef
[INFO ODB-0127] Reading DEF file: /home/prormrxcn/OpenLane/designs/fifo/runs/RUN_2025.08.17_15.52.22/results/routing/fifo.def
[INFO ODB-0128] Design: fifo
[INFO ODB-0130]     Created 25 pins.
[INFO ODB-0131]     Created 2834 components and 13187 component-terminals.
[INFO ODB-0132]     Created 2 special nets and 10698 connections.
[INFO ODB-0133]     Created 833 nets and 2489 connections.
[INFO ODB-0134] Finished DEF file: /home/prormrxcn/OpenLane/designs/fifo/runs/RUN_2025.08.17_15.52.22/results/routing/fifo.def
define_corners Typical
read_liberty -corner Typical /home/prormrxcn/.ciel/sky130A/libs.ref/sky130_fd_sc_hd/lib/sky130_fd_sc_hd__tt_025C_1v80.lib
Using 1e-12 for capacitance...
Using 1e+03 for resistance...
Using 1e-09 for time...
Using 1e+00 for voltage...
Using 1e-03 for current...
Using 1e-09 for power...
Using 1e-06 for distance...
Using RCX ruleset '/home/prormrxcn/.ciel/sky130A/libs.tech/openlane/rules.openrcx.sky130A.min.calibre'...
[INFO RCX-0431] Defined process_corner X with ext_model_index 0
[INFO RCX-0029] Defined extraction corner X
[INFO RCX-0008] extracting parasitics of fifo ...
[INFO RCX-0435] Reading extraction model file /home/prormrxcn/.ciel/sky130A/libs.tech/openlane/rules.openrcx.sky130A.min.calibre ...
[INFO RCX-0436] RC segment generation fifo (max_merge_res 50.0) ...
[INFO RCX-0040] Final 2543 rc segments
[INFO RCX-0439] Coupling Cap extraction fifo ...
[INFO RCX-0440] Coupling threshhold is 0.1000 fF, coupling capacitance less than 0.1000 fF will be grounded.
[INFO RCX-0043] 5447 wires to be extracted
[INFO RCX-0442] 52% completion -- 2851 wires have been extracted
[INFO RCX-0442] 100% completion -- 5447 wires have been extracted
[INFO RCX-0045] Extract 833 nets, 3376 rsegs, 3376 caps, 4843 ccs
[INFO RCX-0015] Finished extracting fifo.
Writing result to /home/prormrxcn/OpenLane/designs/fifo/runs/RUN_2025.08.17_15.52.22/results/routing/mca/process_corner_min/fifo.spef...
Setting global connections for newly added cells…
[WARNING] Did not save OpenROAD database!
Writing extracted parasitics to '/home/prormrxcn/OpenLane/designs/fifo/runs/RUN_2025.08.17_15.52.22/results/routing/mca/process_corner_min/fifo.spef'…
[INFO RCX-0016] Writing SPEF ...
[INFO RCX-0443] 833 nets finished
[INFO RCX-0017] Finished writing SPEF ...
