OpenROAD 41a51eaf4ca2171c92ff38afb91eb37bbd3f36da 
This program is licensed under the BSD-3 license. See the LICENSE file for details.
Components of this program may be licensed under more restrictive licenses which must be honored.
[INFO]: Reading ODB at '/home/prormrxcn/OpenLane/designs/fifo/runs/RUN_2025.08.17_15.52.22/results/routing/fifo.odb'…
define_corners Typical
read_liberty -corner Typical /home/prormrxcn/.ciel/sky130A/libs.ref/sky130_fd_sc_hd/lib/sky130_fd_sc_hd__tt_025C_1v80.lib
Using 1e-12 for capacitance...
Using 1e+03 for resistance...
Using 1e-09 for time...
Using 1e+00 for voltage...
Using 1e-03 for current...
Using 1e-09 for power...
Using 1e-06 for distance...
Reading design constraints file at '/home/prormrxcn/OpenLane/designs/fifo/runs/RUN_2025.08.17_15.52.22/tmp/17-fifo.sdc'…
Net: net8
  Pin: _0942_/A1 (sky130_fd_sc_hd__mux2_1)
    Layer: met2
      Partial area ratio:   15.00
      Required ratio:    0.00 (Gate area) 
      Partial area ratio:   75.79
      Required ratio: 2918.08 (Side area) 
      Cumulative area ratio:  133.80
      Required ratio:    0.00 (Cumulative area) 
      Cumulative area ratio:  685.78
      Required ratio:    0.00 (Cumulative side area) 

    Layer: met1
      Partial area ratio:    0.00
      Required ratio:    0.00 (Gate area) 
      Partial area ratio:    0.00
      Required ratio:  400.00 (Side area) 
      Cumulative area ratio:    0.00
      Required ratio:    0.00 (Cumulative area) 
      Cumulative area ratio:    0.00
      Required ratio:    0.00 (Cumulative side area) 

    Layer: li1
      Partial area ratio:    0.00
      Required ratio:    0.00 (Gate area) 
      Partial area ratio:    0.00
      Required ratio:   75.00 (Side area) 
      Cumulative area ratio:    0.00
      Required ratio:    0.00 (Cumulative area) 
      Cumulative area ratio:    0.00
      Required ratio:    0.00 (Cumulative side area) 

    Via: M1M2_PR
      Partial area ratio:    0.18
      Required ratio:    6.00 (Gate area) 
      Cumulative area ratio:    0.41
      Required ratio:    0.00 (Cumulative area) 

    Via: L1M1_PR
      Partial area ratio:    0.23
      Required ratio:    3.00 (Gate area) 
      Cumulative area ratio:    0.23
      Required ratio:    0.00 (Cumulative area) 

  Pin: _0906_/A1 (sky130_fd_sc_hd__mux2_1)
    Layer: met2
      Partial area ratio:   15.00
      Required ratio:    0.00 (Gate area) 
      Partial area ratio:   75.79
      Required ratio: 2918.08 (Side area) 
      Cumulative area ratio:  136.00
      Required ratio:    0.00 (Cumulative area) 
      Cumulative area ratio:  697.56
      Required ratio:    0.00 (Cumulative side area) 

    Layer: met1
      Partial area ratio:    2.20
      Required ratio:    0.00 (Gate area) 
      Partial area ratio:   11.78
      Required ratio:  400.00 (Side area) 
      Cumulative area ratio:    2.20
      Required ratio:    0.00 (Cumulative area) 
      Cumulative area ratio:   11.78
      Required ratio:    0.00 (Cumulative side area) 

    Layer: li1
      Partial area ratio:    0.00
      Required ratio:    0.00 (Gate area) 
      Partial area ratio:    0.00
      Required ratio:   75.00 (Side area) 
      Cumulative area ratio:    0.00
      Required ratio:    0.00 (Cumulative area) 
      Cumulative area ratio:    0.00
      Required ratio:    0.00 (Cumulative side area) 

    Via: M1M2_PR
      Partial area ratio:    0.18
      Required ratio:    6.00 (Gate area) 
      Cumulative area ratio:    0.41
      Required ratio:    0.00 (Cumulative area) 

    Via: L1M1_PR
      Partial area ratio:    0.23
      Required ratio:    3.00 (Gate area) 
      Cumulative area ratio:    0.23
      Required ratio:    0.00 (Cumulative area) 

  Pin: _0978_/A1 (sky130_fd_sc_hd__mux2_1)
    Layer: met2
      Partial area ratio:   15.00
      Required ratio:    0.00 (Gate area) 
      Partial area ratio:   75.79
      Required ratio: 2918.08 (Side area) 
      Cumulative area ratio:  133.80
      Required ratio:    0.00 (Cumulative area) 
      Cumulative area ratio:  685.78
      Required ratio:    0.00 (Cumulative side area) 

    Layer: met1
      Partial area ratio:  107.38
      Required ratio:    0.00 (Gate area) 
      Partial area ratio:  550.11
      Required ratio:  400.00 (Side area) (VIOLATED)
      Cumulative area ratio:  107.38
      Required ratio:    0.00 (Cumulative area) 
      Cumulative area ratio:  550.11
      Required ratio:    0.00 (Cumulative side area) 

    Layer: li1
      Partial area ratio:    0.00
      Required ratio:    0.00 (Gate area) 
      Partial area ratio:    0.00
      Required ratio:   75.00 (Side area) 
      Cumulative area ratio:    0.00
      Required ratio:    0.00 (Cumulative area) 
      Cumulative area ratio:    0.00
      Required ratio:    0.00 (Cumulative side area) 

    Via: M1M2_PR
      Partial area ratio:    0.71
      Required ratio:    6.00 (Gate area) 
      Cumulative area ratio:    0.94
      Required ratio:    0.00 (Cumulative area) 

    Via: L1M1_PR
      Partial area ratio:    0.23
      Required ratio:    3.00 (Gate area) 
      Cumulative area ratio:    0.23
      Required ratio:    0.00 (Cumulative area) 

  Pin: _0888_/A1 (sky130_fd_sc_hd__mux2_1)
    Layer: met2
      Partial area ratio:   15.00
      Required ratio:    0.00 (Gate area) 
      Partial area ratio:   75.79
      Required ratio: 2918.08 (Side area) 
      Cumulative area ratio:  133.80
      Required ratio:    0.00 (Cumulative area) 
      Cumulative area ratio:  685.78
      Required ratio:    0.00 (Cumulative side area) 

    Layer: met1
      Partial area ratio:    0.00
      Required ratio:    0.00 (Gate area) 
      Partial area ratio:    0.00
      Required ratio:  400.00 (Side area) 
      Cumulative area ratio:    0.00
      Required ratio:    0.00 (Cumulative area) 
      Cumulative area ratio:    0.00
      Required ratio:    0.00 (Cumulative side area) 

    Layer: li1
      Partial area ratio:    0.00
      Required ratio:    0.00 (Gate area) 
      Partial area ratio:    0.00
      Required ratio:   75.00 (Side area) 
      Cumulative area ratio:    0.00
      Required ratio:    0.00 (Cumulative area) 
      Cumulative area ratio:    0.00
      Required ratio:    0.00 (Cumulative side area) 

    Via: M1M2_PR
      Partial area ratio:    0.18
      Required ratio:    6.00 (Gate area) 
      Cumulative area ratio:    0.41
      Required ratio:    0.00 (Cumulative area) 

    Via: L1M1_PR
      Partial area ratio:    0.23
      Required ratio:    3.00 (Gate area) 
      Cumulative area ratio:    0.23
      Required ratio:    0.00 (Cumulative area) 

  Pin: _0924_/A1 (sky130_fd_sc_hd__mux2_1)
    Layer: met2
      Partial area ratio:   15.00
      Required ratio:    0.00 (Gate area) 
      Partial area ratio:   75.79
      Required ratio: 2918.08 (Side area) 
      Cumulative area ratio:   33.22
      Required ratio:    0.00 (Cumulative area) 
      Cumulative area ratio:  170.45
      Required ratio:    0.00 (Cumulative side area) 

    Layer: met1
      Partial area ratio:    6.80
      Required ratio:    0.00 (Gate area) 
      Partial area ratio:   34.78
      Required ratio:  400.00 (Side area) 
      Cumulative area ratio:    6.80
      Required ratio:    0.00 (Cumulative area) 
      Cumulative area ratio:   34.78
      Required ratio:    0.00 (Cumulative side area) 

    Layer: li1
      Partial area ratio:    0.00
      Required ratio:    0.00 (Gate area) 
      Partial area ratio:    0.00
      Required ratio:   75.00 (Side area) 
      Cumulative area ratio:    0.00
      Required ratio:    0.00 (Cumulative area) 
      Cumulative area ratio:    0.00
      Required ratio:    0.00 (Cumulative side area) 

    Via: M1M2_PR
      Partial area ratio:    0.18
      Required ratio:    6.00 (Gate area) 
      Cumulative area ratio:    0.41
      Required ratio:    0.00 (Cumulative area) 

    Via: L1M1_PR
      Partial area ratio:    0.23
      Required ratio:    3.00 (Gate area) 
      Cumulative area ratio:    0.23
      Required ratio:    0.00 (Cumulative area) 

  Pin: _0704_/A (sky130_fd_sc_hd__clkbuf_4)
    Layer: met2
      Partial area ratio:   15.00
      Required ratio:    0.00 (Gate area) 
      Partial area ratio:   75.79
      Required ratio: 2918.08 (Side area) 
      Cumulative area ratio:   26.42
      Required ratio:    0.00 (Cumulative area) 
      Cumulative area ratio:  135.67
      Required ratio:    0.00 (Cumulative side area) 

    Layer: met1
      Partial area ratio:   11.42
      Required ratio:    0.00 (Gate area) 
      Partial area ratio:   59.88
      Required ratio:  400.00 (Side area) 
      Cumulative area ratio:   11.42
      Required ratio:    0.00 (Cumulative area) 
      Cumulative area ratio:   59.88
      Required ratio:    0.00 (Cumulative side area) 

    Layer: li1
      Partial area ratio:    0.00
      Required ratio:    0.00 (Gate area) 
      Partial area ratio:    0.00
      Required ratio:   75.00 (Side area) 
      Cumulative area ratio:    0.00
      Required ratio:    0.00 (Cumulative area) 
      Cumulative area ratio:    0.00
      Required ratio:    0.00 (Cumulative side area) 

    Via: M1M2_PR
      Partial area ratio:    0.32
      Required ratio:    6.00 (Gate area) 
      Cumulative area ratio:    0.45
      Required ratio:    0.00 (Cumulative area) 

    Via: L1M1_PR
      Partial area ratio:    0.14
      Required ratio:    3.00 (Gate area) 
      Cumulative area ratio:    0.14
      Required ratio:    0.00 (Cumulative area) 

  Pin: _0960_/A1 (sky130_fd_sc_hd__mux2_1)
    Layer: met2
      Partial area ratio:   15.00
      Required ratio:    0.00 (Gate area) 
      Partial area ratio:   75.79
      Required ratio: 2918.08 (Side area) 
      Cumulative area ratio:   28.11
      Required ratio:    0.00 (Cumulative area) 
      Cumulative area ratio:  144.89
      Required ratio:    0.00 (Cumulative side area) 

    Layer: met1
      Partial area ratio:    1.69
      Required ratio:    0.00 (Gate area) 
      Partial area ratio:    9.22
      Required ratio:  400.00 (Side area) 
      Cumulative area ratio:    1.69
      Required ratio:    0.00 (Cumulative area) 
      Cumulative area ratio:    9.22
      Required ratio:    0.00 (Cumulative side area) 

    Layer: li1
      Partial area ratio:    0.00
      Required ratio:    0.00 (Gate area) 
      Partial area ratio:    0.00
      Required ratio:   75.00 (Side area) 
      Cumulative area ratio:    0.00
      Required ratio:    0.00 (Cumulative area) 
      Cumulative area ratio:    0.00
      Required ratio:    0.00 (Cumulative side area) 

    Via: M1M2_PR
      Partial area ratio:    0.18
      Required ratio:    6.00 (Gate area) 
      Cumulative area ratio:    0.41
      Required ratio:    0.00 (Cumulative area) 

    Via: L1M1_PR
      Partial area ratio:    0.23
      Required ratio:    3.00 (Gate area) 
      Cumulative area ratio:    0.23
      Required ratio:    0.00 (Cumulative area) 


[INFO ANT-0002] Found 1 net violations.
[INFO ANT-0001] Found 1 pin violations.
