
===========================================================================
report_checks -unconstrained
===========================================================================
======================= Fastest Corner ===================================

Startpoint: rst (input port clocked by clk)
Endpoint: _0989_ (recovery check against rising-edge clock clk)
Path Group: asynchronous
Path Type: max
Corner: Fastest

Fanout     Cap    Slew   Delay    Time   Description
-----------------------------------------------------------------------------
                          0.00    0.00   clock clk (rise edge)
                          0.00    0.00   clock network delay (propagated)
                          2.00    2.00 v input external delay
                  0.00    0.00    2.00 v rst (in)
     1    0.00                           rst (net)
                  0.00    0.00    2.00 v input11/A (sky130_fd_sc_hd__dlymetal6s2s_1)
                  0.09    0.14    2.14 v input11/X (sky130_fd_sc_hd__dlymetal6s2s_1)
     2    0.02                           net11 (net)
                  0.09    0.00    2.14 v _0658_/A (sky130_fd_sc_hd__buf_4)
                  0.06    0.16    2.30 v _0658_/X (sky130_fd_sc_hd__buf_4)
    10    0.06                           _0313_ (net)
                  0.06    0.00    2.30 v _0659_/A (sky130_fd_sc_hd__clkbuf_8)
                  0.07    0.15    2.45 v _0659_/X (sky130_fd_sc_hd__clkbuf_8)
    10    0.08                           _0314_ (net)
                  0.07    0.00    2.45 v _0668_/A (sky130_fd_sc_hd__inv_2)
                  0.03    0.05    2.50 ^ _0668_/Y (sky130_fd_sc_hd__inv_2)
     1    0.00                           _0010_ (net)
                  0.03    0.00    2.50 ^ _0989_/RESET_B (sky130_fd_sc_hd__dfrtp_2)
                                  2.50   data arrival time

                         10.00   10.00   clock clk (rise edge)
                          0.00   10.00   clock source latency
                  0.10    0.07   10.07 ^ clk (in)
     1    0.03                           clk (net)
                  0.10    0.00   10.07 ^ clkbuf_0_clk/A (sky130_fd_sc_hd__clkbuf_16)
                  0.10    0.15   10.22 ^ clkbuf_0_clk/X (sky130_fd_sc_hd__clkbuf_16)
    16    0.11                           clknet_0_clk (net)
                  0.10    0.00   10.22 ^ clkbuf_4_7_0_clk/A (sky130_fd_sc_hd__clkbuf_8)
                  0.05    0.11   10.33 ^ clkbuf_4_7_0_clk/X (sky130_fd_sc_hd__clkbuf_8)
     7    0.03                           clknet_4_7_0_clk (net)
                  0.05    0.00   10.33 ^ _0989_/CLK (sky130_fd_sc_hd__dfrtp_2)
                         -0.25   10.08   clock uncertainty
                          0.00   10.08   clock reconvergence pessimism
                          0.14   10.22   library recovery time
                                 10.22   data required time
-----------------------------------------------------------------------------
                                 10.22   data required time
                                 -2.50   data arrival time
-----------------------------------------------------------------------------
                                  7.72   slack (MET)


Startpoint: _0998_ (rising edge-triggered flip-flop clocked by clk)
Endpoint: full (output port clocked by clk)
Path Group: clk
Path Type: max
Corner: Fastest

Fanout     Cap    Slew   Delay    Time   Description
-----------------------------------------------------------------------------
                          0.00    0.00   clock clk (rise edge)
                          0.00    0.00   clock source latency
                  0.10    0.07    0.07 ^ clk (in)
     1    0.03                           clk (net)
                  0.10    0.00    0.07 ^ clkbuf_0_clk/A (sky130_fd_sc_hd__clkbuf_16)
                  0.10    0.16    0.24 ^ clkbuf_0_clk/X (sky130_fd_sc_hd__clkbuf_16)
    16    0.11                           clknet_0_clk (net)
                  0.10    0.00    0.24 ^ clkbuf_4_7_0_clk/A (sky130_fd_sc_hd__clkbuf_8)
                  0.05    0.12    0.36 ^ clkbuf_4_7_0_clk/X (sky130_fd_sc_hd__clkbuf_8)
     7    0.03                           clknet_4_7_0_clk (net)
                  0.05    0.00    0.36 ^ _0998_/CLK (sky130_fd_sc_hd__dfrtp_4)
                  0.07    0.35    0.71 v _0998_/Q (sky130_fd_sc_hd__dfrtp_4)
    10    0.03                           tail[3] (net)
                  0.07    0.00    0.71 v _0490_/A (sky130_fd_sc_hd__xnor2_1)
                  0.07    0.11    0.82 ^ _0490_/Y (sky130_fd_sc_hd__xnor2_1)
     1    0.00                           _0167_ (net)
                  0.07    0.00    0.82 ^ _0493_/B (sky130_fd_sc_hd__and4_2)
                  0.12    0.21    1.03 ^ _0493_/X (sky130_fd_sc_hd__and4_2)
     5    0.03                           _0170_ (net)
                  0.12    0.00    1.04 ^ _0652_/A (sky130_fd_sc_hd__and2_1)
                  0.03    0.09    1.13 ^ _0652_/X (sky130_fd_sc_hd__and2_1)
     1    0.00                           _0311_ (net)
                  0.03    0.00    1.13 ^ _0653_/A (sky130_fd_sc_hd__clkbuf_2)
                  0.15    0.15    1.28 ^ _0653_/X (sky130_fd_sc_hd__clkbuf_2)
     2    0.03                           net22 (net)
                  0.15    0.00    1.28 ^ output22/A (sky130_fd_sc_hd__clkbuf_4)
                  0.09    0.16    1.45 ^ output22/X (sky130_fd_sc_hd__clkbuf_4)
     1    0.03                           full (net)
                  0.09    0.00    1.45 ^ full (out)
                                  1.45   data arrival time

                         10.00   10.00   clock clk (rise edge)
                          0.00   10.00   clock network delay (propagated)
                         -0.25    9.75   clock uncertainty
                          0.00    9.75   clock reconvergence pessimism
                         -2.00    7.75   output external delay
                                  7.75   data required time
-----------------------------------------------------------------------------
                                  7.75   data required time
                                 -1.45   data arrival time
-----------------------------------------------------------------------------
                                  6.30   slack (MET)



======================= Slowest Corner ===================================

Startpoint: rst (input port clocked by clk)
Endpoint: _0989_ (recovery check against rising-edge clock clk)
Path Group: asynchronous
Path Type: max
Corner: Slowest

Fanout     Cap    Slew   Delay    Time   Description
-----------------------------------------------------------------------------
                          0.00    0.00   clock clk (rise edge)
                          0.00    0.00   clock network delay (propagated)
                          2.00    2.00 v input external delay
                  0.02    0.01    2.01 v rst (in)
     1    0.00                           rst (net)
                  0.02    0.00    2.01 v input11/A (sky130_fd_sc_hd__dlymetal6s2s_1)
                  0.25    0.43    2.43 v input11/X (sky130_fd_sc_hd__dlymetal6s2s_1)
     2    0.02                           net11 (net)
                  0.25    0.00    2.44 v _0658_/A (sky130_fd_sc_hd__buf_4)
                  0.14    0.44    2.88 v _0658_/X (sky130_fd_sc_hd__buf_4)
    10    0.06                           _0313_ (net)
                  0.14    0.00    2.88 v _0659_/A (sky130_fd_sc_hd__clkbuf_8)
                  0.16    0.39    3.28 v _0659_/X (sky130_fd_sc_hd__clkbuf_8)
    10    0.08                           _0314_ (net)
                  0.16    0.00    3.28 v _0668_/A (sky130_fd_sc_hd__inv_2)
                  0.06    0.12    3.40 ^ _0668_/Y (sky130_fd_sc_hd__inv_2)
     1    0.00                           _0010_ (net)
                  0.06    0.00    3.40 ^ _0989_/RESET_B (sky130_fd_sc_hd__dfrtp_2)
                                  3.40   data arrival time

                         10.00   10.00   clock clk (rise edge)
                          0.00   10.00   clock source latency
                  0.21    0.14   10.14 ^ clk (in)
     1    0.03                           clk (net)
                  0.21    0.00   10.14 ^ clkbuf_0_clk/A (sky130_fd_sc_hd__clkbuf_16)
                  0.19    0.37   10.52 ^ clkbuf_0_clk/X (sky130_fd_sc_hd__clkbuf_16)
    16    0.11                           clknet_0_clk (net)
                  0.19    0.00   10.52 ^ clkbuf_4_7_0_clk/A (sky130_fd_sc_hd__clkbuf_8)
                  0.10    0.30   10.82 ^ clkbuf_4_7_0_clk/X (sky130_fd_sc_hd__clkbuf_8)
     7    0.03                           clknet_4_7_0_clk (net)
                  0.10    0.00   10.82 ^ _0989_/CLK (sky130_fd_sc_hd__dfrtp_2)
                         -0.25   10.57   clock uncertainty
                          0.00   10.57   clock reconvergence pessimism
                          0.46   11.03   library recovery time
                                 11.03   data required time
-----------------------------------------------------------------------------
                                 11.03   data required time
                                 -3.40   data arrival time
-----------------------------------------------------------------------------
                                  7.63   slack (MET)


Startpoint: _0996_ (rising edge-triggered flip-flop clocked by clk)
Endpoint: _0986_ (rising edge-triggered flip-flop clocked by clk)
Path Group: clk
Path Type: max
Corner: Slowest

Fanout     Cap    Slew   Delay    Time   Description
-----------------------------------------------------------------------------
                          0.00    0.00   clock clk (rise edge)
                          0.00    0.00   clock source latency
                  0.21    0.16    0.16 ^ clk (in)
     1    0.03                           clk (net)
                  0.21    0.00    0.16 ^ clkbuf_0_clk/A (sky130_fd_sc_hd__clkbuf_16)
                  0.19    0.41    0.57 ^ clkbuf_0_clk/X (sky130_fd_sc_hd__clkbuf_16)
    16    0.11                           clknet_0_clk (net)
                  0.19    0.00    0.57 ^ clkbuf_4_13_0_clk/A (sky130_fd_sc_hd__clkbuf_8)
                  0.10    0.33    0.90 ^ clkbuf_4_13_0_clk/X (sky130_fd_sc_hd__clkbuf_8)
     7    0.03                           clknet_4_13_0_clk (net)
                  0.10    0.00    0.90 ^ _0996_/CLK (sky130_fd_sc_hd__dfrtp_4)
                  0.18    1.16    2.06 v _0996_/Q (sky130_fd_sc_hd__dfrtp_4)
    10    0.03                           tail[1] (net)
                  0.18    0.00    2.06 v _0530_/D_N (sky130_fd_sc_hd__nor4b_1)
                  0.10    0.38    2.44 v _0530_/Y (sky130_fd_sc_hd__nor4b_1)
     1    0.01                           _0198_ (net)
                  0.10    0.00    2.44 v wire4/A (sky130_fd_sc_hd__dlymetal6s2s_1)
                  0.18    0.41    2.85 v wire4/X (sky130_fd_sc_hd__dlymetal6s2s_1)
     4    0.02                           net166 (net)
                  0.18    0.00    2.85 v wire27/A (sky130_fd_sc_hd__clkbuf_2)
                  0.20    0.38    3.23 v wire27/X (sky130_fd_sc_hd__clkbuf_2)
     5    0.03                           net27 (net)
                  0.20    0.00    3.23 v _0573_/A2 (sky130_fd_sc_hd__a221o_1)
                  0.10    0.74    3.97 v _0573_/X (sky130_fd_sc_hd__a221o_1)
     1    0.00                           _0239_ (net)
                  0.10    0.00    3.97 v _0577_/A (sky130_fd_sc_hd__or4_1)
                  0.32    1.51    5.47 v _0577_/X (sky130_fd_sc_hd__or4_1)
     1    0.02                           _0243_ (net)
                  0.32    0.00    5.47 v _0583_/A1 (sky130_fd_sc_hd__o31a_1)
                  0.15    0.76    6.23 v _0583_/X (sky130_fd_sc_hd__o31a_1)
     1    0.01                           _0249_ (net)
                  0.15    0.00    6.23 v _0584_/A1 (sky130_fd_sc_hd__mux2_1)
                  0.11    0.71    6.95 v _0584_/X (sky130_fd_sc_hd__mux2_1)
     1    0.00                           _0250_ (net)
                  0.11    0.00    6.95 v _0585_/A (sky130_fd_sc_hd__clkbuf_1)
                  0.04    0.18    7.13 v _0585_/X (sky130_fd_sc_hd__clkbuf_1)
     1    0.00                           _0026_ (net)
                  0.04    0.00    7.13 v _0986_/D (sky130_fd_sc_hd__dfrtp_1)
                                  7.13   data arrival time

                         10.00   10.00   clock clk (rise edge)
                          0.00   10.00   clock source latency
                  0.21    0.14   10.14 ^ clk (in)
     1    0.03                           clk (net)
                  0.21    0.00   10.14 ^ clkbuf_0_clk/A (sky130_fd_sc_hd__clkbuf_16)
                  0.19    0.37   10.52 ^ clkbuf_0_clk/X (sky130_fd_sc_hd__clkbuf_16)
    16    0.11                           clknet_0_clk (net)
                  0.19    0.00   10.52 ^ clkbuf_4_0_0_clk/A (sky130_fd_sc_hd__clkbuf_8)
                  0.13    0.32   10.84 ^ clkbuf_4_0_0_clk/X (sky130_fd_sc_hd__clkbuf_8)
    13    0.04                           clknet_4_0_0_clk (net)
                  0.13    0.00   10.84 ^ _0986_/CLK (sky130_fd_sc_hd__dfrtp_1)
                         -0.25   10.59   clock uncertainty
                          0.05   10.65   clock reconvergence pessimism
                         -0.25   10.40   library setup time
                                 10.40   data required time
-----------------------------------------------------------------------------
                                 10.40   data required time
                                 -7.13   data arrival time
-----------------------------------------------------------------------------
                                  3.27   slack (MET)



======================= Typical Corner ===================================

Startpoint: rst (input port clocked by clk)
Endpoint: _0989_ (recovery check against rising-edge clock clk)
Path Group: asynchronous
Path Type: max
Corner: Typical

Fanout     Cap    Slew   Delay    Time   Description
-----------------------------------------------------------------------------
                          0.00    0.00   clock clk (rise edge)
                          0.00    0.00   clock network delay (propagated)
                          2.00    2.00 v input external delay
                  0.01    0.00    2.00 v rst (in)
     1    0.00                           rst (net)
                  0.01    0.00    2.00 v input11/A (sky130_fd_sc_hd__dlymetal6s2s_1)
                  0.13    0.21    2.21 v input11/X (sky130_fd_sc_hd__dlymetal6s2s_1)
     2    0.02                           net11 (net)
                  0.13    0.00    2.21 v _0658_/A (sky130_fd_sc_hd__buf_4)
                  0.08    0.24    2.45 v _0658_/X (sky130_fd_sc_hd__buf_4)
    10    0.05                           _0313_ (net)
                  0.08    0.00    2.46 v _0659_/A (sky130_fd_sc_hd__clkbuf_8)
                  0.09    0.22    2.67 v _0659_/X (sky130_fd_sc_hd__clkbuf_8)
    10    0.08                           _0314_ (net)
                  0.09    0.00    2.68 v _0668_/A (sky130_fd_sc_hd__inv_2)
                  0.04    0.07    2.75 ^ _0668_/Y (sky130_fd_sc_hd__inv_2)
     1    0.00                           _0010_ (net)
                  0.04    0.00    2.75 ^ _0989_/RESET_B (sky130_fd_sc_hd__dfrtp_2)
                                  2.75   data arrival time

                         10.00   10.00   clock clk (rise edge)
                          0.00   10.00   clock source latency
                  0.14    0.09   10.09 ^ clk (in)
     1    0.03                           clk (net)
                  0.14    0.00   10.09 ^ clkbuf_0_clk/A (sky130_fd_sc_hd__clkbuf_16)
                  0.13    0.22   10.31 ^ clkbuf_0_clk/X (sky130_fd_sc_hd__clkbuf_16)
    16    0.11                           clknet_0_clk (net)
                  0.13    0.00   10.31 ^ clkbuf_4_7_0_clk/A (sky130_fd_sc_hd__clkbuf_8)
                  0.06    0.16   10.48 ^ clkbuf_4_7_0_clk/X (sky130_fd_sc_hd__clkbuf_8)
     7    0.03                           clknet_4_7_0_clk (net)
                  0.06    0.00   10.48 ^ _0989_/CLK (sky130_fd_sc_hd__dfrtp_2)
                         -0.25   10.23   clock uncertainty
                          0.00   10.23   clock reconvergence pessimism
                          0.23   10.45   library recovery time
                                 10.45   data required time
-----------------------------------------------------------------------------
                                 10.45   data required time
                                 -2.75   data arrival time
-----------------------------------------------------------------------------
                                  7.71   slack (MET)


Startpoint: _0996_ (rising edge-triggered flip-flop clocked by clk)
Endpoint: full (output port clocked by clk)
Path Group: clk
Path Type: max
Corner: Typical

Fanout     Cap    Slew   Delay    Time   Description
-----------------------------------------------------------------------------
                          0.00    0.00   clock clk (rise edge)
                          0.00    0.00   clock source latency
                  0.14    0.10    0.10 ^ clk (in)
     1    0.03                           clk (net)
                  0.14    0.00    0.10 ^ clkbuf_0_clk/A (sky130_fd_sc_hd__clkbuf_16)
                  0.13    0.24    0.34 ^ clkbuf_0_clk/X (sky130_fd_sc_hd__clkbuf_16)
    16    0.11                           clknet_0_clk (net)
                  0.13    0.00    0.34 ^ clkbuf_4_13_0_clk/A (sky130_fd_sc_hd__clkbuf_8)
                  0.06    0.18    0.52 ^ clkbuf_4_13_0_clk/X (sky130_fd_sc_hd__clkbuf_8)
     7    0.03                           clknet_4_13_0_clk (net)
                  0.06    0.00    0.52 ^ _0996_/CLK (sky130_fd_sc_hd__dfrtp_4)
                  0.10    0.55    1.08 v _0996_/Q (sky130_fd_sc_hd__dfrtp_4)
    10    0.03                           tail[1] (net)
                  0.10    0.00    1.08 v _0491_/A (sky130_fd_sc_hd__xnor2_1)
                  0.10    0.16    1.24 ^ _0491_/Y (sky130_fd_sc_hd__xnor2_1)
     1    0.00                           _0168_ (net)
                  0.10    0.00    1.24 ^ _0493_/C (sky130_fd_sc_hd__and4_2)
                  0.17    0.35    1.59 ^ _0493_/X (sky130_fd_sc_hd__and4_2)
     5    0.03                           _0170_ (net)
                  0.17    0.00    1.59 ^ _0652_/A (sky130_fd_sc_hd__and2_1)
                  0.05    0.15    1.74 ^ _0652_/X (sky130_fd_sc_hd__and2_1)
     1    0.00                           _0311_ (net)
                  0.05    0.00    1.74 ^ _0653_/A (sky130_fd_sc_hd__clkbuf_2)
                  0.19    0.22    1.96 ^ _0653_/X (sky130_fd_sc_hd__clkbuf_2)
     2    0.03                           net22 (net)
                  0.19    0.00    1.96 ^ output22/A (sky130_fd_sc_hd__clkbuf_4)
                  0.11    0.25    2.21 ^ output22/X (sky130_fd_sc_hd__clkbuf_4)
     1    0.03                           full (net)
                  0.11    0.00    2.21 ^ full (out)
                                  2.21   data arrival time

                         10.00   10.00   clock clk (rise edge)
                          0.00   10.00   clock network delay (propagated)
                         -0.25    9.75   clock uncertainty
                          0.00    9.75   clock reconvergence pessimism
                         -2.00    7.75   output external delay
                                  7.75   data required time
-----------------------------------------------------------------------------
                                  7.75   data required time
                                 -2.21   data arrival time
-----------------------------------------------------------------------------
                                  5.54   slack (MET)




===========================================================================
report_checks --slack_max -0.01
============================================================================
======================= Fastest Corner ===================================

No paths found.

======================= Slowest Corner ===================================

No paths found.

======================= Typical Corner ===================================

No paths found.


===========================================================================
 report_check_types -max_slew -max_cap -max_fanout -violators
============================================================================
======================= Fastest Corner ===================================

max fanout

Pin                                   Limit Fanout  Slack
---------------------------------------------------------
clkbuf_0_clk/X                           10     16     -6 (VIOLATED)
clkbuf_4_0_0_clk/X                       10     13     -3 (VIOLATED)
clkbuf_4_1_0_clk/X                       10     12     -2 (VIOLATED)
clkbuf_4_2_0_clk/X                       10     12     -2 (VIOLATED)
clkbuf_4_5_0_clk/X                       10     12     -2 (VIOLATED)


======================= Slowest Corner ===================================

max slew

Pin                                    Limit    Slew   Slack
------------------------------------------------------------
_0549_/Y                                0.75    0.87   -0.12 (VIOLATED)
_0554_/A2                               0.75    0.87   -0.12 (VIOLATED)
_0568_/A2                               0.75    0.87   -0.12 (VIOLATED)
max_cap23/A                             0.75    0.87   -0.12 (VIOLATED)

max fanout

Pin                                   Limit Fanout  Slack
---------------------------------------------------------
clkbuf_0_clk/X                           10     16     -6 (VIOLATED)
clkbuf_4_0_0_clk/X                       10     13     -3 (VIOLATED)
clkbuf_4_1_0_clk/X                       10     12     -2 (VIOLATED)
clkbuf_4_2_0_clk/X                       10     12     -2 (VIOLATED)
clkbuf_4_5_0_clk/X                       10     12     -2 (VIOLATED)


======================= Typical Corner ===================================

max fanout

Pin                                   Limit Fanout  Slack
---------------------------------------------------------
clkbuf_0_clk/X                           10     16     -6 (VIOLATED)
clkbuf_4_0_0_clk/X                       10     13     -3 (VIOLATED)
clkbuf_4_1_0_clk/X                       10     12     -2 (VIOLATED)
clkbuf_4_2_0_clk/X                       10     12     -2 (VIOLATED)
clkbuf_4_5_0_clk/X                       10     12     -2 (VIOLATED)



===========================================================================
report_parasitic_annotation -report_unannotated
============================================================================
Found 0 unannotated drivers.
Found 0 partially unannotated drivers.

===========================================================================
max slew violation count 4
max fanout violation count 5
max cap violation count 0
============================================================================

===========================================================================
check_setup -verbose -unconstrained_endpoints -multiple_clock -no_clock -no_input_delay -loops -generated_clocks
===========================================================================
