
===========================================================================
 report_power
============================================================================
======================= Fastest Corner ===================================

Group                  Internal  Switching    Leakage      Total
                          Power      Power      Power      Power (Watts)
----------------------------------------------------------------
Sequential             1.04e-03   2.19e-04   9.46e-08   1.26e-03  37.8%
Combinational          1.20e-03   8.77e-04   8.43e-09   2.08e-03  62.2%
Macro                  0.00e+00   0.00e+00   0.00e+00   0.00e+00   0.0%
Pad                    0.00e+00   0.00e+00   0.00e+00   0.00e+00   0.0%
----------------------------------------------------------------
Total                  2.24e-03   1.10e-03   1.03e-07   3.34e-03 100.0%
                          67.2%      32.8%       0.0%

======================= Slowest Corner ===================================

Group                  Internal  Switching    Leakage      Total
                          Power      Power      Power      Power (Watts)
----------------------------------------------------------------
Sequential             7.14e-04   1.42e-04   2.25e-06   8.59e-04  37.6%
Combinational          8.55e-04   5.68e-04   3.68e-06   1.43e-03  62.4%
Macro                  0.00e+00   0.00e+00   0.00e+00   0.00e+00   0.0%
Pad                    0.00e+00   0.00e+00   0.00e+00   0.00e+00   0.0%
----------------------------------------------------------------
Total                  1.57e-03   7.10e-04   5.92e-06   2.29e-03 100.0%
                          68.7%      31.1%       0.3%

======================= Typical Corner ===================================

Group                  Internal  Switching    Leakage      Total
                          Power      Power      Power      Power (Watts)
----------------------------------------------------------------
Sequential             9.06e-04   1.83e-04   9.37e-08   1.09e-03  37.8%
Combinational          1.06e-03   7.34e-04   4.37e-09   1.79e-03  62.2%
Macro                  0.00e+00   0.00e+00   0.00e+00   0.00e+00   0.0%
Pad                    0.00e+00   0.00e+00   0.00e+00   0.00e+00   0.0%
----------------------------------------------------------------
Total                  1.97e-03   9.17e-04   9.81e-08   2.88e-03 100.0%
                          68.2%      31.8%       0.0%

