
===========================================================================
report_checks -unconstrained
===========================================================================
======================= Fastest Corner ===================================

Startpoint: rst (input port clocked by clk)
Endpoint: _0989_ (recovery check against rising-edge clock clk)
Path Group: asynchronous
Path Type: max
Corner: Fastest

Fanout     Cap    Slew   Delay    Time   Description
-----------------------------------------------------------------------------
                          0.00    0.00   clock clk (rise edge)
                          0.00    0.00   clock network delay (propagated)
                          2.00    2.00 v input external delay
                  0.00    0.00    2.00 v rst (in)
     1    0.00                           rst (net)
                  0.00    0.00    2.00 v input11/A (sky130_fd_sc_hd__dlymetal6s2s_1)
                  0.08    0.13    2.13 v input11/X (sky130_fd_sc_hd__dlymetal6s2s_1)
     2    0.02                           net11 (net)
                  0.08    0.00    2.14 v _0658_/A (sky130_fd_sc_hd__buf_4)
                  0.06    0.16    2.29 v _0658_/X (sky130_fd_sc_hd__buf_4)
    10    0.05                           _0313_ (net)
                  0.06    0.00    2.29 v _0659_/A (sky130_fd_sc_hd__clkbuf_8)
                  0.07    0.15    2.44 v _0659_/X (sky130_fd_sc_hd__clkbuf_8)
    10    0.08                           _0314_ (net)
                  0.07    0.00    2.44 v _0668_/A (sky130_fd_sc_hd__inv_2)
                  0.03    0.05    2.49 ^ _0668_/Y (sky130_fd_sc_hd__inv_2)
     1    0.00                           _0010_ (net)
                  0.03    0.00    2.49 ^ _0989_/RESET_B (sky130_fd_sc_hd__dfrtp_2)
                                  2.49   data arrival time

                         10.00   10.00   clock clk (rise edge)
                          0.00   10.00   clock source latency
                  0.10    0.06   10.06 ^ clk (in)
     1    0.03                           clk (net)
                  0.10    0.00   10.06 ^ clkbuf_0_clk/A (sky130_fd_sc_hd__clkbuf_16)
                  0.10    0.15   10.21 ^ clkbuf_0_clk/X (sky130_fd_sc_hd__clkbuf_16)
    16    0.11                           clknet_0_clk (net)
                  0.10    0.00   10.21 ^ clkbuf_4_7_0_clk/A (sky130_fd_sc_hd__clkbuf_8)
                  0.05    0.11   10.32 ^ clkbuf_4_7_0_clk/X (sky130_fd_sc_hd__clkbuf_8)
     7    0.03                           clknet_4_7_0_clk (net)
                  0.05    0.00   10.32 ^ _0989_/CLK (sky130_fd_sc_hd__dfrtp_2)
                         -0.25   10.07   clock uncertainty
                          0.00   10.07   clock reconvergence pessimism
                          0.14   10.21   library recovery time
                                 10.21   data required time
-----------------------------------------------------------------------------
                                 10.21   data required time
                                 -2.49   data arrival time
-----------------------------------------------------------------------------
                                  7.72   slack (MET)


Startpoint: _0996_ (rising edge-triggered flip-flop clocked by clk)
Endpoint: full (output port clocked by clk)
Path Group: clk
Path Type: max
Corner: Fastest

Fanout     Cap    Slew   Delay    Time   Description
-----------------------------------------------------------------------------
                          0.00    0.00   clock clk (rise edge)
                          0.00    0.00   clock source latency
                  0.10    0.07    0.07 ^ clk (in)
     1    0.03                           clk (net)
                  0.10    0.00    0.07 ^ clkbuf_0_clk/A (sky130_fd_sc_hd__clkbuf_16)
                  0.10    0.16    0.23 ^ clkbuf_0_clk/X (sky130_fd_sc_hd__clkbuf_16)
    16    0.11                           clknet_0_clk (net)
                  0.10    0.00    0.23 ^ clkbuf_4_13_0_clk/A (sky130_fd_sc_hd__clkbuf_8)
                  0.05    0.12    0.35 ^ clkbuf_4_13_0_clk/X (sky130_fd_sc_hd__clkbuf_8)
     7    0.03                           clknet_4_13_0_clk (net)
                  0.05    0.00    0.35 ^ _0996_/CLK (sky130_fd_sc_hd__dfrtp_4)
                  0.07    0.35    0.70 v _0996_/Q (sky130_fd_sc_hd__dfrtp_4)
    10    0.03                           tail[1] (net)
                  0.07    0.00    0.70 v _0491_/A (sky130_fd_sc_hd__xnor2_1)
                  0.07    0.11    0.81 ^ _0491_/Y (sky130_fd_sc_hd__xnor2_1)
     1    0.00                           _0168_ (net)
                  0.07    0.00    0.81 ^ _0493_/C (sky130_fd_sc_hd__and4_2)
                  0.12    0.21    1.02 ^ _0493_/X (sky130_fd_sc_hd__and4_2)
     5    0.03                           _0170_ (net)
                  0.12    0.00    1.02 ^ _0652_/A (sky130_fd_sc_hd__and2_1)
                  0.03    0.09    1.11 ^ _0652_/X (sky130_fd_sc_hd__and2_1)
     1    0.00                           _0311_ (net)
                  0.03    0.00    1.11 ^ _0653_/A (sky130_fd_sc_hd__clkbuf_2)
                  0.14    0.15    1.26 ^ _0653_/X (sky130_fd_sc_hd__clkbuf_2)
     2    0.03                           net22 (net)
                  0.14    0.00    1.26 ^ output22/A (sky130_fd_sc_hd__clkbuf_4)
                  0.08    0.16    1.42 ^ output22/X (sky130_fd_sc_hd__clkbuf_4)
     1    0.03                           full (net)
                  0.08    0.00    1.42 ^ full (out)
                                  1.42   data arrival time

                         10.00   10.00   clock clk (rise edge)
                          0.00   10.00   clock network delay (propagated)
                         -0.25    9.75   clock uncertainty
                          0.00    9.75   clock reconvergence pessimism
                         -2.00    7.75   output external delay
                                  7.75   data required time
-----------------------------------------------------------------------------
                                  7.75   data required time
                                 -1.42   data arrival time
-----------------------------------------------------------------------------
                                  6.33   slack (MET)



======================= Slowest Corner ===================================

Startpoint: rst (input port clocked by clk)
Endpoint: _0989_ (recovery check against rising-edge clock clk)
Path Group: asynchronous
Path Type: max
Corner: Slowest

Fanout     Cap    Slew   Delay    Time   Description
-----------------------------------------------------------------------------
                          0.00    0.00   clock clk (rise edge)
                          0.00    0.00   clock network delay (propagated)
                          2.00    2.00 v input external delay
                  0.02    0.01    2.01 v rst (in)
     1    0.00                           rst (net)
                  0.02    0.00    2.01 v input11/A (sky130_fd_sc_hd__dlymetal6s2s_1)
                  0.23    0.41    2.42 v input11/X (sky130_fd_sc_hd__dlymetal6s2s_1)
     2    0.02                           net11 (net)
                  0.23    0.00    2.42 v _0658_/A (sky130_fd_sc_hd__buf_4)
                  0.14    0.43    2.86 v _0658_/X (sky130_fd_sc_hd__buf_4)
    10    0.05                           _0313_ (net)
                  0.14    0.00    2.86 v _0659_/A (sky130_fd_sc_hd__clkbuf_8)
                  0.16    0.39    3.25 v _0659_/X (sky130_fd_sc_hd__clkbuf_8)
    10    0.08                           _0314_ (net)
                  0.16    0.00    3.25 v _0668_/A (sky130_fd_sc_hd__inv_2)
                  0.06    0.11    3.36 ^ _0668_/Y (sky130_fd_sc_hd__inv_2)
     1    0.00                           _0010_ (net)
                  0.06    0.00    3.36 ^ _0989_/RESET_B (sky130_fd_sc_hd__dfrtp_2)
                                  3.36   data arrival time

                         10.00   10.00   clock clk (rise edge)
                          0.00   10.00   clock source latency
                  0.21    0.13   10.13 ^ clk (in)
     1    0.03                           clk (net)
                  0.21    0.00   10.13 ^ clkbuf_0_clk/A (sky130_fd_sc_hd__clkbuf_16)
                  0.19    0.37   10.50 ^ clkbuf_0_clk/X (sky130_fd_sc_hd__clkbuf_16)
    16    0.11                           clknet_0_clk (net)
                  0.19    0.00   10.50 ^ clkbuf_4_7_0_clk/A (sky130_fd_sc_hd__clkbuf_8)
                  0.10    0.29   10.80 ^ clkbuf_4_7_0_clk/X (sky130_fd_sc_hd__clkbuf_8)
     7    0.03                           clknet_4_7_0_clk (net)
                  0.10    0.00   10.80 ^ _0989_/CLK (sky130_fd_sc_hd__dfrtp_2)
                         -0.25   10.55   clock uncertainty
                          0.00   10.55   clock reconvergence pessimism
                          0.46   11.00   library recovery time
                                 11.00   data required time
-----------------------------------------------------------------------------
                                 11.00   data required time
                                 -3.36   data arrival time
-----------------------------------------------------------------------------
                                  7.64   slack (MET)


Startpoint: _0996_ (rising edge-triggered flip-flop clocked by clk)
Endpoint: _0986_ (rising edge-triggered flip-flop clocked by clk)
Path Group: clk
Path Type: max
Corner: Slowest

Fanout     Cap    Slew   Delay    Time   Description
-----------------------------------------------------------------------------
                          0.00    0.00   clock clk (rise edge)
                          0.00    0.00   clock source latency
                  0.21    0.15    0.15 ^ clk (in)
     1    0.03                           clk (net)
                  0.21    0.00    0.15 ^ clkbuf_0_clk/A (sky130_fd_sc_hd__clkbuf_16)
                  0.19    0.41    0.56 ^ clkbuf_0_clk/X (sky130_fd_sc_hd__clkbuf_16)
    16    0.11                           clknet_0_clk (net)
                  0.19    0.00    0.56 ^ clkbuf_4_13_0_clk/A (sky130_fd_sc_hd__clkbuf_8)
                  0.10    0.32    0.88 ^ clkbuf_4_13_0_clk/X (sky130_fd_sc_hd__clkbuf_8)
     7    0.03                           clknet_4_13_0_clk (net)
                  0.10    0.00    0.88 ^ _0996_/CLK (sky130_fd_sc_hd__dfrtp_4)
                  0.18    1.15    2.03 v _0996_/Q (sky130_fd_sc_hd__dfrtp_4)
    10    0.03                           tail[1] (net)
                  0.18    0.00    2.03 v _0530_/D_N (sky130_fd_sc_hd__nor4b_1)
                  0.09    0.38    2.41 v _0530_/Y (sky130_fd_sc_hd__nor4b_1)
     1    0.01                           _0198_ (net)
                  0.09    0.00    2.41 v wire4/A (sky130_fd_sc_hd__dlymetal6s2s_1)
                  0.17    0.40    2.81 v wire4/X (sky130_fd_sc_hd__dlymetal6s2s_1)
     4    0.02                           net166 (net)
                  0.17    0.00    2.81 v wire27/A (sky130_fd_sc_hd__clkbuf_2)
                  0.19    0.37    3.18 v wire27/X (sky130_fd_sc_hd__clkbuf_2)
     5    0.03                           net27 (net)
                  0.19    0.00    3.18 v _0573_/A2 (sky130_fd_sc_hd__a221o_1)
                  0.10    0.73    3.90 v _0573_/X (sky130_fd_sc_hd__a221o_1)
     1    0.00                           _0239_ (net)
                  0.10    0.00    3.90 v _0577_/A (sky130_fd_sc_hd__or4_1)
                  0.31    1.49    5.39 v _0577_/X (sky130_fd_sc_hd__or4_1)
     1    0.01                           _0243_ (net)
                  0.31    0.00    5.39 v _0583_/A1 (sky130_fd_sc_hd__o31a_1)
                  0.14    0.75    6.14 v _0583_/X (sky130_fd_sc_hd__o31a_1)
     1    0.01                           _0249_ (net)
                  0.14    0.00    6.14 v _0584_/A1 (sky130_fd_sc_hd__mux2_1)
                  0.11    0.71    6.85 v _0584_/X (sky130_fd_sc_hd__mux2_1)
     1    0.00                           _0250_ (net)
                  0.11    0.00    6.85 v _0585_/A (sky130_fd_sc_hd__clkbuf_1)
                  0.05    0.18    7.03 v _0585_/X (sky130_fd_sc_hd__clkbuf_1)
     1    0.00                           _0026_ (net)
                  0.05    0.00    7.03 v _0986_/D (sky130_fd_sc_hd__dfrtp_1)
                                  7.03   data arrival time

                         10.00   10.00   clock clk (rise edge)
                          0.00   10.00   clock source latency
                  0.21    0.13   10.13 ^ clk (in)
     1    0.03                           clk (net)
                  0.21    0.00   10.13 ^ clkbuf_0_clk/A (sky130_fd_sc_hd__clkbuf_16)
                  0.19    0.37   10.50 ^ clkbuf_0_clk/X (sky130_fd_sc_hd__clkbuf_16)
    16    0.11                           clknet_0_clk (net)
                  0.19    0.00   10.50 ^ clkbuf_4_0_0_clk/A (sky130_fd_sc_hd__clkbuf_8)
                  0.13    0.31   10.82 ^ clkbuf_4_0_0_clk/X (sky130_fd_sc_hd__clkbuf_8)
    13    0.04                           clknet_4_0_0_clk (net)
                  0.13    0.00   10.82 ^ _0986_/CLK (sky130_fd_sc_hd__dfrtp_1)
                         -0.25   10.57   clock uncertainty
                          0.05   10.62   clock reconvergence pessimism
                         -0.25   10.37   library setup time
                                 10.37   data required time
-----------------------------------------------------------------------------
                                 10.37   data required time
                                 -7.03   data arrival time
-----------------------------------------------------------------------------
                                  3.34   slack (MET)



======================= Typical Corner ===================================

Startpoint: rst (input port clocked by clk)
Endpoint: _0989_ (recovery check against rising-edge clock clk)
Path Group: asynchronous
Path Type: max
Corner: Typical

Fanout     Cap    Slew   Delay    Time   Description
-----------------------------------------------------------------------------
                          0.00    0.00   clock clk (rise edge)
                          0.00    0.00   clock network delay (propagated)
                          2.00    2.00 v input external delay
                  0.01    0.00    2.00 v rst (in)
     1    0.00                           rst (net)
                  0.01    0.00    2.00 v input11/A (sky130_fd_sc_hd__dlymetal6s2s_1)
                  0.12    0.20    2.21 v input11/X (sky130_fd_sc_hd__dlymetal6s2s_1)
     2    0.02                           net11 (net)
                  0.12    0.00    2.21 v _0658_/A (sky130_fd_sc_hd__buf_4)
                  0.08    0.23    2.44 v _0658_/X (sky130_fd_sc_hd__buf_4)
    10    0.05                           _0313_ (net)
                  0.08    0.00    2.44 v _0659_/A (sky130_fd_sc_hd__clkbuf_8)
                  0.09    0.22    2.66 v _0659_/X (sky130_fd_sc_hd__clkbuf_8)
    10    0.08                           _0314_ (net)
                  0.09    0.00    2.66 v _0668_/A (sky130_fd_sc_hd__inv_2)
                  0.04    0.07    2.73 ^ _0668_/Y (sky130_fd_sc_hd__inv_2)
     1    0.00                           _0010_ (net)
                  0.04    0.00    2.73 ^ _0989_/RESET_B (sky130_fd_sc_hd__dfrtp_2)
                                  2.73   data arrival time

                         10.00   10.00   clock clk (rise edge)
                          0.00   10.00   clock source latency
                  0.13    0.09   10.09 ^ clk (in)
     1    0.03                           clk (net)
                  0.13    0.00   10.09 ^ clkbuf_0_clk/A (sky130_fd_sc_hd__clkbuf_16)
                  0.12    0.21   10.30 ^ clkbuf_0_clk/X (sky130_fd_sc_hd__clkbuf_16)
    16    0.11                           clknet_0_clk (net)
                  0.12    0.00   10.30 ^ clkbuf_4_7_0_clk/A (sky130_fd_sc_hd__clkbuf_8)
                  0.06    0.16   10.46 ^ clkbuf_4_7_0_clk/X (sky130_fd_sc_hd__clkbuf_8)
     7    0.03                           clknet_4_7_0_clk (net)
                  0.06    0.00   10.46 ^ _0989_/CLK (sky130_fd_sc_hd__dfrtp_2)
                         -0.25   10.21   clock uncertainty
                          0.00   10.21   clock reconvergence pessimism
                          0.23   10.44   library recovery time
                                 10.44   data required time
-----------------------------------------------------------------------------
                                 10.44   data required time
                                 -2.73   data arrival time
-----------------------------------------------------------------------------
                                  7.71   slack (MET)


Startpoint: _0996_ (rising edge-triggered flip-flop clocked by clk)
Endpoint: full (output port clocked by clk)
Path Group: clk
Path Type: max
Corner: Typical

Fanout     Cap    Slew   Delay    Time   Description
-----------------------------------------------------------------------------
                          0.00    0.00   clock clk (rise edge)
                          0.00    0.00   clock source latency
                  0.13    0.10    0.10 ^ clk (in)
     1    0.03                           clk (net)
                  0.13    0.00    0.10 ^ clkbuf_0_clk/A (sky130_fd_sc_hd__clkbuf_16)
                  0.12    0.24    0.33 ^ clkbuf_0_clk/X (sky130_fd_sc_hd__clkbuf_16)
    16    0.11                           clknet_0_clk (net)
                  0.12    0.00    0.33 ^ clkbuf_4_13_0_clk/A (sky130_fd_sc_hd__clkbuf_8)
                  0.06    0.18    0.51 ^ clkbuf_4_13_0_clk/X (sky130_fd_sc_hd__clkbuf_8)
     7    0.03                           clknet_4_13_0_clk (net)
                  0.06    0.00    0.51 ^ _0996_/CLK (sky130_fd_sc_hd__dfrtp_4)
                  0.09    0.55    1.06 v _0996_/Q (sky130_fd_sc_hd__dfrtp_4)
    10    0.03                           tail[1] (net)
                  0.09    0.00    1.06 v _0491_/A (sky130_fd_sc_hd__xnor2_1)
                  0.10    0.16    1.22 ^ _0491_/Y (sky130_fd_sc_hd__xnor2_1)
     1    0.00                           _0168_ (net)
                  0.10    0.00    1.22 ^ _0493_/C (sky130_fd_sc_hd__and4_2)
                  0.16    0.34    1.56 ^ _0493_/X (sky130_fd_sc_hd__and4_2)
     5    0.03                           _0170_ (net)
                  0.16    0.00    1.57 ^ _0652_/A (sky130_fd_sc_hd__and2_1)
                  0.05    0.15    1.72 ^ _0652_/X (sky130_fd_sc_hd__and2_1)
     1    0.00                           _0311_ (net)
                  0.05    0.00    1.72 ^ _0653_/A (sky130_fd_sc_hd__clkbuf_2)
                  0.18    0.21    1.93 ^ _0653_/X (sky130_fd_sc_hd__clkbuf_2)
     2    0.03                           net22 (net)
                  0.18    0.00    1.93 ^ output22/A (sky130_fd_sc_hd__clkbuf_4)
                  0.11    0.25    2.18 ^ output22/X (sky130_fd_sc_hd__clkbuf_4)
     1    0.03                           full (net)
                  0.11    0.00    2.18 ^ full (out)
                                  2.18   data arrival time

                         10.00   10.00   clock clk (rise edge)
                          0.00   10.00   clock network delay (propagated)
                         -0.25    9.75   clock uncertainty
                          0.00    9.75   clock reconvergence pessimism
                         -2.00    7.75   output external delay
                                  7.75   data required time
-----------------------------------------------------------------------------
                                  7.75   data required time
                                 -2.18   data arrival time
-----------------------------------------------------------------------------
                                  5.57   slack (MET)




===========================================================================
report_checks --slack_max -0.01
============================================================================
======================= Fastest Corner ===================================

No paths found.

======================= Slowest Corner ===================================

No paths found.

======================= Typical Corner ===================================

No paths found.


===========================================================================
 report_check_types -max_slew -max_cap -max_fanout -violators
============================================================================
======================= Fastest Corner ===================================

max fanout

Pin                                   Limit Fanout  Slack
---------------------------------------------------------
clkbuf_0_clk/X                           10     16     -6 (VIOLATED)
clkbuf_4_0_0_clk/X                       10     13     -3 (VIOLATED)
clkbuf_4_1_0_clk/X                       10     12     -2 (VIOLATED)
clkbuf_4_2_0_clk/X                       10     12     -2 (VIOLATED)
clkbuf_4_5_0_clk/X                       10     12     -2 (VIOLATED)


======================= Slowest Corner ===================================

max slew

Pin                                    Limit    Slew   Slack
------------------------------------------------------------
_0549_/Y                                0.75    0.81   -0.06 (VIOLATED)
_0554_/A2                               0.75    0.81   -0.06 (VIOLATED)
_0568_/A2                               0.75    0.81   -0.06 (VIOLATED)
max_cap23/A                             0.75    0.81   -0.06 (VIOLATED)

max fanout

Pin                                   Limit Fanout  Slack
---------------------------------------------------------
clkbuf_0_clk/X                           10     16     -6 (VIOLATED)
clkbuf_4_0_0_clk/X                       10     13     -3 (VIOLATED)
clkbuf_4_1_0_clk/X                       10     12     -2 (VIOLATED)
clkbuf_4_2_0_clk/X                       10     12     -2 (VIOLATED)
clkbuf_4_5_0_clk/X                       10     12     -2 (VIOLATED)


======================= Typical Corner ===================================

max fanout

Pin                                   Limit Fanout  Slack
---------------------------------------------------------
clkbuf_0_clk/X                           10     16     -6 (VIOLATED)
clkbuf_4_0_0_clk/X                       10     13     -3 (VIOLATED)
clkbuf_4_1_0_clk/X                       10     12     -2 (VIOLATED)
clkbuf_4_2_0_clk/X                       10     12     -2 (VIOLATED)
clkbuf_4_5_0_clk/X                       10     12     -2 (VIOLATED)



===========================================================================
report_parasitic_annotation -report_unannotated
============================================================================
Found 0 unannotated drivers.
Found 0 partially unannotated drivers.

===========================================================================
max slew violation count 4
max fanout violation count 5
max cap violation count 0
============================================================================

===========================================================================
check_setup -verbose -unconstrained_endpoints -multiple_clock -no_clock -no_input_delay -loops -generated_clocks
===========================================================================
