
===========================================================================
 report_power
============================================================================
======================= Fastest Corner ===================================

Group                  Internal  Switching    Leakage      Total
                          Power      Power      Power      Power (Watts)
----------------------------------------------------------------
Sequential             1.04e-03   2.11e-04   9.46e-08   1.26e-03  38.1%
Combinational          1.20e-03   8.42e-04   8.43e-09   2.04e-03  61.9%
Macro                  0.00e+00   0.00e+00   0.00e+00   0.00e+00   0.0%
Pad                    0.00e+00   0.00e+00   0.00e+00   0.00e+00   0.0%
----------------------------------------------------------------
Total                  2.24e-03   1.05e-03   1.03e-07   3.30e-03 100.0%
                          68.0%      32.0%       0.0%

======================= Slowest Corner ===================================

Group                  Internal  Switching    Leakage      Total
                          Power      Power      Power      Power (Watts)
----------------------------------------------------------------
Sequential             7.15e-04   1.37e-04   2.25e-06   8.54e-04  37.9%
Combinational          8.54e-04   5.44e-04   3.68e-06   1.40e-03  62.1%
Macro                  0.00e+00   0.00e+00   0.00e+00   0.00e+00   0.0%
Pad                    0.00e+00   0.00e+00   0.00e+00   0.00e+00   0.0%
----------------------------------------------------------------
Total                  1.57e-03   6.82e-04   5.92e-06   2.26e-03 100.0%
                          69.5%      30.2%       0.3%

======================= Typical Corner ===================================

Group                  Internal  Switching    Leakage      Total
                          Power      Power      Power      Power (Watts)
----------------------------------------------------------------
Sequential             9.07e-04   1.76e-04   9.37e-08   1.08e-03  38.0%
Combinational          1.06e-03   7.04e-04   4.37e-09   1.76e-03  62.0%
Macro                  0.00e+00   0.00e+00   0.00e+00   0.00e+00   0.0%
Pad                    0.00e+00   0.00e+00   0.00e+00   0.00e+00   0.0%
----------------------------------------------------------------
Total                  1.97e-03   8.81e-04   9.81e-08   2.85e-03 100.0%
                          69.1%      30.9%       0.0%

