
===========================================================================
 report_power
============================================================================
======================= Fastest Corner ===================================

Group                  Internal  Switching    Leakage      Total
                          Power      Power      Power      Power (Watts)
----------------------------------------------------------------
Sequential             1.04e-03   2.26e-04   9.46e-08   1.27e-03  37.6%
Combinational          1.20e-03   9.09e-04   8.43e-09   2.11e-03  62.4%
Macro                  0.00e+00   0.00e+00   0.00e+00   0.00e+00   0.0%
Pad                    0.00e+00   0.00e+00   0.00e+00   0.00e+00   0.0%
----------------------------------------------------------------
Total                  2.24e-03   1.13e-03   1.03e-07   3.38e-03 100.0%
                          66.4%      33.6%       0.0%

======================= Slowest Corner ===================================

Group                  Internal  Switching    Leakage      Total
                          Power      Power      Power      Power (Watts)
----------------------------------------------------------------
Sequential             7.14e-04   1.47e-04   2.25e-06   8.63e-04  37.3%
Combinational          8.56e-04   5.89e-04   3.68e-06   1.45e-03  62.7%
Macro                  0.00e+00   0.00e+00   0.00e+00   0.00e+00   0.0%
Pad                    0.00e+00   0.00e+00   0.00e+00   0.00e+00   0.0%
----------------------------------------------------------------
Total                  1.57e-03   7.36e-04   5.92e-06   2.31e-03 100.0%
                          67.9%      31.8%       0.3%

======================= Typical Corner ===================================

Group                  Internal  Switching    Leakage      Total
                          Power      Power      Power      Power (Watts)
----------------------------------------------------------------
Sequential             9.06e-04   1.88e-04   9.37e-08   1.09e-03  37.5%
Combinational          1.06e-03   7.61e-04   4.37e-09   1.82e-03  62.5%
Macro                  0.00e+00   0.00e+00   0.00e+00   0.00e+00   0.0%
Pad                    0.00e+00   0.00e+00   0.00e+00   0.00e+00   0.0%
----------------------------------------------------------------
Total                  1.97e-03   9.50e-04   9.81e-08   2.92e-03 100.0%
                          67.4%      32.6%       0.0%

