
===========================================================================
report_checks -unconstrained
===========================================================================
======================= Fastest Corner ===================================

Startpoint: rst (input port clocked by clk)
Endpoint: _0989_ (recovery check against rising-edge clock clk)
Path Group: asynchronous
Path Type: max
Corner: Fastest

Fanout     Cap    Slew   Delay    Time   Description
-----------------------------------------------------------------------------
                          0.00    0.00   clock clk (rise edge)
                          0.00    0.00   clock network delay (propagated)
                          2.00    2.00 v input external delay
                  0.00    0.00    2.00 v rst (in)
     1    0.00                           rst (net)
                  0.00    0.00    2.00 v input11/A (sky130_fd_sc_hd__dlymetal6s2s_1)
                  0.09    0.14    2.14 v input11/X (sky130_fd_sc_hd__dlymetal6s2s_1)
     2    0.03                           net11 (net)
                  0.09    0.00    2.15 v _0658_/A (sky130_fd_sc_hd__buf_4)
                  0.06    0.16    2.31 v _0658_/X (sky130_fd_sc_hd__buf_4)
    10    0.06                           _0313_ (net)
                  0.06    0.01    2.31 v _0659_/A (sky130_fd_sc_hd__clkbuf_8)
                  0.08    0.14    2.46 v _0659_/X (sky130_fd_sc_hd__clkbuf_8)
    10    0.08                           _0314_ (net)
                  0.08    0.01    2.46 v _0668_/A (sky130_fd_sc_hd__inv_2)
                  0.03    0.05    2.51 ^ _0668_/Y (sky130_fd_sc_hd__inv_2)
     1    0.00                           _0010_ (net)
                  0.03    0.00    2.51 ^ _0989_/RESET_B (sky130_fd_sc_hd__dfrtp_2)
                                  2.51   data arrival time

                         10.00   10.00   clock clk (rise edge)
                          0.00   10.00   clock source latency
                  0.11    0.07   10.07 ^ clk (in)
     1    0.03                           clk (net)
                  0.11    0.00   10.07 ^ clkbuf_0_clk/A (sky130_fd_sc_hd__clkbuf_16)
                  0.10    0.15   10.22 ^ clkbuf_0_clk/X (sky130_fd_sc_hd__clkbuf_16)
    16    0.12                           clknet_0_clk (net)
                  0.10    0.01   10.23 ^ clkbuf_4_7_0_clk/A (sky130_fd_sc_hd__clkbuf_8)
                  0.05    0.11   10.34 ^ clkbuf_4_7_0_clk/X (sky130_fd_sc_hd__clkbuf_8)
     7    0.03                           clknet_4_7_0_clk (net)
                  0.05    0.00   10.34 ^ _0989_/CLK (sky130_fd_sc_hd__dfrtp_2)
                         -0.25   10.09   clock uncertainty
                          0.00   10.09   clock reconvergence pessimism
                          0.14   10.23   library recovery time
                                 10.23   data required time
-----------------------------------------------------------------------------
                                 10.23   data required time
                                 -2.51   data arrival time
-----------------------------------------------------------------------------
                                  7.71   slack (MET)


Startpoint: _0998_ (rising edge-triggered flip-flop clocked by clk)
Endpoint: full (output port clocked by clk)
Path Group: clk
Path Type: max
Corner: Fastest

Fanout     Cap    Slew   Delay    Time   Description
-----------------------------------------------------------------------------
                          0.00    0.00   clock clk (rise edge)
                          0.00    0.00   clock source latency
                  0.11    0.08    0.08 ^ clk (in)
     1    0.03                           clk (net)
                  0.11    0.00    0.08 ^ clkbuf_0_clk/A (sky130_fd_sc_hd__clkbuf_16)
                  0.10    0.16    0.24 ^ clkbuf_0_clk/X (sky130_fd_sc_hd__clkbuf_16)
    16    0.12                           clknet_0_clk (net)
                  0.10    0.01    0.25 ^ clkbuf_4_7_0_clk/A (sky130_fd_sc_hd__clkbuf_8)
                  0.05    0.12    0.37 ^ clkbuf_4_7_0_clk/X (sky130_fd_sc_hd__clkbuf_8)
     7    0.03                           clknet_4_7_0_clk (net)
                  0.05    0.00    0.37 ^ _0998_/CLK (sky130_fd_sc_hd__dfrtp_4)
                  0.07    0.35    0.72 v _0998_/Q (sky130_fd_sc_hd__dfrtp_4)
    10    0.03                           tail[3] (net)
                  0.07    0.00    0.73 v _0490_/A (sky130_fd_sc_hd__xnor2_1)
                  0.07    0.11    0.84 ^ _0490_/Y (sky130_fd_sc_hd__xnor2_1)
     1    0.00                           _0167_ (net)
                  0.07    0.00    0.84 ^ _0493_/B (sky130_fd_sc_hd__and4_2)
                  0.12    0.21    1.05 ^ _0493_/X (sky130_fd_sc_hd__and4_2)
     5    0.03                           _0170_ (net)
                  0.12    0.00    1.05 ^ _0652_/A (sky130_fd_sc_hd__and2_1)
                  0.03    0.09    1.14 ^ _0652_/X (sky130_fd_sc_hd__and2_1)
     1    0.00                           _0311_ (net)
                  0.03    0.00    1.14 ^ _0653_/A (sky130_fd_sc_hd__clkbuf_2)
                  0.15    0.15    1.30 ^ _0653_/X (sky130_fd_sc_hd__clkbuf_2)
     2    0.03                           net22 (net)
                  0.15    0.00    1.30 ^ output22/A (sky130_fd_sc_hd__clkbuf_4)
                  0.09    0.16    1.46 ^ output22/X (sky130_fd_sc_hd__clkbuf_4)
     1    0.03                           full (net)
                  0.09    0.00    1.47 ^ full (out)
                                  1.47   data arrival time

                         10.00   10.00   clock clk (rise edge)
                          0.00   10.00   clock network delay (propagated)
                         -0.25    9.75   clock uncertainty
                          0.00    9.75   clock reconvergence pessimism
                         -2.00    7.75   output external delay
                                  7.75   data required time
-----------------------------------------------------------------------------
                                  7.75   data required time
                                 -1.47   data arrival time
-----------------------------------------------------------------------------
                                  6.28   slack (MET)



======================= Slowest Corner ===================================

Startpoint: rst (input port clocked by clk)
Endpoint: _0989_ (recovery check against rising-edge clock clk)
Path Group: asynchronous
Path Type: max
Corner: Slowest

Fanout     Cap    Slew   Delay    Time   Description
-----------------------------------------------------------------------------
                          0.00    0.00   clock clk (rise edge)
                          0.00    0.00   clock network delay (propagated)
                          2.00    2.00 v input external delay
                  0.02    0.01    2.01 v rst (in)
     1    0.00                           rst (net)
                  0.02    0.00    2.01 v input11/A (sky130_fd_sc_hd__dlymetal6s2s_1)
                  0.26    0.44    2.44 v input11/X (sky130_fd_sc_hd__dlymetal6s2s_1)
     2    0.03                           net11 (net)
                  0.26    0.00    2.45 v _0658_/A (sky130_fd_sc_hd__buf_4)
                  0.15    0.45    2.90 v _0658_/X (sky130_fd_sc_hd__buf_4)
    10    0.06                           _0313_ (net)
                  0.15    0.01    2.90 v _0659_/A (sky130_fd_sc_hd__clkbuf_8)
                  0.17    0.39    3.30 v _0659_/X (sky130_fd_sc_hd__clkbuf_8)
    10    0.08                           _0314_ (net)
                  0.17    0.01    3.31 v _0668_/A (sky130_fd_sc_hd__inv_2)
                  0.07    0.12    3.43 ^ _0668_/Y (sky130_fd_sc_hd__inv_2)
     1    0.00                           _0010_ (net)
                  0.07    0.00    3.43 ^ _0989_/RESET_B (sky130_fd_sc_hd__dfrtp_2)
                                  3.43   data arrival time

                         10.00   10.00   clock clk (rise edge)
                          0.00   10.00   clock source latency
                  0.22    0.15   10.15 ^ clk (in)
     1    0.03                           clk (net)
                  0.22    0.00   10.15 ^ clkbuf_0_clk/A (sky130_fd_sc_hd__clkbuf_16)
                  0.20    0.38   10.52 ^ clkbuf_0_clk/X (sky130_fd_sc_hd__clkbuf_16)
    16    0.12                           clknet_0_clk (net)
                  0.20    0.01   10.53 ^ clkbuf_4_7_0_clk/A (sky130_fd_sc_hd__clkbuf_8)
                  0.11    0.30   10.83 ^ clkbuf_4_7_0_clk/X (sky130_fd_sc_hd__clkbuf_8)
     7    0.03                           clknet_4_7_0_clk (net)
                  0.11    0.00   10.84 ^ _0989_/CLK (sky130_fd_sc_hd__dfrtp_2)
                         -0.25   10.59   clock uncertainty
                          0.00   10.59   clock reconvergence pessimism
                          0.46   11.05   library recovery time
                                 11.05   data required time
-----------------------------------------------------------------------------
                                 11.05   data required time
                                 -3.43   data arrival time
-----------------------------------------------------------------------------
                                  7.62   slack (MET)


Startpoint: _0996_ (rising edge-triggered flip-flop clocked by clk)
Endpoint: _0986_ (rising edge-triggered flip-flop clocked by clk)
Path Group: clk
Path Type: max
Corner: Slowest

Fanout     Cap    Slew   Delay    Time   Description
-----------------------------------------------------------------------------
                          0.00    0.00   clock clk (rise edge)
                          0.00    0.00   clock source latency
                  0.22    0.16    0.16 ^ clk (in)
     1    0.03                           clk (net)
                  0.22    0.00    0.16 ^ clkbuf_0_clk/A (sky130_fd_sc_hd__clkbuf_16)
                  0.20    0.42    0.58 ^ clkbuf_0_clk/X (sky130_fd_sc_hd__clkbuf_16)
    16    0.12                           clknet_0_clk (net)
                  0.20    0.01    0.59 ^ clkbuf_4_13_0_clk/A (sky130_fd_sc_hd__clkbuf_8)
                  0.11    0.33    0.92 ^ clkbuf_4_13_0_clk/X (sky130_fd_sc_hd__clkbuf_8)
     7    0.03                           clknet_4_13_0_clk (net)
                  0.11    0.00    0.92 ^ _0996_/CLK (sky130_fd_sc_hd__dfrtp_4)
                  0.18    1.16    2.08 v _0996_/Q (sky130_fd_sc_hd__dfrtp_4)
    10    0.03                           tail[1] (net)
                  0.18    0.00    2.08 v _0530_/D_N (sky130_fd_sc_hd__nor4b_1)
                  0.10    0.39    2.47 v _0530_/Y (sky130_fd_sc_hd__nor4b_1)
     1    0.01                           _0198_ (net)
                  0.10    0.00    2.47 v wire4/A (sky130_fd_sc_hd__dlymetal6s2s_1)
                  0.18    0.41    2.88 v wire4/X (sky130_fd_sc_hd__dlymetal6s2s_1)
     4    0.02                           net166 (net)
                  0.18    0.00    2.88 v wire27/A (sky130_fd_sc_hd__clkbuf_2)
                  0.21    0.39    3.27 v wire27/X (sky130_fd_sc_hd__clkbuf_2)
     5    0.03                           net27 (net)
                  0.21    0.00    3.27 v _0573_/A2 (sky130_fd_sc_hd__a221o_1)
                  0.11    0.75    4.02 v _0573_/X (sky130_fd_sc_hd__a221o_1)
     1    0.00                           _0239_ (net)
                  0.11    0.00    4.02 v _0577_/A (sky130_fd_sc_hd__or4_1)
                  0.33    1.51    5.53 v _0577_/X (sky130_fd_sc_hd__or4_1)
     1    0.02                           _0243_ (net)
                  0.33    0.00    5.54 v _0583_/A1 (sky130_fd_sc_hd__o31a_1)
                  0.16    0.77    6.31 v _0583_/X (sky130_fd_sc_hd__o31a_1)
     1    0.01                           _0249_ (net)
                  0.16    0.00    6.31 v _0584_/A1 (sky130_fd_sc_hd__mux2_1)
                  0.11    0.72    7.02 v _0584_/X (sky130_fd_sc_hd__mux2_1)
     1    0.00                           _0250_ (net)
                  0.11    0.00    7.02 v _0585_/A (sky130_fd_sc_hd__clkbuf_1)
                  0.04    0.18    7.21 v _0585_/X (sky130_fd_sc_hd__clkbuf_1)
     1    0.00                           _0026_ (net)
                  0.04    0.00    7.21 v _0986_/D (sky130_fd_sc_hd__dfrtp_1)
                                  7.21   data arrival time

                         10.00   10.00   clock clk (rise edge)
                          0.00   10.00   clock source latency
                  0.22    0.15   10.15 ^ clk (in)
     1    0.03                           clk (net)
                  0.22    0.00   10.15 ^ clkbuf_0_clk/A (sky130_fd_sc_hd__clkbuf_16)
                  0.20    0.38   10.52 ^ clkbuf_0_clk/X (sky130_fd_sc_hd__clkbuf_16)
    16    0.12                           clknet_0_clk (net)
                  0.20    0.01   10.53 ^ clkbuf_4_0_0_clk/A (sky130_fd_sc_hd__clkbuf_8)
                  0.14    0.32   10.86 ^ clkbuf_4_0_0_clk/X (sky130_fd_sc_hd__clkbuf_8)
    13    0.04                           clknet_4_0_0_clk (net)
                  0.14    0.00   10.86 ^ _0986_/CLK (sky130_fd_sc_hd__dfrtp_1)
                         -0.25   10.61   clock uncertainty
                          0.06   10.66   clock reconvergence pessimism
                         -0.25   10.42   library setup time
                                 10.42   data required time
-----------------------------------------------------------------------------
                                 10.42   data required time
                                 -7.21   data arrival time
-----------------------------------------------------------------------------
                                  3.21   slack (MET)



======================= Typical Corner ===================================

Startpoint: rst (input port clocked by clk)
Endpoint: _0989_ (recovery check against rising-edge clock clk)
Path Group: asynchronous
Path Type: max
Corner: Typical

Fanout     Cap    Slew   Delay    Time   Description
-----------------------------------------------------------------------------
                          0.00    0.00   clock clk (rise edge)
                          0.00    0.00   clock network delay (propagated)
                          2.00    2.00 v input external delay
                  0.01    0.00    2.00 v rst (in)
     1    0.00                           rst (net)
                  0.01    0.00    2.00 v input11/A (sky130_fd_sc_hd__dlymetal6s2s_1)
                  0.13    0.21    2.22 v input11/X (sky130_fd_sc_hd__dlymetal6s2s_1)
     2    0.03                           net11 (net)
                  0.13    0.00    2.22 v _0658_/A (sky130_fd_sc_hd__buf_4)
                  0.08    0.24    2.46 v _0658_/X (sky130_fd_sc_hd__buf_4)
    10    0.06                           _0313_ (net)
                  0.08    0.01    2.47 v _0659_/A (sky130_fd_sc_hd__clkbuf_8)
                  0.10    0.22    2.68 v _0659_/X (sky130_fd_sc_hd__clkbuf_8)
    10    0.08                           _0314_ (net)
                  0.10    0.01    2.69 v _0668_/A (sky130_fd_sc_hd__inv_2)
                  0.04    0.07    2.76 ^ _0668_/Y (sky130_fd_sc_hd__inv_2)
     1    0.00                           _0010_ (net)
                  0.04    0.00    2.76 ^ _0989_/RESET_B (sky130_fd_sc_hd__dfrtp_2)
                                  2.76   data arrival time

                         10.00   10.00   clock clk (rise edge)
                          0.00   10.00   clock source latency
                  0.14    0.09   10.09 ^ clk (in)
     1    0.03                           clk (net)
                  0.14    0.00   10.09 ^ clkbuf_0_clk/A (sky130_fd_sc_hd__clkbuf_16)
                  0.13    0.22   10.31 ^ clkbuf_0_clk/X (sky130_fd_sc_hd__clkbuf_16)
    16    0.12                           clknet_0_clk (net)
                  0.13    0.01   10.32 ^ clkbuf_4_7_0_clk/A (sky130_fd_sc_hd__clkbuf_8)
                  0.07    0.17   10.49 ^ clkbuf_4_7_0_clk/X (sky130_fd_sc_hd__clkbuf_8)
     7    0.03                           clknet_4_7_0_clk (net)
                  0.07    0.00   10.49 ^ _0989_/CLK (sky130_fd_sc_hd__dfrtp_2)
                         -0.25   10.24   clock uncertainty
                          0.00   10.24   clock reconvergence pessimism
                          0.23   10.47   library recovery time
                                 10.47   data required time
-----------------------------------------------------------------------------
                                 10.47   data required time
                                 -2.76   data arrival time
-----------------------------------------------------------------------------
                                  7.70   slack (MET)


Startpoint: _0996_ (rising edge-triggered flip-flop clocked by clk)
Endpoint: full (output port clocked by clk)
Path Group: clk
Path Type: max
Corner: Typical

Fanout     Cap    Slew   Delay    Time   Description
-----------------------------------------------------------------------------
                          0.00    0.00   clock clk (rise edge)
                          0.00    0.00   clock source latency
                  0.14    0.10    0.10 ^ clk (in)
     1    0.03                           clk (net)
                  0.14    0.00    0.10 ^ clkbuf_0_clk/A (sky130_fd_sc_hd__clkbuf_16)
                  0.13    0.24    0.34 ^ clkbuf_0_clk/X (sky130_fd_sc_hd__clkbuf_16)
    16    0.12                           clknet_0_clk (net)
                  0.13    0.01    0.35 ^ clkbuf_4_13_0_clk/A (sky130_fd_sc_hd__clkbuf_8)
                  0.07    0.18    0.53 ^ clkbuf_4_13_0_clk/X (sky130_fd_sc_hd__clkbuf_8)
     7    0.03                           clknet_4_13_0_clk (net)
                  0.07    0.00    0.53 ^ _0996_/CLK (sky130_fd_sc_hd__dfrtp_4)
                  0.10    0.56    1.09 v _0996_/Q (sky130_fd_sc_hd__dfrtp_4)
    10    0.03                           tail[1] (net)
                  0.10    0.00    1.09 v _0491_/A (sky130_fd_sc_hd__xnor2_1)
                  0.10    0.16    1.25 ^ _0491_/Y (sky130_fd_sc_hd__xnor2_1)
     1    0.00                           _0168_ (net)
                  0.10    0.00    1.25 ^ _0493_/C (sky130_fd_sc_hd__and4_2)
                  0.17    0.35    1.61 ^ _0493_/X (sky130_fd_sc_hd__and4_2)
     5    0.03                           _0170_ (net)
                  0.17    0.00    1.61 ^ _0652_/A (sky130_fd_sc_hd__and2_1)
                  0.05    0.15    1.76 ^ _0652_/X (sky130_fd_sc_hd__and2_1)
     1    0.00                           _0311_ (net)
                  0.05    0.00    1.76 ^ _0653_/A (sky130_fd_sc_hd__clkbuf_2)
                  0.19    0.22    1.98 ^ _0653_/X (sky130_fd_sc_hd__clkbuf_2)
     2    0.03                           net22 (net)
                  0.19    0.00    1.98 ^ output22/A (sky130_fd_sc_hd__clkbuf_4)
                  0.11    0.25    2.23 ^ output22/X (sky130_fd_sc_hd__clkbuf_4)
     1    0.03                           full (net)
                  0.11    0.00    2.23 ^ full (out)
                                  2.23   data arrival time

                         10.00   10.00   clock clk (rise edge)
                          0.00   10.00   clock network delay (propagated)
                         -0.25    9.75   clock uncertainty
                          0.00    9.75   clock reconvergence pessimism
                         -2.00    7.75   output external delay
                                  7.75   data required time
-----------------------------------------------------------------------------
                                  7.75   data required time
                                 -2.23   data arrival time
-----------------------------------------------------------------------------
                                  5.52   slack (MET)




===========================================================================
report_checks --slack_max -0.01
============================================================================
======================= Fastest Corner ===================================

No paths found.

======================= Slowest Corner ===================================

No paths found.

======================= Typical Corner ===================================

No paths found.


===========================================================================
 report_check_types -max_slew -max_cap -max_fanout -violators
============================================================================
======================= Fastest Corner ===================================

max fanout

Pin                                   Limit Fanout  Slack
---------------------------------------------------------
clkbuf_0_clk/X                           10     16     -6 (VIOLATED)
clkbuf_4_0_0_clk/X                       10     13     -3 (VIOLATED)
clkbuf_4_1_0_clk/X                       10     12     -2 (VIOLATED)
clkbuf_4_2_0_clk/X                       10     12     -2 (VIOLATED)
clkbuf_4_5_0_clk/X                       10     12     -2 (VIOLATED)


======================= Slowest Corner ===================================

max slew

Pin                                    Limit    Slew   Slack
------------------------------------------------------------
_0568_/A2                               0.75    0.91   -0.16 (VIOLATED)
_0554_/A2                               0.75    0.91   -0.16 (VIOLATED)
_0549_/Y                                0.75    0.91   -0.16 (VIOLATED)
max_cap23/A                             0.75    0.91   -0.16 (VIOLATED)

max fanout

Pin                                   Limit Fanout  Slack
---------------------------------------------------------
clkbuf_0_clk/X                           10     16     -6 (VIOLATED)
clkbuf_4_0_0_clk/X                       10     13     -3 (VIOLATED)
clkbuf_4_1_0_clk/X                       10     12     -2 (VIOLATED)
clkbuf_4_2_0_clk/X                       10     12     -2 (VIOLATED)
clkbuf_4_5_0_clk/X                       10     12     -2 (VIOLATED)


======================= Typical Corner ===================================

max fanout

Pin                                   Limit Fanout  Slack
---------------------------------------------------------
clkbuf_0_clk/X                           10     16     -6 (VIOLATED)
clkbuf_4_0_0_clk/X                       10     13     -3 (VIOLATED)
clkbuf_4_1_0_clk/X                       10     12     -2 (VIOLATED)
clkbuf_4_2_0_clk/X                       10     12     -2 (VIOLATED)
clkbuf_4_5_0_clk/X                       10     12     -2 (VIOLATED)



===========================================================================
report_parasitic_annotation -report_unannotated
============================================================================
Found 0 unannotated drivers.
Found 0 partially unannotated drivers.

===========================================================================
max slew violation count 4
max fanout violation count 5
max cap violation count 0
============================================================================

===========================================================================
check_setup -verbose -unconstrained_endpoints -multiple_clock -no_clock -no_input_delay -loops -generated_clocks
===========================================================================
