Instance name,  X location,  Y location,  Voltage 
FILLER_0_54_301, 145.54, 157.76, 0.000739536
FILLER_0_55_305, 145.54, 157.76, 0.000739536
FILLER_0_55_309, 145.54, 157.76, 0.000739536
FILLER_0_52_301, 145.54, 152.32, 0.000741543
FILLER_0_50_301, 145.54, 146.88, 0.000736918
FILLER_0_48_301, 145.54, 141.44, 0.000736729
_0796_, 145.54, 136, 0.000754834
_0701_, 145.54, 130.56, 0.000777631
FILLER_0_43_301, 145.54, 130.56, 0.000777631
FILLER_0_44_305, 145.54, 130.56, 0.000777631
hold51, 145.54, 125.12, 0.000745345
FILLER_0_42_298, 145.54, 125.12, 0.000745345
_0560_, 145.54, 119.68, 0.000758286
_0740_, 145.54, 119.68, 0.000758286
_0813_, 145.54, 119.68, 0.000758286
_0814_, 145.54, 119.68, 0.000758286
_0961_, 145.54, 119.68, 0.000758286
_1053_, 145.54, 119.68, 0.000758286
_0960_, 145.54, 114.24, 0.000764162
_1021_, 145.54, 114.24, 0.000764162
FILLER_0_38_303, 145.54, 114.24, 0.000764162
hold16, 145.54, 108.8, 0.000750289
hold85, 145.54, 108.8, 0.000750289
FILLER_0_35_299, 145.54, 108.8, 0.000750289
FILLER_0_36_302, 145.54, 108.8, 0.000750289
_0742_, 145.54, 103.36, 0.000729983
_0815_, 145.54, 103.36, 0.000729983
_1054_, 145.54, 103.36, 0.000729983
FILLER_0_33_299, 145.54, 103.36, 0.000729983
_0533_, 145.54, 97.92, 0.000713766
_1022_, 145.54, 97.92, 0.000713766
FILLER_0_32_295, 145.54, 97.92, 0.000713766
wire26, 145.54, 92.48, 0.000677637
hold53, 145.54, 92.48, 0.000677637
FILLER_0_29_299, 145.54, 92.48, 0.000677637
FILLER_0_30_305, 145.54, 92.48, 0.000677637
_0738_, 145.54, 87.04, 0.000709307
_1052_, 145.54, 87.04, 0.000709307
wire27, 145.54, 87.04, 0.000709307
hold41, 145.54, 87.04, 0.000709307
FILLER_0_28_297, 145.54, 87.04, 0.000709307
_0573_, 145.54, 81.6, 0.000724033
_1020_, 145.54, 81.6, 0.000724033
FILLER_0_26_296, 145.54, 81.6, 0.000724033
_0720_, 145.54, 76.16, 0.000757768
FILLER_0_24_300, 145.54, 76.16, 0.000757768
_0801_, 145.54, 70.72, 0.000743753
FILLER_0_22_301, 145.54, 70.72, 0.000743753
_0638_, 145.54, 65.28, 0.000822404
_0729_, 145.54, 65.28, 0.000822404
_1015_, 145.54, 65.28, 0.000822404
hold48, 145.54, 65.28, 0.000822404
_0728_, 145.54, 59.84, 0.000819485
FILLER_0_18_299, 145.54, 59.84, 0.000819485
hold70, 145.54, 54.4, 0.000820542
FILLER_0_15_302, 145.54, 54.4, 0.000820542
FILLER_0_16_302, 145.54, 54.4, 0.000820542
_0730_, 145.54, 48.96, 0.000849033
_0731_, 145.54, 48.96, 0.000849033
_1048_, 145.54, 48.96, 0.000849033
hold67, 145.54, 48.96, 0.000849033
FILLER_0_14_294, 145.54, 48.96, 0.000849033
_0686_, 145.54, 43.52, 0.000854223
_0804_, 145.54, 43.52, 0.000854223
_1016_, 145.54, 43.52, 0.000854223
_0949_, 145.54, 38.08, 0.000849674
FILLER_0_10_303, 145.54, 38.08, 0.000849674
FILLER_0_8_301, 145.54, 32.64, 0.000840091
FILLER_0_6_305, 145.54, 27.2, 0.000845634
FILLER_0_4_301, 145.54, 21.76, 0.000837942
FILLER_0_2_301, 145.54, 16.32, 0.000835689
input2, 145.54, 10.88, 0.000851739
FILLER_0_0_301, 145.54, 10.88, 0.000851739
FILLER_0_54_241, 115.54, 157.76, 0.000749739
FILLER_0_54_249, 115.54, 157.76, 0.000749739
FILLER_0_55_249, 115.54, 157.76, 0.000749739
FILLER_0_52_244, 115.54, 152.32, 0.000760684
FILLER_0_47_237, 115.54, 141.44, 0.000739102
FILLER_0_48_245, 115.54, 141.44, 0.000739102
_0923_, 115.54, 136, 0.000772453
_1101_, 115.54, 136, 0.000772453
FILLER_0_45_237, 115.54, 136, 0.000772453
FILLER_0_46_233, 115.54, 136, 0.000772453
_0851_, 115.54, 130.56, 0.00078192
_0869_, 115.54, 130.56, 0.00078192
_0922_, 115.54, 130.56, 0.00078192
_1077_, 115.54, 130.56, 0.00078192
FILLER_0_44_233, 115.54, 130.56, 0.00078192
FILLER_0_44_248, 115.54, 130.56, 0.00078192
_0868_, 115.54, 125.12, 0.000739875
FILLER_0_42_238, 115.54, 125.12, 0.000739875
max_cap2, 115.54, 119.68, 0.000744899
FILLER_0_39_237, 115.54, 119.68, 0.000744899
FILLER_0_40_234, 115.54, 119.68, 0.000744899
FILLER_0_40_247, 115.54, 119.68, 0.000744899
_0530_, 115.54, 114.24, 0.000792989
_0925_, 115.54, 114.24, 0.000792989
_1102_, 115.54, 114.24, 0.000792989
max_cap1, 115.54, 114.24, 0.000792989
FILLER_0_38_238, 115.54, 114.24, 0.000792989
FILLER_0_38_246, 115.54, 114.24, 0.000792989
FILLER_0_39_250, 115.54, 114.24, 0.000792989
_1078_, 115.54, 108.8, 0.000732532
FILLER_0_35_237, 115.54, 108.8, 0.000732532
_0542_, 115.54, 103.36, 0.000680797
_0871_, 115.54, 103.36, 0.000680797
FILLER_0_33_237, 115.54, 103.36, 0.000680797
FILLER_0_34_245, 115.54, 103.36, 0.000680797
_0853_, 115.54, 97.92, 0.000667513
_1070_, 115.54, 97.92, 0.000667513
hold98, 115.54, 97.92, 0.000667513
FILLER_0_32_238, 115.54, 97.92, 0.000667513
FILLER_0_32_246, 115.54, 97.92, 0.000667513
_0587_, 115.54, 92.48, 0.000634918
FILLER_0_30_242, 115.54, 92.48, 0.000634918
_0921_, 115.54, 87.04, 0.000655729
hold24, 115.54, 87.04, 0.000655729
FILLER_0_27_233, 115.54, 87.04, 0.000655729
FILLER_0_28_241, 115.54, 87.04, 0.000655729
FILLER_0_28_249, 115.54, 87.04, 0.000655729
_0956_, 115.54, 81.6, 0.000680313
_0957_, 115.54, 81.6, 0.000680313
FILLER_0_27_250, 115.54, 81.6, 0.000680313
_0576_, 115.54, 76.16, 0.000753562
_0866_, 115.54, 76.16, 0.000753562
_0920_, 115.54, 76.16, 0.000753562
_1044_, 115.54, 76.16, 0.000753562
hold22, 115.54, 76.16, 0.000753562
FILLER_0_24_229, 115.54, 76.16, 0.000753562
FILLER_0_24_249, 115.54, 76.16, 0.000753562
FILLER_0_22_248, 115.54, 70.72, 0.000737458
_0839_, 115.54, 65.28, 0.000804456
FILLER_0_19_230, 115.54, 65.28, 0.000804456
FILLER_0_19_238, 115.54, 65.28, 0.000804456
FILLER_0_20_241, 115.54, 65.28, 0.000804456
_0713_, 115.54, 59.84, 0.000853232
hold62, 115.54, 59.84, 0.000853232
FILLER_0_18_246, 115.54, 59.84, 0.000853232
FILLER_0_19_249, 115.54, 59.84, 0.000853232
_0613_, 115.54, 54.4, 0.000839213
hold30, 115.54, 54.4, 0.000839213
FILLER_0_16_242, 115.54, 54.4, 0.000839213
_0733_, 115.54, 48.96, 0.000844123
_0806_, 115.54, 48.96, 0.000844123
FILLER_0_14_235, 115.54, 48.96, 0.000844123
FILLER_0_14_248, 115.54, 48.96, 0.000844123
_0612_, 115.54, 43.52, 0.000871367
_0616_, 115.54, 43.52, 0.000871367
_1049_, 115.54, 43.52, 0.000871367
FILLER_0_12_230, 115.54, 43.52, 0.000871367
FILLER_0_12_239, 115.54, 43.52, 0.000871367
hold54, 115.54, 38.08, 0.000859343
FILLER_0_10_244, 115.54, 38.08, 0.000859343
_0859_, 115.54, 32.64, 0.000866296
FILLER_0_8_245, 115.54, 32.64, 0.000866296
_0913_, 115.54, 27.2, 0.000878167
_1096_, 115.54, 27.2, 0.000878167
FILLER_0_6_240, 115.54, 27.2, 0.000878167
FILLER_0_4_241, 115.54, 21.76, 0.000866229
FILLER_0_4_249, 115.54, 21.76, 0.000866229
FILLER_0_2_245, 115.54, 16.32, 0.000850523
output12, 115.54, 10.88, 0.000860735
FILLER_0_0_237, 115.54, 10.88, 0.000860735
FILLER_0_0_247, 115.54, 10.88, 0.000860735
FILLER_0_55_165, 85.54, 163.2, 0.000741994
_0523_, 85.54, 157.76, 0.000761851
_0673_, 85.54, 157.76, 0.000761851
_0526_, 85.54, 152.32, 0.000798638
_0527_, 85.54, 152.32, 0.000798638
_0659_, 85.54, 152.32, 0.000798638
hold131, 85.54, 152.32, 0.000798638
_0518_, 85.54, 146.88, 0.000774942
_0519_, 85.54, 146.88, 0.000774942
_0521_, 85.54, 146.88, 0.000774942
_0528_, 85.54, 146.88, 0.000774942
FILLER_0_50_174, 85.54, 146.88, 0.000774942
_0681_, 85.54, 141.44, 0.000750894
_0835_, 85.54, 141.44, 0.000750894
_0725_, 85.54, 136, 0.000759402
_0781_, 85.54, 136, 0.000759402
_0782_, 85.54, 136, 0.000759402
_0854_, 85.54, 136, 0.000759402
FILLER_0_46_171, 85.54, 136, 0.000759402
_0707_, 85.54, 130.56, 0.000740065
_0726_, 85.54, 130.56, 0.000740065
_0799_, 85.54, 130.56, 0.000740065
_0836_, 85.54, 130.56, 0.000740065
FILLER_0_41_165, 85.54, 125.12, 0.000717972
_0509_, 85.54, 119.68, 0.000722077
FILLER_0_40_183, 85.54, 119.68, 0.000722077
FILLER_0_41_181, 85.54, 119.68, 0.000722077
_0996_, 85.54, 114.24, 0.000765721
_0998_, 85.54, 114.24, 0.000765721
_0995_, 85.54, 108.8, 0.000679196
FILLER_0_35_169, 85.54, 108.8, 0.000679196
FILLER_0_36_166, 85.54, 108.8, 0.000679196
_0677_, 85.54, 103.36, 0.000607503
_0919_, 85.54, 97.92, 0.000564336
FILLER_0_31_169, 85.54, 97.92, 0.000564336
FILLER_0_32_181, 85.54, 97.92, 0.000564336
_0695_, 85.54, 92.48, 0.000557335
_0918_, 85.54, 92.48, 0.000557335
_0955_, 85.54, 92.48, 0.000557335
_1099_, 85.54, 92.48, 0.000557335
hold21, 85.54, 92.48, 0.000557335
FILLER_0_29_169, 85.54, 92.48, 0.000557335
FILLER_0_30_176, 85.54, 92.48, 0.000557335
_1115_, 85.54, 87.04, 0.000649179
clkbuf_0_clk, 85.54, 87.04, 0.000649179
FILLER_0_27_169, 85.54, 87.04, 0.000649179
_1043_, 85.54, 81.6, 0.000607717
FILLER_0_26_177, 85.54, 81.6, 0.000607717
FILLER_0_27_177, 85.54, 81.6, 0.000607717
_0947_, 85.54, 76.16, 0.000672879
FILLER_0_23_164, 85.54, 76.16, 0.000672879
FILLER_0_23_169, 85.54, 76.16, 0.000672879
FILLER_0_24_182, 85.54, 76.16, 0.000672879
_0678_, 85.54, 70.72, 0.000732945
_0910_, 85.54, 70.72, 0.000732945
_0946_, 85.54, 70.72, 0.000732945
_1111_, 85.54, 70.72, 0.000732945
FILLER_0_21_164, 85.54, 70.72, 0.000732945
_0644_, 85.54, 65.28, 0.000761079
hold32, 85.54, 59.84, 0.000803299
FILLER_0_17_169, 85.54, 59.84, 0.000803299
_0766_, 85.54, 54.4, 0.000860061
_0845_, 85.54, 54.4, 0.000860061
_1066_, 85.54, 54.4, 0.000860061
FILLER_0_16_180, 85.54, 54.4, 0.000860061
FILLER_0_17_177, 85.54, 54.4, 0.000860061
_0790_, 85.54, 43.52, 0.000879023
_0952_, 85.54, 43.52, 0.000879023
_1114_, 85.54, 43.52, 0.000879023
hold89, 85.54, 43.52, 0.000879023
FILLER_0_12_165, 85.54, 43.52, 0.000879023
FILLER_0_13_181, 85.54, 43.52, 0.000879023
_1042_, 85.54, 38.08, 0.000865701
FILLER_0_9_164, 85.54, 38.08, 0.000865701
_0689_, 85.54, 32.64, 0.000882792
_0692_, 85.54, 32.64, 0.000882792
FILLER_0_7_165, 85.54, 32.64, 0.000882792
FILLER_0_7_169, 85.54, 32.64, 0.000882792
FILLER_0_8_165, 85.54, 32.64, 0.000882792
_0916_, 85.54, 27.2, 0.000892795
_1098_, 85.54, 27.2, 0.000892795
hold86, 85.54, 27.2, 0.000892795
FILLER_0_5_169, 85.54, 27.2, 0.000892795
_0863_, 85.54, 21.76, 0.000904868
_0917_, 85.54, 21.76, 0.000904868
_1074_, 85.54, 21.76, 0.000904868
FILLER_0_3_165, 85.54, 21.76, 0.000904868
FILLER_0_4_174, 85.54, 21.76, 0.000904868
_0660_, 85.54, 16.32, 0.00089226
_0664_, 85.54, 16.32, 0.00089226
output22, 85.54, 10.88, 0.000869028
FILLER_0_0_165, 85.54, 10.88, 0.000869028
FILLER_0_0_169, 85.54, 10.88, 0.000869028
FILLER_0_53_105, 55.54, 157.76, 0.000758027
FILLER_0_55_109, 55.54, 157.76, 0.000758027
_0529_, 55.54, 152.32, 0.000790018
_0989_, 55.54, 152.32, 0.000790018
FILLER_0_51_105, 55.54, 152.32, 0.000790018
_0494_, 55.54, 146.88, 0.000785159
FILLER_0_49_105, 55.54, 146.88, 0.000785159
_0651_, 55.54, 141.44, 0.000780142
_0980_, 55.54, 141.44, 0.000780142
hold44, 55.54, 136, 0.000781562
hold127, 55.54, 136, 0.000781562
FILLER_0_47_109, 55.54, 136, 0.000781562
FILLER_0_43_101, 55.54, 130.56, 0.0007627
FILLER_0_44_117, 55.54, 130.56, 0.0007627
FILLER_0_45_113, 55.54, 130.56, 0.0007627
_0667_, 55.54, 125.12, 0.0007705
_1005_, 55.54, 125.12, 0.0007705
FILLER_0_42_100, 55.54, 125.12, 0.0007705
FILLER_0_43_109, 55.54, 125.12, 0.0007705
_0569_, 55.54, 119.68, 0.000765371
_0570_, 55.54, 119.68, 0.000765371
_0702_, 55.54, 119.68, 0.000765371
_0703_, 55.54, 119.68, 0.000765371
FILLER_0_39_105, 55.54, 119.68, 0.000765371
FILLER_0_40_102, 55.54, 119.68, 0.000765371
FILLER_0_37_108, 55.54, 114.24, 0.00074997
FILLER_0_38_117, 55.54, 114.24, 0.00074997
_0556_, 55.54, 108.8, 0.000745897
_0706_, 55.54, 108.8, 0.000745897
clkbuf_4_7_0_clk, 55.54, 108.8, 0.000745897
FILLER_0_36_109, 55.54, 108.8, 0.000745897
_0705_, 55.54, 103.36, 0.000726802
hold5, 55.54, 103.36, 0.000726802
FILLER_0_33_108, 55.54, 103.36, 0.000726802
FILLER_0_34_112, 55.54, 103.36, 0.000726802
_0828_, 55.54, 97.92, 0.000675086
hold26, 55.54, 97.92, 0.000675086
FILLER_0_32_105, 55.54, 97.92, 0.000675086
_0882_, 55.54, 92.48, 0.000669097
_0883_, 55.54, 92.48, 0.000669097
_1059_, 55.54, 92.48, 0.000669097
_1123_, 55.54, 92.48, 0.000669097
FILLER_0_29_102, 55.54, 92.48, 0.000669097
_0700_, 55.54, 87.04, 0.000683517
_0973_, 55.54, 87.04, 0.000683517
FILLER_0_27_102, 55.54, 87.04, 0.000683517
FILLER_0_28_109, 55.54, 87.04, 0.000683517
FILLER_0_28_117, 55.54, 87.04, 0.000683517
FILLER_0_29_113, 55.54, 87.04, 0.000683517
_0699_, 55.54, 81.6, 0.000703734
hold6, 55.54, 81.6, 0.000703734
_0582_, 55.54, 76.16, 0.000748387
hold71, 55.54, 76.16, 0.000748387
hold77, 55.54, 76.16, 0.000748387
FILLER_0_23_105, 55.54, 76.16, 0.000748387
FILLER_0_24_109, 55.54, 76.16, 0.000748387
_0875_, 55.54, 70.72, 0.000790577
_1079_, 55.54, 70.72, 0.000790577
FILLER_0_21_103, 55.54, 70.72, 0.000790577
FILLER_0_22_119, 55.54, 70.72, 0.000790577
FILLER_0_23_113, 55.54, 70.72, 0.000790577
_0663_, 55.54, 65.28, 0.000798569
_0874_, 55.54, 65.28, 0.000798569
FILLER_0_19_105, 55.54, 65.28, 0.000798569
FILLER_0_17_103, 55.54, 59.84, 0.000850208
_0694_, 55.54, 54.4, 0.000925739
hold19, 55.54, 54.4, 0.000925739
FILLER_0_16_107, 55.54, 54.4, 0.000925739
_0608_, 55.54, 48.96, 0.000870954
_0621_, 55.54, 48.96, 0.000870954
_0693_, 55.54, 48.96, 0.000870954
FILLER_0_13_104, 55.54, 48.96, 0.000870954
FILLER_0_14_110, 55.54, 48.96, 0.000870954
_0622_, 55.54, 43.52, 0.000901256
_0690_, 55.54, 43.52, 0.000901256
_0691_, 55.54, 43.52, 0.000901256
_0750_, 55.54, 43.52, 0.000901256
_1001_, 55.54, 43.52, 0.000901256
hold93, 55.54, 43.52, 0.000901256
FILLER_0_11_107, 55.54, 43.52, 0.000901256
FILLER_0_12_113, 55.54, 43.52, 0.000901256
hold107, 55.54, 38.08, 0.000905077
_0751_, 55.54, 32.64, 0.000911664
_0876_, 55.54, 27.2, 0.00091159
_0877_, 55.54, 27.2, 0.00091159
_1080_, 55.54, 27.2, 0.00091159
FILLER_0_6_109, 55.54, 27.2, 0.00091159
_0584_, 55.54, 21.76, 0.000922817
hold135, 55.54, 21.76, 0.000922817
FILLER_0_5_109, 55.54, 21.76, 0.000922817
_0986_, 55.54, 16.32, 0.000941409
hold132, 55.54, 16.32, 0.000941409
FILLER_0_1_106, 55.54, 16.32, 0.000941409
_0665_, 55.54, 10.88, 0.000900773
output17, 55.54, 10.88, 0.000900773
FILLER_0_0_109, 55.54, 10.88, 0.000900773
FILLER_0_55_53, 25.54, 157.76, 0.000755361
FILLER_0_53_51, 25.54, 152.32, 0.000762022
FILLER_0_51_51, 25.54, 146.88, 0.000759725
FILLER_0_49_51, 25.54, 141.44, 0.000764135
FILLER_0_47_51, 25.54, 136, 0.00076842
_0905_, 25.54, 130.56, 0.000787514
_0940_, 25.54, 130.56, 0.000787514
_1085_, 25.54, 130.56, 0.000787514
FILLER_0_44_41, 25.54, 130.56, 0.000787514
FILLER_0_45_51, 25.54, 130.56, 0.000787514
_0904_, 25.54, 125.12, 0.000795772
hold122, 25.54, 125.12, 0.000795772
_0565_, 25.54, 119.68, 0.000770862
_0941_, 25.54, 119.68, 0.000770862
FILLER_0_40_41, 25.54, 119.68, 0.000770862
FILLER_0_41_49, 25.54, 119.68, 0.000770862
_0547_, 25.54, 114.24, 0.000760025
_0942_, 25.54, 114.24, 0.000760025
hold65, 25.54, 114.24, 0.000760025
FILLER_0_38_34, 25.54, 114.24, 0.000760025
FILLER_0_38_42, 25.54, 114.24, 0.000760025
FILLER_0_39_51, 25.54, 114.24, 0.000760025
_0906_, 25.54, 108.8, 0.000789127
_1126_, 25.54, 108.8, 0.000789127
FILLER_0_36_54, 25.54, 108.8, 0.000789127
FILLER_0_37_52, 25.54, 108.8, 0.000789127
hold109, 25.54, 103.36, 0.000764539
FILLER_0_34_41, 25.54, 103.36, 0.000764539
hold111, 25.54, 97.92, 0.000758785
FILLER_0_33_51, 25.54, 97.92, 0.000758785
_0591_, 25.54, 92.48, 0.000728863
_0889_, 25.54, 92.48, 0.000728863
hold14, 25.54, 92.48, 0.000728863
FILLER_0_30_53, 25.54, 92.48, 0.000728863
FILLER_0_31_47, 25.54, 92.48, 0.000728863
_0578_, 25.54, 87.04, 0.00073185
_0938_, 25.54, 87.04, 0.00073185
hold66, 25.54, 87.04, 0.00073185
FILLER_0_29_51, 25.54, 87.04, 0.00073185
_0902_, 25.54, 81.6, 0.000775041
hold45, 25.54, 81.6, 0.000775041
FILLER_0_26_53, 25.54, 81.6, 0.000775041
FILLER_0_27_50, 25.54, 81.6, 0.000775041
FILLER_0_24_53, 25.54, 76.16, 0.000778479
_0643_, 25.54, 70.72, 0.000843638
_1084_, 25.54, 70.72, 0.000843638
FILLER_0_22_38, 25.54, 70.72, 0.000843638
FILLER_0_23_50, 25.54, 70.72, 0.000843638
_0885_, 25.54, 65.28, 0.000813235
FILLER_0_21_46, 25.54, 65.28, 0.000813235
_0604_, 25.54, 59.84, 0.000893357
_0930_, 25.54, 59.84, 0.000893357
_0935_, 25.54, 59.84, 0.000893357
hold97, 25.54, 59.84, 0.000893357
FILLER_0_18_45, 25.54, 59.84, 0.000893357
FILLER_0_19_45, 25.54, 59.84, 0.000893357
FILLER_0_19_53, 25.54, 59.84, 0.000893357
_1104_, 25.54, 54.4, 0.000944637
hold99, 25.54, 54.4, 0.000944637
hold101, 25.54, 54.4, 0.000944637
hold117, 25.54, 54.4, 0.000944637
_0617_, 25.54, 48.96, 0.000903251
hold120, 25.54, 48.96, 0.000903251
_0971_, 25.54, 38.08, 0.000912685
_1121_, 25.54, 38.08, 0.000912685
FILLER_0_9_39, 25.54, 38.08, 0.000912685
FILLER_0_10_41, 25.54, 38.08, 0.000912685
_0969_, 25.54, 32.64, 0.000921559
_1122_, 25.54, 32.64, 0.000921559
FILLER_0_7_43, 25.54, 32.64, 0.000921559
FILLER_0_8_41, 25.54, 32.64, 0.000921559
FILLER_0_9_52, 25.54, 32.64, 0.000921559
_0879_, 25.54, 27.2, 0.000900583
_0881_, 25.54, 27.2, 0.000900583
FILLER_0_5_51, 25.54, 21.76, 0.000917619
FILLER_0_3_51, 25.54, 16.32, 0.000909781
output14, 25.54, 10.88, 0.0009196
FILLER_0_0_41, 25.54, 10.88, 0.0009196
FILLER_0_1_51, 25.54, 10.88, 0.0009196
PHY_110, 5.52, 163.2, 0.000752615
PHY_111, 159.16, 163.2, 0.000742518
FILLER_0_55_18, 15.53, 163.2, 0.000752615
FILLER_0_55_57, 35.54, 163.2, 0.000752181
input6, 65.54, 163.2, 0.000749689
FILLER_0_55_125, 65.54, 163.2, 0.000749689
FILLER_0_55_193, 95.54, 163.2, 0.000742119
FILLER_0_55_215, 105.54, 163.2, 0.000742245
output21, 125.54, 163.2, 0.000746832
FILLER_0_55_273, 135.54, 163.2, 0.000743954
input7, 152.35, 163.2, 0.000742518
PHY_106, 5.52, 157.76, 0.000756878
PHY_108, 5.52, 157.76, 0.000756878
input10, 5.52, 157.76, 0.000756878
PHY_107, 159.16, 157.76, 0.000739536
PHY_109, 159.16, 157.76, 0.000739536
input5, 35.54, 157.76, 0.000757526
FILLER_0_54_77, 45.54, 157.76, 0.000757777
_0668_, 65.54, 157.76, 0.000765286
hold129, 65.54, 157.76, 0.000765286
FILLER_0_54_133, 65.54, 157.76, 0.000765286
FILLER_0_55_133, 65.54, 157.76, 0.000765286
_0992_, 95.54, 157.76, 0.000783888
output20, 95.54, 157.76, 0.000783888
hold133, 95.54, 157.76, 0.000783888
FILLER_0_53_185, 95.54, 157.76, 0.000783888
FILLER_0_54_189, 95.54, 157.76, 0.000783888
FILLER_0_53_273, 135.54, 157.76, 0.000742937
FILLER_0_54_321, 152.35, 157.76, 0.000739536
FILLER_0_55_322, 152.35, 157.76, 0.000739536
PHY_102, 5.52, 152.32, 0.000765919
PHY_104, 5.52, 152.32, 0.000765919
input1, 5.52, 152.32, 0.000765919
PHY_103, 159.16, 152.32, 0.000741543
PHY_105, 159.16, 152.32, 0.000741543
FILLER_0_52_19, 15.53, 152.32, 0.000763971
FILLER_0_52_77, 45.54, 152.32, 0.000780686
FILLER_0_52_97, 45.54, 152.32, 0.000780686
_0515_, 65.54, 152.32, 0.000817492
_0655_, 65.54, 152.32, 0.000817492
_0656_, 65.54, 152.32, 0.000817492
_0990_, 65.54, 152.32, 0.000817492
FILLER_0_52_126, 65.54, 152.32, 0.000817492
_0520_, 75.54, 152.32, 0.000822525
_0669_, 75.54, 152.32, 0.000822525
_0994_, 75.54, 152.32, 0.000822525
FILLER_0_51_142, 75.54, 152.32, 0.000822525
FILLER_0_52_144, 75.54, 152.32, 0.000822525
FILLER_0_52_151, 75.54, 152.32, 0.000822525
FILLER_0_53_158, 75.54, 152.32, 0.000822525
_0524_, 95.54, 152.32, 0.000829936
_0672_, 95.54, 152.32, 0.000829936
_0991_, 95.54, 152.32, 0.000829936
_0993_, 95.54, 152.32, 0.000829936
hold134, 95.54, 152.32, 0.000829936
FILLER_0_51_213, 105.54, 152.32, 0.00079531
FILLER_0_53_221, 105.54, 152.32, 0.00079531
FILLER_0_51_273, 135.54, 152.32, 0.000747923
FILLER_0_52_321, 152.35, 152.32, 0.000741543
PHY_98, 5.52, 146.88, 0.000759725
PHY_100, 5.52, 146.88, 0.000759725
PHY_99, 159.16, 146.88, 0.000736918
PHY_101, 159.16, 146.88, 0.000736918
FILLER_0_50_77, 45.54, 146.88, 0.000776681
_0516_, 65.54, 146.88, 0.000802718
_0652_, 65.54, 146.88, 0.000802718
_0653_, 65.54, 146.88, 0.000802718
_0654_, 65.54, 146.88, 0.000802718
FILLER_0_50_121, 65.54, 146.88, 0.000802718
_0517_, 75.54, 146.88, 0.000806104
_0522_, 75.54, 146.88, 0.000806104
_0525_, 75.54, 146.88, 0.000806104
FILLER_0_50_146, 75.54, 146.88, 0.000806104
FILLER_0_50_160, 75.54, 146.88, 0.000806104
FILLER_0_51_153, 75.54, 146.88, 0.000806104
_0670_, 95.54, 146.88, 0.000764532
_0671_, 95.54, 146.88, 0.000764532
FILLER_0_49_217, 105.54, 146.88, 0.000753564
FILLER_0_51_221, 105.54, 146.88, 0.000753564
FILLER_0_49_273, 135.54, 146.88, 0.00073881
FILLER_0_50_321, 152.35, 146.88, 0.000736918
PHY_94, 5.52, 141.44, 0.000764135
PHY_96, 5.52, 141.44, 0.000764135
PHY_95, 159.16, 141.44, 0.000736729
PHY_97, 159.16, 141.44, 0.000736729
_0976_, 45.54, 141.44, 0.000792634
_0977_, 45.54, 141.44, 0.000792634
_1125_, 45.54, 141.44, 0.000792634
FILLER_0_48_77, 45.54, 141.44, 0.000792634
_0962_, 65.54, 141.44, 0.000780251
_0963_, 65.54, 141.44, 0.000780251
FILLER_0_47_122, 65.54, 141.44, 0.000780251
FILLER_0_48_136, 65.54, 141.44, 0.000780251
FILLER_0_49_137, 65.54, 141.44, 0.000780251
_0679_, 75.54, 141.44, 0.000770585
FILLER_0_47_152, 75.54, 141.44, 0.000770585
FILLER_0_49_162, 75.54, 141.44, 0.000770585
_0491_, 105.54, 141.44, 0.000747267
FILLER_0_47_214, 105.54, 141.44, 0.000747267
_0959_, 135.54, 141.44, 0.000739793
FILLER_0_48_321, 152.35, 141.44, 0.000736729
PHY_90, 5.52, 136, 0.00076842
PHY_92, 5.52, 136, 0.00076842
PHY_91, 159.16, 136, 0.000754834
PHY_93, 159.16, 136, 0.000754834
_0927_, 35.54, 136, 0.00078915
hold106, 35.54, 136, 0.00078915
FILLER_0_45_57, 35.54, 136, 0.00078915
_1029_, 45.54, 136, 0.000798368
hold121, 45.54, 136, 0.000798368
FILLER_0_45_78, 45.54, 136, 0.000798368
_0495_, 65.54, 136, 0.000797262
_0744_, 65.54, 136, 0.000797262
_0745_, 65.54, 136, 0.000797262
_0890_, 65.54, 136, 0.000797262
FILLER_0_45_121, 65.54, 136, 0.000797262
FILLER_0_46_141, 65.54, 136, 0.000797262
_0762_, 75.54, 136, 0.000784218
_0763_, 75.54, 136, 0.000784218
_0872_, 75.54, 136, 0.000784218
_0908_, 75.54, 136, 0.000784218
FILLER_0_46_154, 75.54, 136, 0.000784218
_0489_, 95.54, 136, 0.000788552
_0490_, 95.54, 136, 0.000788552
_0680_, 95.54, 136, 0.000788552
_0945_, 95.54, 136, 0.000788552
FILLER_0_47_197, 95.54, 136, 0.000788552
_0492_, 105.54, 136, 0.000788261
_0493_, 105.54, 136, 0.000788261
FILLER_0_45_216, 105.54, 136, 0.000788261
_1117_, 125.54, 136, 0.000788342
hold102, 125.54, 136, 0.000788342
FILLER_0_46_261, 125.54, 136, 0.000788342
FILLER_0_47_267, 125.54, 136, 0.000788342
_0958_, 135.54, 136, 0.000777746
hold91, 135.54, 136, 0.000777746
FILLER_0_46_321, 152.35, 136, 0.000754834
PHY_86, 5.52, 130.56, 0.000787514
PHY_88, 5.52, 130.56, 0.000787514
PHY_87, 159.16, 130.56, 0.000791485
PHY_89, 159.16, 130.56, 0.000791485
_0886_, 35.54, 130.56, 0.000805861
_0891_, 35.54, 130.56, 0.000805861
_1061_, 35.54, 130.56, 0.000805861
FILLER_0_45_69, 35.54, 130.56, 0.000805861
_0758_, 45.54, 130.56, 0.00079158
_0759_, 45.54, 130.56, 0.00079158
hold75, 45.54, 130.56, 0.00079158
FILLER_0_43_82, 45.54, 130.56, 0.00079158
FILLER_0_44_77, 45.54, 130.56, 0.00079158
_0501_, 65.54, 130.56, 0.000769022
_0818_, 65.54, 130.56, 0.000769022
_0873_, 65.54, 130.56, 0.000769022
FILLER_0_44_125, 65.54, 130.56, 0.000769022
FILLER_0_44_141, 65.54, 130.56, 0.000769022
_0682_, 75.54, 130.56, 0.000758261
_0683_, 75.54, 130.56, 0.000758261
_0926_, 75.54, 130.56, 0.000758261
_0944_, 75.54, 130.56, 0.000758261
FILLER_0_44_161, 75.54, 130.56, 0.000758261
FILLER_0_45_156, 75.54, 130.56, 0.000758261
_0708_, 95.54, 130.56, 0.000771408
_0800_, 95.54, 130.56, 0.000771408
_0837_, 95.54, 130.56, 0.000771408
_0855_, 95.54, 130.56, 0.000771408
_0909_, 95.54, 130.56, 0.000771408
FILLER_0_44_192, 95.54, 130.56, 0.000771408
FILLER_0_45_204, 95.54, 130.56, 0.000771408
FILLER_0_43_217, 105.54, 130.56, 0.000776664
_1013_, 125.54, 130.56, 0.000829783
_1045_, 125.54, 130.56, 0.000829783
_1069_, 125.54, 130.56, 0.000829783
hold34, 125.54, 130.56, 0.000829783
FILLER_0_44_261, 125.54, 130.56, 0.000829783
_0795_, 135.54, 130.56, 0.00081315
hold90, 135.54, 130.56, 0.00081315
hold112, 135.54, 130.56, 0.00081315
output19, 152.35, 130.56, 0.000791485
FILLER_0_44_321, 152.35, 130.56, 0.000791485
FILLER_0_45_325, 152.35, 130.56, 0.000791485
PHY_82, 5.52, 125.12, 0.000814404
PHY_84, 5.52, 125.12, 0.000814404
PHY_83, 159.16, 125.12, 0.000752641
PHY_85, 159.16, 125.12, 0.000752641
_1109_, 15.53, 125.12, 0.000814404
FILLER_0_43_27, 15.53, 125.12, 0.000814404
_0831_, 35.54, 125.12, 0.000826812
_0832_, 35.54, 125.12, 0.000826812
_0887_, 35.54, 125.12, 0.000826812
_1037_, 35.54, 125.12, 0.000826812
hold100, 35.54, 125.12, 0.000826812
FILLER_0_42_64, 35.54, 125.12, 0.000826812
_0567_, 45.54, 125.12, 0.000820336
_0568_, 45.54, 125.12, 0.000820336
_0988_, 45.54, 125.12, 0.000820336
hold37, 45.54, 125.12, 0.000820336
FILLER_0_43_90, 45.54, 125.12, 0.000820336
_0817_, 65.54, 125.12, 0.000758757
hold2, 65.54, 125.12, 0.000758757
FILLER_0_42_129, 65.54, 125.12, 0.000758757
FILLER_0_42_137, 65.54, 125.12, 0.000758757
FILLER_0_43_137, 65.54, 125.12, 0.000758757
_0764_, 75.54, 125.12, 0.000739199
FILLER_0_43_160, 75.54, 125.12, 0.000739199
_0676_, 95.54, 125.12, 0.00074584
_0727_, 95.54, 125.12, 0.00074584
_0997_, 95.54, 125.12, 0.00074584
FILLER_0_42_189, 95.54, 125.12, 0.00074584
FILLER_0_42_200, 95.54, 125.12, 0.00074584
_0496_, 105.54, 125.12, 0.000751113
_0563_, 125.54, 125.12, 0.000757238
_0721_, 125.54, 125.12, 0.000757238
_0722_, 125.54, 125.12, 0.000757238
_0850_, 125.54, 125.12, 0.000757238
hold103, 125.54, 125.12, 0.000757238
FILLER_0_41_258, 125.54, 125.12, 0.000757238
_0562_, 135.54, 125.12, 0.000752455
_0741_, 152.35, 125.12, 0.000752641
hold116, 152.35, 125.12, 0.000752641
FILLER_0_42_321, 152.35, 125.12, 0.000752641
FILLER_0_43_322, 152.35, 125.12, 0.000752641
PHY_78, 5.52, 119.68, 0.000793203
PHY_80, 5.52, 119.68, 0.000793203
input9, 5.52, 119.68, 0.000793203
PHY_79, 159.16, 119.68, 0.000758286
PHY_81, 159.16, 119.68, 0.000758286
_1093_, 15.53, 119.68, 0.000791512
FILLER_0_41_25, 15.53, 119.68, 0.000791512
_0566_, 35.54, 119.68, 0.000781866
_0777_, 35.54, 119.68, 0.000781866
_0778_, 35.54, 119.68, 0.000781866
FILLER_0_40_67, 35.54, 119.68, 0.000781866
FILLER_0_41_69, 35.54, 119.68, 0.000781866
_0558_, 45.54, 119.68, 0.000781908
_0559_, 45.54, 119.68, 0.000781908
FILLER_0_40_81, 45.54, 119.68, 0.000781908
FILLER_0_40_85, 45.54, 119.68, 0.000781908
_0549_, 65.54, 119.68, 0.000788334
_0550_, 65.54, 119.68, 0.000788334
_0551_, 65.54, 119.68, 0.000788334
_0552_, 65.54, 119.68, 0.000788334
FILLER_0_40_121, 65.54, 119.68, 0.000788334
FILLER_0_40_129, 65.54, 119.68, 0.000788334
FILLER_0_41_134, 65.54, 119.68, 0.000788334
_0500_, 75.54, 119.68, 0.00076466
_0505_, 75.54, 119.68, 0.00076466
max_cap23, 75.54, 119.68, 0.00076466
FILLER_0_40_154, 75.54, 119.68, 0.00076466
_0497_, 95.54, 119.68, 0.000754008
_0498_, 95.54, 119.68, 0.000754008
_0657_, 95.54, 119.68, 0.000754008
FILLER_0_39_193, 95.54, 119.68, 0.000754008
_0534_, 105.54, 119.68, 0.00076224
_0535_, 105.54, 119.68, 0.00076224
_0540_, 105.54, 119.68, 0.00076224
FILLER_0_40_214, 105.54, 119.68, 0.00076224
FILLER_0_40_226, 105.54, 119.68, 0.00076224
_0561_, 125.54, 119.68, 0.000772195
_0564_, 125.54, 119.68, 0.000772195
wire24, 125.54, 119.68, 0.000772195
wire25, 125.54, 119.68, 0.000772195
FILLER_0_40_253, 125.54, 119.68, 0.000772195
FILLER_0_40_262, 125.54, 119.68, 0.000772195
FILLER_0_41_271, 125.54, 119.68, 0.000772195
_0798_, 135.54, 119.68, 0.000766723
FILLER_0_39_276, 135.54, 119.68, 0.000766723
FILLER_0_39_281, 135.54, 119.68, 0.000766723
FILLER_0_40_286, 135.54, 119.68, 0.000766723
FILLER_0_41_288, 135.54, 119.68, 0.000766723
FILLER_0_40_325, 152.35, 119.68, 0.000758286
FILLER_0_41_325, 152.35, 119.68, 0.000758286
PHY_74, 5.52, 114.24, 0.000763665
PHY_76, 5.52, 114.24, 0.000763665
PHY_75, 159.16, 114.24, 0.000764162
PHY_77, 159.16, 114.24, 0.000764162
_0907_, 15.53, 114.24, 0.000763665
FILLER_0_37_15, 15.53, 114.24, 0.000763665
_1038_, 35.54, 114.24, 0.000771705
hold78, 45.54, 114.24, 0.000764581
_0544_, 65.54, 114.24, 0.000798321
_0545_, 65.54, 114.24, 0.000798321
_0546_, 65.54, 114.24, 0.000798321
_0555_, 65.54, 114.24, 0.000798321
_0504_, 75.54, 114.24, 0.000793851
_0507_, 75.54, 114.24, 0.000793851
_0508_, 75.54, 114.24, 0.000793851
_0510_, 75.54, 114.24, 0.000793851
_0511_, 75.54, 114.24, 0.000793851
FILLER_0_37_148, 75.54, 114.24, 0.000793851
FILLER_0_38_161, 75.54, 114.24, 0.000793851
FILLER_0_39_162, 75.54, 114.24, 0.000793851
_0499_, 95.54, 114.24, 0.000850786
_0506_, 95.54, 114.24, 0.000850786
_0537_, 95.54, 114.24, 0.000850786
_0538_, 95.54, 114.24, 0.000850786
_0674_, 95.54, 114.24, 0.000850786
_0675_, 95.54, 114.24, 0.000850786
_0503_, 105.54, 114.24, 0.000868069
_0531_, 105.54, 114.24, 0.000868069
_0541_, 105.54, 114.24, 0.000868069
clkbuf_4_13_0_clk, 105.54, 114.24, 0.000868069
_0924_, 125.54, 114.24, 0.000814297
_1046_, 125.54, 114.24, 0.000814297
hold35, 125.54, 114.24, 0.000814297
FILLER_0_38_253, 125.54, 114.24, 0.000814297
FILLER_0_38_265, 125.54, 114.24, 0.000814297
_0539_, 135.54, 114.24, 0.000804139
_1118_, 135.54, 114.24, 0.000804139
hold58, 135.54, 114.24, 0.000804139
FILLER_0_37_281, 135.54, 114.24, 0.000804139
FILLER_0_38_321, 152.35, 114.24, 0.000764162
FILLER_0_39_321, 152.35, 114.24, 0.000764162
PHY_70, 5.52, 108.8, 0.000829736
PHY_72, 5.52, 108.8, 0.000829736
PHY_71, 159.16, 108.8, 0.000755577
PHY_73, 159.16, 108.8, 0.000755577
_0943_, 15.53, 108.8, 0.000829736
_1094_, 15.53, 108.8, 0.000829736
_1110_, 15.53, 108.8, 0.000829736
_0548_, 35.54, 108.8, 0.000799119
_0779_, 35.54, 108.8, 0.000799119
_0780_, 35.54, 108.8, 0.000799119
_0978_, 35.54, 108.8, 0.000799119
hold123, 35.54, 108.8, 0.000799119
_0554_, 45.54, 108.8, 0.000786004
_0557_, 45.54, 108.8, 0.000786004
_0761_, 45.54, 108.8, 0.000786004
FILLER_0_36_80, 45.54, 108.8, 0.000786004
FILLER_0_36_85, 45.54, 108.8, 0.000786004
_0571_, 65.54, 108.8, 0.000733202
FILLER_0_37_138, 65.54, 108.8, 0.000733202
_0512_, 75.54, 108.8, 0.000710987
_0513_, 75.54, 108.8, 0.000710987
_0514_, 75.54, 108.8, 0.000710987
FILLER_0_36_153, 75.54, 108.8, 0.000710987
_0502_, 95.54, 108.8, 0.000737505
_0658_, 95.54, 108.8, 0.000737505
clkbuf_4_12_0_clk, 95.54, 108.8, 0.000737505
FILLER_0_36_197, 95.54, 108.8, 0.000737505
_0532_, 105.54, 108.8, 0.000736152
FILLER_0_35_216, 105.54, 108.8, 0.000736152
FILLER_0_36_214, 105.54, 108.8, 0.000736152
FILLER_0_37_225, 105.54, 108.8, 0.000736152
_0870_, 125.54, 108.8, 0.000789026
clkbuf_4_14_0_clk, 125.54, 108.8, 0.000789026
hold13, 125.54, 108.8, 0.000789026
FILLER_0_36_262, 125.54, 108.8, 0.000789026
FILLER_0_37_264, 125.54, 108.8, 0.000789026
_0543_, 135.54, 108.8, 0.000786077
_0797_, 135.54, 108.8, 0.000786077
wire4, 135.54, 108.8, 0.000786077
FILLER_0_35_274, 135.54, 108.8, 0.000786077
FILLER_0_36_278, 135.54, 108.8, 0.000786077
hold39, 152.35, 108.8, 0.000755577
FILLER_0_37_326, 152.35, 108.8, 0.000755577
PHY_66, 5.52, 103.36, 0.000764539
PHY_68, 5.52, 103.36, 0.000764539
PHY_67, 159.16, 103.36, 0.000734285
PHY_69, 159.16, 103.36, 0.000734285
FILLER_0_34_328, 159.16, 103.36, 0.000734285
_0979_, 35.54, 103.36, 0.000813995
_1030_, 35.54, 103.36, 0.000813995
clkbuf_4_5_0_clk, 35.54, 103.36, 0.000813995
FILLER_0_33_57, 35.54, 103.36, 0.000813995
FILLER_0_34_58, 35.54, 103.36, 0.000813995
FILLER_0_35_66, 35.54, 103.36, 0.000813995
_0760_, 45.54, 103.36, 0.000785337
_1006_, 45.54, 103.36, 0.000785337
hold92, 45.54, 103.36, 0.000785337
FILLER_0_34_94, 45.54, 103.36, 0.000785337
FILLER_0_35_93, 45.54, 103.36, 0.000785337
_0572_, 65.54, 103.36, 0.000737764
_0666_, 65.54, 103.36, 0.000737764
_0987_, 65.54, 103.36, 0.000737764
clkbuf_4_6_0_clk, 65.54, 103.36, 0.000737764
FILLER_0_33_125, 65.54, 103.36, 0.000737764
FILLER_0_34_131, 65.54, 103.36, 0.000737764
FILLER_0_35_159, 75.54, 103.36, 0.000672634
FILLER_0_34_192, 95.54, 103.36, 0.000631934
FILLER_0_33_217, 105.54, 103.36, 0.000656366
_0536_, 125.54, 103.36, 0.0007427
clkbuf_4_15_0_clk, 125.54, 103.36, 0.0007427
hold20, 125.54, 103.36, 0.0007427
FILLER_0_34_253, 125.54, 103.36, 0.0007427
_0704_, 135.54, 103.36, 0.000744169
_0723_, 135.54, 103.36, 0.000744169
_0724_, 135.54, 103.36, 0.000744169
wire3, 135.54, 103.36, 0.000744169
FILLER_0_33_277, 135.54, 103.36, 0.000744169
FILLER_0_34_278, 135.54, 103.36, 0.000744169
FILLER_0_34_290, 135.54, 103.36, 0.000744169
_0743_, 152.35, 103.36, 0.000734285
_0816_, 152.35, 103.36, 0.000734285
FILLER_0_35_325, 152.35, 103.36, 0.000734285
PHY_62, 5.52, 97.92, 0.000782915
PHY_64, 5.52, 97.92, 0.000782915
PHY_63, 159.16, 97.92, 0.000738241
PHY_65, 159.16, 97.92, 0.000738241
output18, 159.16, 97.92, 0.000738241
_0900_, 15.53, 97.92, 0.000782915
_1107_, 15.53, 97.92, 0.000782915
_0834_, 35.54, 97.92, 0.000792872
_1062_, 35.54, 97.92, 0.000792872
_1086_, 35.54, 97.92, 0.000792872
clkbuf_4_4_0_clk, 35.54, 97.92, 0.000792872
FILLER_0_32_60, 35.54, 97.92, 0.000792872
_0553_, 45.54, 97.92, 0.000739635
hold43, 45.54, 97.92, 0.000739635
FILLER_0_32_80, 45.54, 97.92, 0.000739635
_0972_, 65.54, 97.92, 0.000648153
hold73, 65.54, 97.92, 0.000648153
FILLER_0_32_122, 65.54, 97.92, 0.000648153
FILLER_0_32_135, 65.54, 97.92, 0.000648153
_0592_, 75.54, 97.92, 0.000608273
FILLER_0_31_146, 75.54, 97.92, 0.000608273
FILLER_0_33_160, 75.54, 97.92, 0.000608273
_0865_, 95.54, 97.92, 0.000617555
hold69, 95.54, 97.92, 0.000617555
FILLER_0_32_197, 95.54, 97.92, 0.000617555
_0717_, 105.54, 97.92, 0.000659589
_0847_, 105.54, 97.92, 0.000659589
_1067_, 105.54, 97.92, 0.000659589
hold12, 105.54, 97.92, 0.000659589
_0852_, 125.54, 97.92, 0.000704818
_1014_, 125.54, 97.92, 0.000704818
FILLER_0_32_265, 125.54, 97.92, 0.000704818
FILLER_0_33_270, 125.54, 97.92, 0.000704818
_0586_, 135.54, 97.92, 0.00071815
_0737_, 135.54, 97.92, 0.00071815
hold27, 135.54, 97.92, 0.00071815
FILLER_0_32_287, 135.54, 97.92, 0.00071815
FILLER_0_32_321, 152.35, 97.92, 0.000726004
FILLER_0_33_322, 152.35, 97.92, 0.000726004
PHY_58, 5.52, 92.48, 0.000762698
PHY_60, 5.52, 92.48, 0.000762698
input4, 5.52, 92.48, 0.000762698
FILLER_0_30_7, 5.52, 92.48, 0.000762698
PHY_59, 159.16, 92.48, 0.000677637
PHY_61, 159.16, 92.48, 0.000677637
_0901_, 15.53, 92.48, 0.000760756
_0936_, 15.53, 92.48, 0.000760756
_0937_, 15.53, 92.48, 0.000760756
_1091_, 15.53, 92.48, 0.000760756
FILLER_0_30_15, 15.53, 92.48, 0.000760756
FILLER_0_30_24, 15.53, 92.48, 0.000760756
_0833_, 35.54, 92.48, 0.000729019
_0888_, 35.54, 92.48, 0.000729019
hold87, 35.54, 92.48, 0.000729019
_1083_, 45.54, 92.48, 0.000712268
hold9, 45.54, 92.48, 0.000712268
FILLER_0_30_77, 45.54, 92.48, 0.000712268
FILLER_0_30_97, 45.54, 92.48, 0.000712268
_0594_, 65.54, 92.48, 0.000654236
_0827_, 65.54, 92.48, 0.000654236
hold25, 65.54, 92.48, 0.000654236
FILLER_0_30_141, 65.54, 92.48, 0.000654236
_0773_, 75.54, 92.48, 0.000618669
_0774_, 75.54, 92.48, 0.000618669
_1035_, 75.54, 92.48, 0.000618669
FILLER_0_29_147, 75.54, 92.48, 0.000618669
_0864_, 95.54, 92.48, 0.0006208
_0954_, 95.54, 92.48, 0.0006208
_1075_, 95.54, 92.48, 0.0006208
hold10, 95.54, 92.48, 0.0006208
_0718_, 105.54, 92.48, 0.000648701
_0846_, 105.54, 92.48, 0.000648701
_1011_, 105.54, 92.48, 0.000648701
hold11, 105.54, 92.48, 0.000648701
hold84, 105.54, 92.48, 0.000648701
_0810_, 125.54, 92.48, 0.000671643
_1051_, 125.54, 92.48, 0.000671643
FILLER_0_31_265, 125.54, 92.48, 0.000671643
FILLER_0_31_271, 125.54, 92.48, 0.000671643
_0736_, 135.54, 92.48, 0.00068636
_1019_, 135.54, 92.48, 0.00068636
FILLER_0_30_321, 152.35, 92.48, 0.000677637
FILLER_0_31_325, 152.35, 92.48, 0.000677637
PHY_54, 5.52, 87.04, 0.00073185
PHY_56, 5.52, 87.04, 0.00073185
PHY_55, 159.16, 87.04, 0.000716891
PHY_57, 159.16, 87.04, 0.000716891
FILLER_0_27_15, 15.53, 87.04, 0.00073185
_0775_, 35.54, 87.04, 0.000746219
_0776_, 35.54, 87.04, 0.000746219
_1036_, 35.54, 87.04, 0.000746219
_1124_, 35.54, 87.04, 0.000746219
FILLER_0_28_58, 35.54, 87.04, 0.000746219
_0579_, 45.54, 87.04, 0.000716836
FILLER_0_28_80, 45.54, 87.04, 0.000716836
_0593_, 65.54, 87.04, 0.000707096
_0697_, 65.54, 87.04, 0.000707096
_0754_, 65.54, 87.04, 0.000707096
_0755_, 65.54, 87.04, 0.000707096
_1027_, 65.54, 87.04, 0.000707096
FILLER_0_27_125, 65.54, 87.04, 0.000707096
FILLER_0_28_127, 65.54, 87.04, 0.000707096
_0596_, 75.54, 87.04, 0.000697719
_0696_, 75.54, 87.04, 0.000697719
hold3, 75.54, 87.04, 0.000697719
FILLER_0_29_161, 75.54, 87.04, 0.000697719
_0588_, 95.54, 87.04, 0.0006607
_0791_, 95.54, 87.04, 0.0006607
FILLER_0_28_189, 95.54, 87.04, 0.0006607
FILLER_0_28_204, 95.54, 87.04, 0.0006607
_0589_, 105.54, 87.04, 0.00066504
_0590_, 105.54, 87.04, 0.00066504
_0793_, 125.54, 87.04, 0.000686416
_0809_, 125.54, 87.04, 0.000686416
hold96, 125.54, 87.04, 0.000686416
FILLER_0_29_261, 125.54, 87.04, 0.000686416
hold80, 135.54, 87.04, 0.000701598
_0739_, 152.35, 87.04, 0.000716891
hold42, 152.35, 87.04, 0.000716891
FILLER_0_28_318, 152.35, 87.04, 0.000716891
FILLER_0_28_324, 152.35, 87.04, 0.000716891
FILLER_0_29_325, 152.35, 87.04, 0.000716891
PHY_50, 5.52, 81.6, 0.000818778
PHY_52, 5.52, 81.6, 0.000818778
PHY_51, 159.16, 81.6, 0.000726325
PHY_53, 159.16, 81.6, 0.000726325
_0903_, 15.53, 81.6, 0.000818778
_0939_, 15.53, 81.6, 0.000818778
_1092_, 15.53, 81.6, 0.000818778
_1108_, 15.53, 81.6, 0.000818778
FILLER_0_26_15, 15.53, 81.6, 0.000818778
_0974_, 35.54, 81.6, 0.000769883
_0975_, 35.54, 81.6, 0.000769883
hold36, 35.54, 81.6, 0.000769883
FILLER_0_26_75, 35.54, 81.6, 0.000769883
_0581_, 45.54, 81.6, 0.000749273
_1004_, 45.54, 81.6, 0.000749273
FILLER_0_25_81, 45.54, 81.6, 0.000749273
FILLER_0_26_85, 45.54, 81.6, 0.000749273
FILLER_0_27_89, 45.54, 81.6, 0.000749273
_1003_, 65.54, 81.6, 0.000689712
hold7, 65.54, 81.6, 0.000689712
FILLER_0_26_130, 65.54, 81.6, 0.000689712
_0595_, 75.54, 81.6, 0.000650441
_0698_, 75.54, 81.6, 0.000650441
FILLER_0_25_142, 75.54, 81.6, 0.000650441
FILLER_0_27_157, 75.54, 81.6, 0.000650441
_0792_, 95.54, 81.6, 0.000640092
FILLER_0_26_189, 95.54, 81.6, 0.000640092
_1100_, 105.54, 81.6, 0.000669464
FILLER_0_25_217, 105.54, 81.6, 0.000669464
FILLER_0_26_221, 105.54, 81.6, 0.000669464
FILLER_0_27_220, 105.54, 81.6, 0.000669464
FILLER_0_27_225, 105.54, 81.6, 0.000669464
_0575_, 125.54, 81.6, 0.000720393
_0794_, 125.54, 81.6, 0.000720393
_1116_, 125.54, 81.6, 0.000720393
hold81, 125.54, 81.6, 0.000720393
_0719_, 135.54, 81.6, 0.000728414
_0811_, 135.54, 81.6, 0.000728414
_0849_, 135.54, 81.6, 0.000728414
FILLER_0_25_277, 135.54, 81.6, 0.000728414
_0812_, 152.35, 81.6, 0.000726325
FILLER_0_26_325, 152.35, 81.6, 0.000726325
PHY_46, 5.52, 76.16, 0.00078675
PHY_48, 5.52, 76.16, 0.00078675
PHY_47, 159.16, 76.16, 0.000757768
PHY_49, 159.16, 76.16, 0.000757768
_0892_, 15.53, 76.16, 0.00078675
_0893_, 15.53, 76.16, 0.00078675
FILLER_0_25_27, 15.53, 76.16, 0.00078675
_0580_, 35.54, 76.16, 0.00079594
_0884_, 35.54, 76.16, 0.00079594
hold110, 35.54, 76.16, 0.00079594
FILLER_0_24_68, 35.54, 76.16, 0.00079594
_0583_, 45.54, 76.16, 0.000797416
_0756_, 45.54, 76.16, 0.000797416
_0757_, 45.54, 76.16, 0.000797416
_1028_, 45.54, 76.16, 0.000797416
FILLER_0_23_79, 45.54, 76.16, 0.000797416
_1119_, 65.54, 76.16, 0.000738422
hold23, 75.54, 76.16, 0.000709419
FILLER_0_25_158, 75.54, 76.16, 0.000709419
_0784_, 95.54, 76.16, 0.000735521
_0911_, 95.54, 76.16, 0.000735521
_1039_, 95.54, 76.16, 0.000735521
hold38, 95.54, 76.16, 0.000735521
FILLER_0_24_191, 95.54, 76.16, 0.000735521
FILLER_0_24_205, 95.54, 76.16, 0.000735521
_0641_, 105.54, 76.16, 0.000764526
_0867_, 105.54, 76.16, 0.000764526
_1076_, 105.54, 76.16, 0.000764526
hold18, 105.54, 76.16, 0.000764526
hold60, 105.54, 76.16, 0.000764526
_0577_, 125.54, 76.16, 0.000789352
_0848_, 125.54, 76.16, 0.000789352
FILLER_0_24_253, 125.54, 76.16, 0.000789352
FILLER_0_24_261, 125.54, 76.16, 0.000789352
FILLER_0_25_271, 125.54, 76.16, 0.000789352
_0574_, 135.54, 76.16, 0.000801342
_1012_, 135.54, 76.16, 0.000801342
_1068_, 135.54, 76.16, 0.000801342
hold28, 135.54, 76.16, 0.000801342
hold46, 135.54, 76.16, 0.000801342
FILLER_0_24_321, 152.35, 76.16, 0.000757768
FILLER_0_25_322, 152.35, 76.16, 0.000757768
PHY_42, 5.52, 70.72, 0.000892737
PHY_44, 5.52, 70.72, 0.000892737
FILLER_0_22_3, 5.52, 70.72, 0.000892737
PHY_43, 159.16, 70.72, 0.000743753
PHY_45, 159.16, 70.72, 0.000743753
_0928_, 15.53, 70.72, 0.000892737
_1087_, 15.53, 70.72, 0.000892737
_1103_, 15.53, 70.72, 0.000892737
hold82, 15.53, 70.72, 0.000892737
_0829_, 35.54, 70.72, 0.000848065
_0830_, 35.54, 70.72, 0.000848065
_1060_, 35.54, 70.72, 0.000848065
hold72, 35.54, 70.72, 0.000848065
FILLER_0_21_57, 35.54, 70.72, 0.000848065
FILLER_0_23_66, 35.54, 70.72, 0.000848065
FILLER_0_22_97, 45.54, 70.72, 0.000819321
_0820_, 65.54, 70.72, 0.000807604
_0964_, 65.54, 70.72, 0.000807604
_0965_, 65.54, 70.72, 0.000807604
_1055_, 65.54, 70.72, 0.000807604
hold17, 65.54, 70.72, 0.000807604
FILLER_0_22_141, 65.54, 70.72, 0.000807604
_0684_, 75.54, 70.72, 0.000786726
_0685_, 75.54, 70.72, 0.000786726
_0999_, 75.54, 70.72, 0.000786726
hold1, 75.54, 70.72, 0.000786726
_0783_, 95.54, 70.72, 0.000759187
_1095_, 95.54, 70.72, 0.000759187
FILLER_0_22_191, 95.54, 70.72, 0.000759187
_0856_, 105.54, 70.72, 0.000762131
_0857_, 105.54, 70.72, 0.000762131
_1071_, 105.54, 70.72, 0.000762131
FILLER_0_21_210, 105.54, 70.72, 0.000762131
_0639_, 125.54, 70.72, 0.000742581
FILLER_0_23_262, 125.54, 70.72, 0.000742581
FILLER_0_23_270, 125.54, 70.72, 0.000742581
_0710_, 135.54, 70.72, 0.000744674
FILLER_0_21_275, 135.54, 70.72, 0.000744674
FILLER_0_21_281, 135.54, 70.72, 0.000744674
FILLER_0_21_316, 152.35, 70.72, 0.000743753
FILLER_0_22_321, 152.35, 70.72, 0.000743753
FILLER_0_23_321, 152.35, 70.72, 0.000743753
PHY_38, 5.52, 65.28, 0.000824465
PHY_40, 5.52, 65.28, 0.000824465
FILLER_0_21_3, 5.52, 65.28, 0.000824465
PHY_39, 159.16, 65.28, 0.00082875
PHY_41, 159.16, 65.28, 0.00082875
_0929_, 15.53, 65.28, 0.000824465
hold79, 15.53, 65.28, 0.000824465
_0984_, 45.54, 65.28, 0.000816993
FILLER_0_20_80, 45.54, 65.28, 0.000816993
_0645_, 65.54, 65.28, 0.000818769
_0746_, 65.54, 65.28, 0.000818769
_0747_, 65.54, 65.28, 0.000818769
_0819_, 65.54, 65.28, 0.000818769
_1023_, 65.54, 65.28, 0.000818769
_0647_, 75.54, 65.28, 0.000805172
_0648_, 75.54, 65.28, 0.000805172
hold8, 75.54, 65.28, 0.000805172
_0640_, 95.54, 65.28, 0.000800034
hold124, 95.54, 65.28, 0.000800034
_0642_, 105.54, 65.28, 0.000828183
clkbuf_4_9_0_clk, 105.54, 65.28, 0.000828183
_0838_, 125.54, 65.28, 0.000854906
_1007_, 125.54, 65.28, 0.000854906
_1063_, 125.54, 65.28, 0.000854906
hold29, 125.54, 65.28, 0.000854906
_0709_, 135.54, 65.28, 0.000855438
_0802_, 135.54, 65.28, 0.000855438
_1047_, 135.54, 65.28, 0.000855438
hold115, 135.54, 65.28, 0.000855438
FILLER_0_20_285, 135.54, 65.28, 0.000855438
FILLER_0_21_293, 135.54, 65.28, 0.000855438
input11, 152.35, 65.28, 0.00082875
hold33, 152.35, 65.28, 0.00082875
PHY_34, 5.52, 59.84, 0.000952867
PHY_36, 5.52, 59.84, 0.000952867
output15, 5.52, 59.84, 0.000952867
PHY_35, 159.16, 59.84, 0.000819485
PHY_37, 159.16, 59.84, 0.000819485
_1106_, 15.53, 59.84, 0.000932404
FILLER_0_18_29, 15.53, 59.84, 0.000932404
_0895_, 35.54, 59.84, 0.000925273
_1088_, 35.54, 59.84, 0.000925273
hold94, 35.54, 59.84, 0.000925273
FILLER_0_18_65, 35.54, 59.84, 0.000925273
FILLER_0_18_76, 35.54, 59.84, 0.000925273
_0610_, 45.54, 59.84, 0.000927513
_0611_, 45.54, 59.84, 0.000927513
_0772_, 45.54, 59.84, 0.000927513
clkbuf_4_0_0_clk, 45.54, 59.84, 0.000927513
_0646_, 65.54, 59.84, 0.000847555
FILLER_0_18_135, 65.54, 59.84, 0.000847555
_0765_, 75.54, 59.84, 0.000836962
_1031_, 75.54, 59.84, 0.000836962
FILLER_0_18_153, 75.54, 59.84, 0.000836962
_0715_, 95.54, 59.84, 0.000850202
FILLER_0_18_186, 95.54, 59.84, 0.000850202
FILLER_0_19_205, 95.54, 59.84, 0.000850202
_0714_, 105.54, 59.84, 0.000892805
_0843_, 105.54, 59.84, 0.000892805
_1065_, 105.54, 59.84, 0.000892805
clkbuf_4_8_0_clk, 105.54, 59.84, 0.000892805
hold95, 105.54, 59.84, 0.000892805
FILLER_0_18_215, 105.54, 59.84, 0.000892805
clkbuf_4_10_0_clk, 125.54, 59.84, 0.00090969
clkbuf_4_11_0_clk, 125.54, 59.84, 0.00090969
FILLER_0_18_253, 125.54, 59.84, 0.00090969
FILLER_0_18_261, 125.54, 59.84, 0.00090969
FILLER_0_19_263, 125.54, 59.84, 0.00090969
_0626_, 135.54, 59.84, 0.000870019
hold52, 135.54, 59.84, 0.000870019
FILLER_0_19_290, 135.54, 59.84, 0.000870019
FILLER_0_19_323, 152.35, 59.84, 0.000819485
_0899_, 5.52, 54.4, 0.000998724
PHY_30, 5.52, 54.4, 0.000998724
PHY_32, 5.52, 54.4, 0.000998724
FILLER_0_16_3, 5.52, 54.4, 0.000998724
PHY_31, 159.16, 54.4, 0.000820542
PHY_33, 159.16, 54.4, 0.000820542
_0898_, 15.53, 54.4, 0.000995244
_0934_, 15.53, 54.4, 0.000995244
_1090_, 15.53, 54.4, 0.000995244
_1105_, 15.53, 54.4, 0.000995244
_0630_, 35.54, 54.4, 0.000983933
_0894_, 35.54, 54.4, 0.000983933
_0931_, 35.54, 54.4, 0.000983933
_1034_, 35.54, 54.4, 0.000983933
_0605_, 45.54, 54.4, 0.000990965
_0771_, 45.54, 54.4, 0.000990965
clkbuf_4_1_0_clk, 45.54, 54.4, 0.000990965
hold113, 45.54, 54.4, 0.000990965
_0768_, 65.54, 54.4, 0.000987523
_1032_, 65.54, 54.4, 0.000987523
clkbuf_4_2_0_clk, 65.54, 54.4, 0.000987523
clkbuf_4_3_0_clk, 65.54, 54.4, 0.000987523
FILLER_0_15_122, 65.54, 54.4, 0.000987523
FILLER_0_16_123, 65.54, 54.4, 0.000987523
_0767_, 75.54, 54.4, 0.000929759
hold61, 75.54, 54.4, 0.000929759
_0716_, 95.54, 54.4, 0.000885937
_0844_, 95.54, 54.4, 0.000885937
_1010_, 95.54, 54.4, 0.000885937
hold68, 95.54, 54.4, 0.000885937
FILLER_0_15_193, 95.54, 54.4, 0.000885937
FILLER_0_16_187, 95.54, 54.4, 0.000885937
FILLER_0_16_193, 95.54, 54.4, 0.000885937
_0600_, 105.54, 54.4, 0.000877845
_0735_, 105.54, 54.4, 0.000877845
_0842_, 105.54, 54.4, 0.000877845
_1009_, 105.54, 54.4, 0.000877845
FILLER_0_16_221, 105.54, 54.4, 0.000877845
_0841_, 125.54, 54.4, 0.000856066
_1064_, 125.54, 54.4, 0.000856066
FILLER_0_16_253, 125.54, 54.4, 0.000856066
FILLER_0_17_261, 125.54, 54.4, 0.000856066
FILLER_0_17_269, 125.54, 54.4, 0.000856066
_0711_, 135.54, 54.4, 0.000851128
_0712_, 135.54, 54.4, 0.000851128
_1008_, 135.54, 54.4, 0.000851128
FILLER_0_16_321, 152.35, 54.4, 0.000820542
FILLER_0_17_325, 152.35, 54.4, 0.000820542
PHY_26, 5.52, 48.96, 0.00093494
PHY_28, 5.52, 48.96, 0.00093494
PHY_27, 159.16, 48.96, 0.00085826
PHY_29, 159.16, 48.96, 0.00085826
FILLER_0_13_327, 159.16, 48.96, 0.00085826
_0896_, 15.53, 48.96, 0.00093494
_0932_, 15.53, 48.96, 0.00093494
_0933_, 15.53, 48.96, 0.00093494
_1089_, 15.53, 48.96, 0.00093494
FILLER_0_14_19, 15.53, 48.96, 0.00093494
_0618_, 35.54, 48.96, 0.00092428
_0769_, 35.54, 48.96, 0.00092428
_1033_, 35.54, 48.96, 0.00092428
FILLER_0_13_57, 35.54, 48.96, 0.00092428
FILLER_0_14_70, 35.54, 48.96, 0.00092428
FILLER_0_15_68, 35.54, 48.96, 0.00092428
_0609_, 45.54, 48.96, 0.000918163
_1002_, 45.54, 48.96, 0.000918163
hold88, 45.54, 48.96, 0.000918163
FILLER_0_14_93, 45.54, 48.96, 0.000918163
_0631_, 65.54, 48.96, 0.000866366
hold15, 65.54, 48.96, 0.000866366
FILLER_0_14_130, 65.54, 48.96, 0.000866366
FILLER_0_15_139, 65.54, 48.96, 0.000866366
_0688_, 75.54, 48.96, 0.000850219
FILLER_0_15_163, 75.54, 48.96, 0.000850219
_0603_, 95.54, 48.96, 0.000867877
_0807_, 95.54, 48.96, 0.000867877
_0808_, 95.54, 48.96, 0.000867877
_1050_, 95.54, 48.96, 0.000867877
FILLER_0_14_186, 95.54, 48.96, 0.000867877
_0599_, 105.54, 48.96, 0.000864334
_0734_, 105.54, 48.96, 0.000864334
hold47, 105.54, 48.96, 0.000864334
_0732_, 125.54, 48.96, 0.000869551
_0840_, 125.54, 48.96, 0.000869551
_1017_, 125.54, 48.96, 0.000869551
hold108, 125.54, 48.96, 0.000869551
FILLER_0_15_261, 125.54, 48.96, 0.000869551
FILLER_0_13_274, 135.54, 48.96, 0.000859292
FILLER_0_13_281, 135.54, 48.96, 0.000859292
_0625_, 152.35, 48.96, 0.00085826
hold76, 152.35, 48.96, 0.00085826
FILLER_0_14_326, 152.35, 48.96, 0.00085826
FILLER_0_15_326, 152.35, 48.96, 0.00085826
PHY_22, 5.52, 43.52, 0.000879953
PHY_24, 5.52, 43.52, 0.000879953
PHY_23, 159.16, 43.52, 0.000854223
PHY_25, 159.16, 43.52, 0.000854223
FILLER_0_11_327, 159.16, 43.52, 0.000854223
_0897_, 15.53, 43.52, 0.000879953
FILLER_0_12_15, 15.53, 43.52, 0.000879953
FILLER_0_12_22, 15.53, 43.52, 0.000879953
_0770_, 35.54, 43.52, 0.000891883
hold130, 35.54, 43.52, 0.000891883
FILLER_0_11_57, 35.54, 43.52, 0.000891883
FILLER_0_12_65, 35.54, 43.52, 0.000891883
FILLER_0_11_83, 45.54, 43.52, 0.00089657
_1000_, 65.54, 43.52, 0.000916052
FILLER_0_12_141, 65.54, 43.52, 0.000916052
_0634_, 75.54, 43.52, 0.000913043
_0635_, 75.54, 43.52, 0.000913043
_0687_, 75.54, 43.52, 0.000913043
hold4, 75.54, 43.52, 0.000913043
_0601_, 95.54, 43.52, 0.000900727
_0789_, 95.54, 43.52, 0.000900727
_1018_, 95.54, 43.52, 0.000900727
hold105, 95.54, 43.52, 0.000900727
hold40, 105.54, 43.52, 0.000889735
FILLER_0_11_214, 105.54, 43.52, 0.000889735
FILLER_0_12_222, 105.54, 43.52, 0.000889735
FILLER_0_13_218, 105.54, 43.52, 0.000889735
_0805_, 125.54, 43.52, 0.000882928
hold57, 125.54, 43.52, 0.000882928
FILLER_0_12_270, 125.54, 43.52, 0.000882928
_0627_, 135.54, 43.52, 0.000882596
_0629_, 135.54, 43.52, 0.000882596
_0803_, 135.54, 43.52, 0.000882596
_0948_, 135.54, 43.52, 0.000882596
FILLER_0_12_293, 135.54, 43.52, 0.000882596
FILLER_0_13_289, 135.54, 43.52, 0.000882596
FILLER_0_12_325, 152.35, 43.52, 0.000854223
PHY_18, 5.52, 38.08, 0.000912685
PHY_20, 5.52, 38.08, 0.000912685
PHY_19, 159.16, 38.08, 0.000851486
PHY_21, 159.16, 38.08, 0.000851486
_0619_, 35.54, 38.08, 0.00094278
_0968_, 35.54, 38.08, 0.00094278
_0970_, 35.54, 38.08, 0.00094278
hold118, 35.54, 38.08, 0.00094278
FILLER_0_11_70, 35.54, 38.08, 0.00094278
_0607_, 45.54, 38.08, 0.000952237
_0620_, 45.54, 38.08, 0.000952237
_0753_, 45.54, 38.08, 0.000952237
_1025_, 45.54, 38.08, 0.000952237
_1026_, 45.54, 38.08, 0.000952237
FILLER_0_10_78, 45.54, 38.08, 0.000952237
_0633_, 65.54, 38.08, 0.000907198
_0966_, 65.54, 38.08, 0.000907198
_0967_, 65.54, 38.08, 0.000907198
FILLER_0_9_125, 65.54, 38.08, 0.000907198
FILLER_0_10_122, 65.54, 38.08, 0.000907198
FILLER_0_10_130, 65.54, 38.08, 0.000907198
FILLER_0_10_136, 65.54, 38.08, 0.000907198
_0748_, 75.54, 38.08, 0.000894204
_0953_, 75.54, 38.08, 0.000894204
hold59, 75.54, 38.08, 0.000894204
FILLER_0_10_158, 75.54, 38.08, 0.000894204
FILLER_0_11_154, 75.54, 38.08, 0.000894204
_0950_, 95.54, 38.08, 0.000871348
FILLER_0_9_193, 95.54, 38.08, 0.000871348
FILLER_0_10_197, 95.54, 38.08, 0.000871348
_0614_, 105.54, 38.08, 0.000872149
_0787_, 105.54, 38.08, 0.000872149
hold74, 105.54, 38.08, 0.000872149
FILLER_0_10_223, 105.54, 38.08, 0.000872149
_0786_, 125.54, 38.08, 0.000881062
_1040_, 125.54, 38.08, 0.000881062
FILLER_0_10_265, 125.54, 38.08, 0.000881062
FILLER_0_11_269, 125.54, 38.08, 0.000881062
_0785_, 135.54, 38.08, 0.000880774
_1112_, 135.54, 38.08, 0.000880774
hold64, 135.54, 38.08, 0.000880774
FILLER_0_9_277, 135.54, 38.08, 0.000880774
input8, 152.35, 38.08, 0.000851486
FILLER_0_10_321, 152.35, 38.08, 0.000851486
PHY_14, 5.52, 32.64, 0.000921559
PHY_16, 5.52, 32.64, 0.000921559
PHY_15, 159.16, 32.64, 0.000840091
PHY_17, 159.16, 32.64, 0.000840091
_0880_, 35.54, 32.64, 0.000954604
_1081_, 35.54, 32.64, 0.000954604
_1082_, 35.54, 32.64, 0.000954604
hold119, 35.54, 32.64, 0.000954604
_0606_, 45.54, 32.64, 0.000937192
_0752_, 45.54, 32.64, 0.000937192
FILLER_0_8_79, 45.54, 32.64, 0.000937192
FILLER_0_8_85, 45.54, 32.64, 0.000937192
_0632_, 65.54, 32.64, 0.000937104
_1024_, 65.54, 32.64, 0.000937104
_1120_, 65.54, 32.64, 0.000937104
hold49, 65.54, 32.64, 0.000937104
hold125, 75.54, 32.64, 0.000913624
FILLER_0_8_157, 75.54, 32.64, 0.000913624
_0602_, 95.54, 32.64, 0.000903808
_0951_, 95.54, 32.64, 0.000903808
_1113_, 95.54, 32.64, 0.000903808
FILLER_0_8_190, 95.54, 32.64, 0.000903808
_0788_, 105.54, 32.64, 0.000899742
_1041_, 105.54, 32.64, 0.000899742
hold56, 105.54, 32.64, 0.000899742
FILLER_0_7_213, 105.54, 32.64, 0.000899742
_0628_, 125.54, 32.64, 0.00086964
_0912_, 125.54, 32.64, 0.00086964
hold31, 125.54, 32.64, 0.00086964
hold55, 135.54, 32.64, 0.00085857
FILLER_0_8_321, 152.35, 32.64, 0.000840091
FILLER_0_9_325, 152.35, 32.64, 0.000840091
PHY_10, 5.52, 27.2, 0.000904489
PHY_12, 5.52, 27.2, 0.000904489
input3, 5.52, 27.2, 0.000904489
PHY_11, 159.16, 27.2, 0.000845634
PHY_13, 159.16, 27.2, 0.000845634
_0878_, 35.54, 27.2, 0.00091427
hold128, 35.54, 27.2, 0.00091427
FILLER_0_6_76, 35.54, 27.2, 0.00091427
_0825_, 45.54, 27.2, 0.000914981
_0749_, 65.54, 27.2, 0.000925498
_0821_, 65.54, 27.2, 0.000925498
_1056_, 65.54, 27.2, 0.000925498
FILLER_0_7_135, 65.54, 27.2, 0.000925498
hold114, 75.54, 27.2, 0.000912862
_0862_, 95.54, 27.2, 0.000899806
hold50, 95.54, 27.2, 0.000899806
FILLER_0_5_194, 95.54, 27.2, 0.000899806
_0615_, 105.54, 27.2, 0.000894725
_0860_, 105.54, 27.2, 0.000894725
_0914_, 105.54, 27.2, 0.000894725
FILLER_0_6_216, 105.54, 27.2, 0.000894725
_0858_, 125.54, 27.2, 0.000888002
_1072_, 125.54, 27.2, 0.000888002
hold83, 125.54, 27.2, 0.000888002
FILLER_0_6_321, 152.35, 27.2, 0.000845634
PHY_6, 5.52, 21.76, 0.000917619
PHY_8, 5.52, 21.76, 0.000917619
PHY_7, 159.16, 21.76, 0.000837942
PHY_9, 159.16, 21.76, 0.000837942
_0823_, 35.54, 21.76, 0.00095592
_0824_, 35.54, 21.76, 0.00095592
_1057_, 35.54, 21.76, 0.00095592
_1058_, 35.54, 21.76, 0.00095592
FILLER_0_3_57, 35.54, 21.76, 0.00095592
_0826_, 45.54, 21.76, 0.000948749
hold104, 45.54, 21.76, 0.000948749
hold126, 45.54, 21.76, 0.000948749
FILLER_0_4_96, 45.54, 21.76, 0.000948749
_0822_, 65.54, 21.76, 0.000929412
FILLER_0_4_122, 65.54, 21.76, 0.000929412
FILLER_0_4_134, 65.54, 21.76, 0.000929412
_0597_, 75.54, 21.76, 0.000932943
_0985_, 75.54, 21.76, 0.000932943
_0915_, 95.54, 21.76, 0.000916131
_1097_, 95.54, 21.76, 0.000916131
FILLER_0_4_185, 95.54, 21.76, 0.000916131
FILLER_0_4_193, 95.54, 21.76, 0.000916131
_0861_, 105.54, 21.76, 0.000905744
_1073_, 105.54, 21.76, 0.000905744
hold63, 105.54, 21.76, 0.000905744
FILLER_0_3_217, 105.54, 21.76, 0.000905744
FILLER_0_4_209, 105.54, 21.76, 0.000905744
FILLER_0_5_270, 125.54, 21.76, 0.0008568
FILLER_0_3_273, 135.54, 21.76, 0.000847371
FILLER_0_4_321, 152.35, 21.76, 0.000837942
PHY_2, 5.52, 16.32, 0.000909781
PHY_4, 5.52, 16.32, 0.000909781
PHY_3, 159.16, 16.32, 0.000835689
PHY_5, 159.16, 16.32, 0.000835689
_0585_, 45.54, 16.32, 0.000959815
_0623_, 45.54, 16.32, 0.000959815
_0624_, 45.54, 16.32, 0.000959815
_0662_, 45.54, 16.32, 0.000959815
_0983_, 45.54, 16.32, 0.000959815
FILLER_0_1_81, 45.54, 16.32, 0.000959815
FILLER_0_2_77, 45.54, 16.32, 0.000959815
FILLER_0_2_85, 45.54, 16.32, 0.000959815
_0636_, 65.54, 16.32, 0.000965275
_0637_, 65.54, 16.32, 0.000965275
_0982_, 65.54, 16.32, 0.000965275
_0598_, 75.54, 16.32, 0.000950948
_0649_, 75.54, 16.32, 0.000950948
_0650_, 75.54, 16.32, 0.000950948
_0981_, 75.54, 16.32, 0.000950948
FILLER_0_2_190, 95.54, 16.32, 0.000878348
FILLER_0_1_273, 135.54, 16.32, 0.000840634
FILLER_0_2_321, 152.35, 16.32, 0.000835689
PHY_0, 5.52, 10.88, 0.000961194
output13, 5.52, 10.88, 0.000961194
PHY_1, 159.16, 10.88, 0.00087632
output16, 159.16, 10.88, 0.00087632
FILLER_0_0_21, 15.53, 10.88, 0.000940397
FILLER_0_0_81, 45.54, 10.88, 0.000907049
_0661_, 65.54, 10.88, 0.000890366
FILLER_0_0_131, 65.54, 10.88, 0.000890366
FILLER_0_1_133, 65.54, 10.88, 0.000890366
FILLER_0_0_221, 105.54, 10.88, 0.000863499
FILLER_0_1_220, 105.54, 10.88, 0.000863499
FILLER_0_0_277, 135.54, 10.88, 0.000854738
FILLER_0_0_293, 135.54, 10.88, 0.000854738
FILLER_0_0_321, 152.35, 10.88, 0.000864029

