Instance name,  X location,  Y location,  Voltage 
FILLER_0_55_305, 141.84, 160.48, 1.79923
FILLER_0_54_301, 141.84, 155.04, 1.79923
FILLER_0_52_301, 141.84, 149.6, 1.79923
FILLER_0_50_301, 141.84, 144.16, 1.79923
hold91, 141.84, 138.72, 1.79922
FILLER_0_48_301, 141.84, 138.72, 1.79922
_0796_, 141.84, 133.28, 1.79918
hold112, 141.84, 133.28, 1.79918
_0701_, 141.84, 127.84, 1.79922
FILLER_0_43_301, 141.84, 127.84, 1.79922
FILLER_0_44_305, 141.84, 127.84, 1.79922
_0813_, 141.84, 122.4, 1.7992
_0814_, 141.84, 122.4, 1.7992
hold51, 141.84, 122.4, 1.7992
FILLER_0_40_286, 141.84, 122.4, 1.7992
FILLER_0_41_288, 141.84, 122.4, 1.7992
FILLER_0_42_298, 141.84, 122.4, 1.7992
_0560_, 141.84, 116.96, 1.79919
_0740_, 141.84, 116.96, 1.79919
_0961_, 141.84, 116.96, 1.79919
_1021_, 141.84, 116.96, 1.79919
_1118_, 141.84, 116.96, 1.79919
hold58, 141.84, 116.96, 1.79919
_0960_, 141.84, 111.52, 1.7992
wire4, 141.84, 111.52, 1.7992
FILLER_0_38_303, 141.84, 111.52, 1.7992
_0704_, 141.84, 106.08, 1.79922
_0815_, 141.84, 106.08, 1.79922
FILLER_0_34_290, 141.84, 106.08, 1.79922
FILLER_0_35_299, 141.84, 106.08, 1.79922
FILLER_0_36_302, 141.84, 106.08, 1.79922
_0742_, 141.84, 100.64, 1.79924
hold27, 141.84, 100.64, 1.79924
FILLER_0_32_287, 141.84, 100.64, 1.79924
FILLER_0_32_295, 141.84, 100.64, 1.79924
FILLER_0_33_299, 141.84, 100.64, 1.79924
_0533_, 141.84, 95.2, 1.79929
wire26, 141.84, 89.76, 1.7993
hold53, 141.84, 89.76, 1.7993
hold80, 141.84, 89.76, 1.7993
FILLER_0_29_299, 141.84, 89.76, 1.7993
FILLER_0_30_305, 141.84, 89.76, 1.7993
_0811_, 141.84, 84.32, 1.79927
_1052_, 141.84, 84.32, 1.79927
hold41, 141.84, 84.32, 1.79927
FILLER_0_26_296, 141.84, 84.32, 1.79927
FILLER_0_28_297, 141.84, 84.32, 1.79927
_0573_, 141.84, 78.88, 1.79926
hold28, 141.84, 78.88, 1.79926
hold46, 141.84, 78.88, 1.79926
_0720_, 141.84, 73.44, 1.79927
FILLER_0_24_300, 141.84, 73.44, 1.79927
_0801_, 141.84, 68, 1.79921
_0802_, 141.84, 68, 1.79921
_1047_, 141.84, 68, 1.79921
FILLER_0_21_293, 141.84, 68, 1.79921
FILLER_0_22_301, 141.84, 68, 1.79921
_0729_, 141.84, 62.56, 1.79916
_1015_, 141.84, 62.56, 1.79916
FILLER_0_19_290, 141.84, 62.56, 1.79916
hold70, 141.84, 57.12, 1.79921
FILLER_0_18_299, 141.84, 57.12, 1.79921
FILLER_0_14_294, 141.84, 51.68, 1.79918
FILLER_0_15_302, 141.84, 51.68, 1.79918
FILLER_0_16_302, 141.84, 51.68, 1.79918
_0731_, 141.84, 46.24, 1.79915
_0803_, 141.84, 46.24, 1.79915
_1048_, 141.84, 46.24, 1.79915
FILLER_0_12_293, 141.84, 46.24, 1.79915
FILLER_0_13_289, 141.84, 46.24, 1.79915
_0686_, 141.84, 40.8, 1.79914
_0804_, 141.84, 40.8, 1.79914
_1112_, 141.84, 40.8, 1.79914
hold64, 141.84, 40.8, 1.79914
_0949_, 141.84, 35.36, 1.79917
hold55, 141.84, 35.36, 1.79917
FILLER_0_10_303, 141.84, 35.36, 1.79917
FILLER_0_8_301, 141.84, 29.92, 1.79917
FILLER_0_6_305, 141.84, 24.48, 1.79917
FILLER_0_4_301, 141.84, 19.04, 1.79918
input2, 141.84, 13.6, 1.79916
FILLER_0_0_293, 141.84, 13.6, 1.79916
FILLER_0_0_301, 141.84, 13.6, 1.79916
FILLER_0_2_301, 141.84, 13.6, 1.79916
FILLER_0_53_221, 111.84, 155.04, 1.79921
FILLER_0_54_241, 111.84, 155.04, 1.79921
FILLER_0_51_221, 111.84, 149.6, 1.79921
_0923_, 111.84, 138.72, 1.79922
FILLER_0_47_237, 111.84, 138.72, 1.79922
_0922_, 111.84, 133.28, 1.79919
_1101_, 111.84, 133.28, 1.79919
FILLER_0_45_237, 111.84, 133.28, 1.79919
FILLER_0_46_233, 111.84, 133.28, 1.79919
_0869_, 111.84, 127.84, 1.79922
_1077_, 111.84, 127.84, 1.79922
FILLER_0_44_233, 111.84, 127.84, 1.79922
FILLER_0_40_226, 111.84, 122.4, 1.79922
FILLER_0_42_238, 111.84, 122.4, 1.79922
_0531_, 111.84, 116.96, 1.79921
max_cap1, 111.84, 116.96, 1.79921
max_cap2, 111.84, 116.96, 1.79921
FILLER_0_39_237, 111.84, 116.96, 1.79921
FILLER_0_40_234, 111.84, 116.96, 1.79921
_0530_, 111.84, 111.52, 1.79919
_1102_, 111.84, 111.52, 1.79919
FILLER_0_37_225, 111.84, 111.52, 1.79919
FILLER_0_38_238, 111.84, 111.52, 1.79919
_1078_, 111.84, 106.08, 1.79926
FILLER_0_35_237, 111.84, 106.08, 1.79926
_0717_, 111.84, 100.64, 1.7993
hold98, 111.84, 100.64, 1.7993
FILLER_0_33_237, 111.84, 100.64, 1.7993
_1011_, 111.84, 95.2, 1.79933
hold11, 111.84, 95.2, 1.79933
FILLER_0_32_238, 111.84, 95.2, 1.79933
_0587_, 111.84, 89.76, 1.79936
_0921_, 111.84, 84.32, 1.79933
_1100_, 111.84, 84.32, 1.79933
hold24, 111.84, 84.32, 1.79933
FILLER_0_26_221, 111.84, 84.32, 1.79933
FILLER_0_27_225, 111.84, 84.32, 1.79933
FILLER_0_27_233, 111.84, 84.32, 1.79933
FILLER_0_28_241, 111.84, 84.32, 1.79933
_0576_, 111.84, 78.88, 1.79931
_0867_, 111.84, 78.88, 1.79931
_1076_, 111.84, 78.88, 1.79931
FILLER_0_24_229, 111.84, 78.88, 1.79931
_0857_, 111.84, 73.44, 1.79928
_0866_, 111.84, 73.44, 1.79928
_0920_, 111.84, 73.44, 1.79928
hold22, 111.84, 73.44, 1.79928
_0642_, 111.84, 68, 1.79926
_0714_, 111.84, 62.56, 1.79919
_1065_, 111.84, 62.56, 1.79919
hold62, 111.84, 62.56, 1.79919
FILLER_0_19_230, 111.84, 62.56, 1.79919
FILLER_0_19_238, 111.84, 62.56, 1.79919
FILLER_0_20_241, 111.84, 62.56, 1.79919
_0713_, 111.84, 57.12, 1.79918
_0842_, 111.84, 57.12, 1.79918
_1009_, 111.84, 57.12, 1.79918
hold30, 111.84, 57.12, 1.79918
FILLER_0_16_221, 111.84, 57.12, 1.79918
_0613_, 111.84, 51.68, 1.79919
_0806_, 111.84, 46.24, 1.79916
FILLER_0_12_222, 111.84, 46.24, 1.79916
FILLER_0_12_230, 111.84, 46.24, 1.79916
FILLER_0_14_235, 111.84, 46.24, 1.79916
_0614_, 111.84, 40.8, 1.79915
_0616_, 111.84, 40.8, 1.79915
_0787_, 111.84, 40.8, 1.79915
FILLER_0_10_223, 111.84, 40.8, 1.79915
FILLER_0_12_239, 111.84, 40.8, 1.79915
_0788_, 111.84, 35.36, 1.79915
_1041_, 111.84, 35.36, 1.79915
hold54, 111.84, 35.36, 1.79915
_0615_, 111.84, 29.92, 1.79915
hold63, 111.84, 24.48, 1.79914
FILLER_0_6_240, 111.84, 24.48, 1.79914
FILLER_0_4_241, 111.84, 19.04, 1.79916
output12, 111.84, 13.6, 1.79916
FILLER_0_0_221, 111.84, 13.6, 1.79916
FILLER_0_0_237, 111.84, 13.6, 1.79916
FILLER_0_55_165, 81.84, 160.48, 1.79923
_0523_, 81.84, 155.04, 1.79918
_0673_, 81.84, 155.04, 1.79918
_0994_, 81.84, 155.04, 1.79918
FILLER_0_53_158, 81.84, 155.04, 1.79918
_0519_, 81.84, 149.6, 1.79916
_0522_, 81.84, 149.6, 1.79916
_0525_, 81.84, 149.6, 1.79916
_0659_, 81.84, 149.6, 1.79916
FILLER_0_50_160, 81.84, 149.6, 1.79916
_0521_, 81.84, 144.16, 1.79924
FILLER_0_49_162, 81.84, 144.16, 1.79924
FILLER_0_50_174, 81.84, 144.16, 1.79924
_0681_, 81.84, 138.72, 1.79921
_0762_, 81.84, 138.72, 1.79921
_0835_, 81.84, 138.72, 1.79921
_0908_, 81.84, 138.72, 1.79921
_0726_, 81.84, 133.28, 1.79922
_0781_, 81.84, 133.28, 1.79922
_0944_, 81.84, 133.28, 1.79922
FILLER_0_44_161, 81.84, 133.28, 1.79922
FILLER_0_45_156, 81.84, 133.28, 1.79922
FILLER_0_46_171, 81.84, 133.28, 1.79922
_0799_, 81.84, 127.84, 1.79925
FILLER_0_43_160, 81.84, 127.84, 1.79925
_0509_, 81.84, 122.4, 1.79924
FILLER_0_41_165, 81.84, 122.4, 1.79924
_0508_, 81.84, 116.96, 1.79923
_0998_, 81.84, 116.96, 1.79923
FILLER_0_38_161, 81.84, 116.96, 1.79923
FILLER_0_39_162, 81.84, 116.96, 1.79923
_0512_, 81.84, 111.52, 1.79923
_0513_, 81.84, 111.52, 1.79923
_0514_, 81.84, 111.52, 1.79923
_0996_, 81.84, 111.52, 1.79923
_0995_, 81.84, 106.08, 1.79932
FILLER_0_35_159, 81.84, 106.08, 1.79932
FILLER_0_35_169, 81.84, 106.08, 1.79932
FILLER_0_36_166, 81.84, 106.08, 1.79932
FILLER_0_33_160, 81.84, 100.64, 1.79939
_1099_, 81.84, 95.2, 1.7994
hold21, 81.84, 95.2, 1.7994
FILLER_0_31_169, 81.84, 95.2, 1.7994
_0596_, 81.84, 89.76, 1.79943
_0695_, 81.84, 89.76, 1.79943
_0955_, 81.84, 89.76, 1.79943
_1115_, 81.84, 89.76, 1.79943
FILLER_0_29_161, 81.84, 89.76, 1.79943
FILLER_0_29_169, 81.84, 89.76, 1.79943
FILLER_0_30_176, 81.84, 89.76, 1.79943
_0595_, 81.84, 84.32, 1.79937
clkbuf_0_clk, 81.84, 84.32, 1.79937
FILLER_0_27_157, 81.84, 84.32, 1.79937
FILLER_0_27_169, 81.84, 84.32, 1.79937
FILLER_0_25_158, 81.84, 78.88, 1.79942
_1111_, 81.84, 73.44, 1.79933
hold1, 81.84, 73.44, 1.79933
FILLER_0_23_164, 81.84, 73.44, 1.79933
FILLER_0_23_169, 81.84, 73.44, 1.79933
_0644_, 81.84, 68, 1.79928
_0647_, 81.84, 68, 1.79928
_0648_, 81.84, 68, 1.79928
_0678_, 81.84, 68, 1.79928
_0910_, 81.84, 68, 1.79928
FILLER_0_21_164, 81.84, 68, 1.79928
_0765_, 81.84, 62.56, 1.79926
_0766_, 81.84, 57.12, 1.79919
hold32, 81.84, 57.12, 1.79919
hold61, 81.84, 57.12, 1.79919
FILLER_0_17_169, 81.84, 57.12, 1.79919
FILLER_0_15_163, 81.84, 51.68, 1.79919
_0634_, 81.84, 46.24, 1.79918
FILLER_0_12_165, 81.84, 46.24, 1.79918
_0790_, 81.84, 40.8, 1.79915
_0952_, 81.84, 40.8, 1.79915
_0953_, 81.84, 40.8, 1.79915
_1114_, 81.84, 40.8, 1.79915
FILLER_0_10_158, 81.84, 40.8, 1.79915
_1042_, 81.84, 35.36, 1.79914
hold125, 81.84, 35.36, 1.79914
FILLER_0_8_157, 81.84, 35.36, 1.79914
FILLER_0_8_165, 81.84, 35.36, 1.79914
FILLER_0_9_164, 81.84, 35.36, 1.79914
_0689_, 81.84, 29.92, 1.79915
_0692_, 81.84, 29.92, 1.79915
_0916_, 81.84, 29.92, 1.79915
FILLER_0_7_165, 81.84, 29.92, 1.79915
FILLER_0_7_169, 81.84, 29.92, 1.79915
_0917_, 81.84, 24.48, 1.79913
_1098_, 81.84, 24.48, 1.79913
FILLER_0_5_169, 81.84, 24.48, 1.79913
_0649_, 81.84, 19.04, 1.79911
_0981_, 81.84, 19.04, 1.79911
FILLER_0_3_165, 81.84, 19.04, 1.79911
FILLER_0_4_174, 81.84, 19.04, 1.79911
_0660_, 81.84, 13.6, 1.79915
_0664_, 81.84, 13.6, 1.79915
FILLER_0_0_165, 81.84, 13.6, 1.79915
FILLER_0_0_169, 81.84, 13.6, 1.79915
FILLER_0_55_109, 51.84, 160.48, 1.79923
FILLER_0_52_97, 51.84, 155.04, 1.79921
FILLER_0_53_105, 51.84, 155.04, 1.79921
_0989_, 51.84, 149.6, 1.79919
FILLER_0_51_105, 51.84, 149.6, 1.79919
FILLER_0_49_105, 51.84, 144.16, 1.79923
_0651_, 51.84, 138.72, 1.79919
_0980_, 51.84, 138.72, 1.79919
hold121, 51.84, 138.72, 1.79919
FILLER_0_47_109, 51.84, 138.72, 1.79919
_0758_, 51.84, 133.28, 1.79921
hold44, 51.84, 133.28, 1.79921
_0567_, 51.84, 127.84, 1.79921
_0568_, 51.84, 127.84, 1.79921
FILLER_0_42_100, 51.84, 127.84, 1.79921
FILLER_0_43_90, 51.84, 127.84, 1.79921
FILLER_0_43_101, 51.84, 127.84, 1.79921
FILLER_0_43_109, 51.84, 127.84, 1.79921
_0558_, 51.84, 122.4, 1.79921
_0667_, 51.84, 122.4, 1.79921
_0703_, 51.84, 122.4, 1.79921
_1005_, 51.84, 122.4, 1.79921
_0570_, 51.84, 116.96, 1.79924
FILLER_0_39_105, 51.84, 116.96, 1.79924
FILLER_0_40_102, 51.84, 116.96, 1.79924
_0557_, 51.84, 111.52, 1.79922
FILLER_0_37_108, 51.84, 111.52, 1.79922
_0556_, 51.84, 106.08, 1.79923
_0706_, 51.84, 106.08, 1.79923
_1006_, 51.84, 106.08, 1.79923
FILLER_0_34_94, 51.84, 106.08, 1.79923
FILLER_0_35_93, 51.84, 106.08, 1.79923
FILLER_0_36_109, 51.84, 106.08, 1.79923
_0705_, 51.84, 100.64, 1.79929
FILLER_0_33_108, 51.84, 100.64, 1.79929
_1083_, 51.84, 95.2, 1.7993
hold26, 51.84, 95.2, 1.7993
FILLER_0_30_97, 51.84, 95.2, 1.7993
FILLER_0_32_105, 51.84, 95.2, 1.7993
_0882_, 51.84, 89.76, 1.79935
_0883_, 51.84, 89.76, 1.79935
FILLER_0_29_102, 51.84, 89.76, 1.79935
_0700_, 51.84, 84.32, 1.79933
_1004_, 51.84, 84.32, 1.79933
FILLER_0_27_102, 51.84, 84.32, 1.79933
FILLER_0_28_109, 51.84, 84.32, 1.79933
_0583_, 51.84, 78.88, 1.79932
_0699_, 51.84, 78.88, 1.79932
hold6, 51.84, 78.88, 1.79932
hold71, 51.84, 73.44, 1.79927
FILLER_0_22_97, 51.84, 73.44, 1.79927
FILLER_0_23_105, 51.84, 73.44, 1.79927
FILLER_0_24_109, 51.84, 73.44, 1.79927
_0875_, 51.84, 68, 1.79923
_1079_, 51.84, 68, 1.79923
FILLER_0_21_103, 51.84, 68, 1.79923
_0610_, 51.84, 62.56, 1.79922
_0663_, 51.84, 62.56, 1.79922
FILLER_0_19_105, 51.84, 62.56, 1.79922
hold113, 51.84, 57.12, 1.79915
FILLER_0_17_103, 51.84, 57.12, 1.79915
_0609_, 51.84, 51.68, 1.7991
_0694_, 51.84, 51.68, 1.7991
_1002_, 51.84, 51.68, 1.7991
FILLER_0_14_93, 51.84, 51.68, 1.7991
FILLER_0_16_107, 51.84, 51.68, 1.7991
_0608_, 51.84, 46.24, 1.79915
_0691_, 51.84, 46.24, 1.79915
hold93, 51.84, 46.24, 1.79915
FILLER_0_13_104, 51.84, 46.24, 1.79915
FILLER_0_14_110, 51.84, 46.24, 1.79915
_0622_, 51.84, 40.8, 1.79913
_0750_, 51.84, 40.8, 1.79913
_1025_, 51.84, 40.8, 1.79913
FILLER_0_11_107, 51.84, 40.8, 1.79913
_0752_, 51.84, 35.36, 1.79911
hold107, 51.84, 35.36, 1.79911
_0751_, 51.84, 29.92, 1.79912
_0826_, 51.84, 24.48, 1.79913
FILLER_0_4_96, 51.84, 24.48, 1.79913
FILLER_0_5_109, 51.84, 24.48, 1.79913
FILLER_0_6_109, 51.84, 24.48, 1.79913
_0584_, 51.84, 19.04, 1.79908
_0585_, 51.84, 19.04, 1.79908
_0623_, 51.84, 19.04, 1.79908
_0624_, 51.84, 19.04, 1.79908
_0662_, 51.84, 19.04, 1.79908
_0986_, 51.84, 19.04, 1.79908
hold135, 51.84, 19.04, 1.79908
FILLER_0_0_109, 51.84, 13.6, 1.79912
FILLER_0_1_106, 51.84, 13.6, 1.79912
_0905_, 21.84, 127.84, 1.79918
_0940_, 21.84, 127.84, 1.79918
_1085_, 21.84, 127.84, 1.79918
_1109_, 21.84, 127.84, 1.79918
FILLER_0_43_27, 21.84, 127.84, 1.79918
FILLER_0_44_41, 21.84, 127.84, 1.79918
_0941_, 21.84, 122.4, 1.79921
_1093_, 21.84, 122.4, 1.79921
_0907_, 21.84, 116.96, 1.79925
FILLER_0_38_34, 21.84, 116.96, 1.79925
FILLER_0_40_41, 21.84, 116.96, 1.79925
_0942_, 21.84, 111.52, 1.79921
_1094_, 21.84, 111.52, 1.79921
_1110_, 21.84, 111.52, 1.79921
hold65, 21.84, 111.52, 1.79921
FILLER_0_38_42, 21.84, 111.52, 1.79921
_0906_, 21.84, 106.08, 1.79923
_1126_, 21.84, 106.08, 1.79923
_0900_, 21.84, 100.64, 1.79926
FILLER_0_34_41, 21.84, 100.64, 1.79926
_0936_, 21.84, 95.2, 1.79925
_1091_, 21.84, 95.2, 1.79925
hold111, 21.84, 95.2, 1.79925
_0591_, 21.84, 89.76, 1.79931
hold14, 21.84, 89.76, 1.79931
_0938_, 21.84, 84.32, 1.79927
_1092_, 21.84, 84.32, 1.79927
hold66, 21.84, 84.32, 1.79927
_0902_, 21.84, 78.88, 1.79928
hold45, 21.84, 78.88, 1.79928
FILLER_0_25_27, 21.84, 78.88, 1.79928
_0928_, 21.84, 73.44, 1.79923
hold82, 21.84, 73.44, 1.79923
_0643_, 21.84, 68, 1.7992
_0929_, 21.84, 68, 1.7992
_1084_, 21.84, 68, 1.7992
hold79, 21.84, 68, 1.7992
FILLER_0_21_46, 21.84, 68, 1.7992
FILLER_0_22_38, 21.84, 68, 1.7992
hold97, 21.84, 62.56, 1.7992
FILLER_0_18_29, 21.84, 62.56, 1.7992
FILLER_0_19_45, 21.84, 62.56, 1.7992
_0604_, 21.84, 57.12, 1.79912
_0898_, 21.84, 57.12, 1.79912
_0934_, 21.84, 57.12, 1.79912
_0935_, 21.84, 57.12, 1.79912
FILLER_0_18_45, 21.84, 57.12, 1.79912
_0896_, 21.84, 51.68, 1.79911
_0932_, 21.84, 51.68, 1.79911
hold99, 21.84, 51.68, 1.79911
hold101, 21.84, 51.68, 1.79911
hold120, 21.84, 46.24, 1.79915
_1121_, 21.84, 35.36, 1.79912
FILLER_0_9_39, 21.84, 35.36, 1.79912
FILLER_0_10_41, 21.84, 35.36, 1.79912
FILLER_0_7_43, 21.84, 29.92, 1.79913
FILLER_0_8_41, 21.84, 29.92, 1.79913
FILLER_0_0_41, 21.84, 13.6, 1.79912
PHY_108, 5.52, 160.48, 1.79923
PHY_110, 5.52, 160.48, 1.79923
input10, 5.52, 160.48, 1.79923
PHY_109, 159.16, 160.48, 1.79923
PHY_111, 159.16, 160.48, 1.79923
FILLER_0_55_18, 13.68, 160.48, 1.79923
input5, 31.84, 160.48, 1.79923
FILLER_0_55_53, 31.84, 160.48, 1.79923
FILLER_0_55_57, 31.84, 160.48, 1.79923
FILLER_0_54_77, 41.84, 160.48, 1.79923
input6, 61.84, 160.48, 1.79923
FILLER_0_55_125, 61.84, 160.48, 1.79923
FILLER_0_55_133, 61.84, 160.48, 1.79923
output20, 91.84, 160.48, 1.79922
FILLER_0_55_193, 91.84, 160.48, 1.79922
FILLER_0_55_215, 101.84, 160.48, 1.79923
output21, 121.84, 160.48, 1.79922
FILLER_0_54_249, 121.84, 160.48, 1.79922
FILLER_0_55_249, 121.84, 160.48, 1.79922
FILLER_0_55_273, 131.84, 160.48, 1.79923
input7, 150.5, 160.48, 1.79923
FILLER_0_55_309, 150.5, 160.48, 1.79923
FILLER_0_55_322, 150.5, 160.48, 1.79923
PHY_104, 5.52, 155.04, 1.79923
PHY_106, 5.52, 155.04, 1.79923
PHY_105, 159.16, 155.04, 1.79923
PHY_107, 159.16, 155.04, 1.79923
FILLER_0_53_51, 31.84, 155.04, 1.79922
FILLER_0_52_77, 41.84, 155.04, 1.79922
_0529_, 61.84, 155.04, 1.79919
_0668_, 61.84, 155.04, 1.79919
hold129, 61.84, 155.04, 1.79919
FILLER_0_54_133, 61.84, 155.04, 1.79919
_0515_, 71.84, 155.04, 1.79918
_0655_, 71.84, 155.04, 1.79918
_0990_, 71.84, 155.04, 1.79918
FILLER_0_52_144, 71.84, 155.04, 1.79918
_0524_, 91.84, 155.04, 1.79916
_0526_, 91.84, 155.04, 1.79916
_0527_, 91.84, 155.04, 1.79916
_0992_, 91.84, 155.04, 1.79916
hold131, 91.84, 155.04, 1.79916
hold133, 91.84, 155.04, 1.79916
FILLER_0_53_185, 91.84, 155.04, 1.79916
FILLER_0_54_189, 91.84, 155.04, 1.79916
FILLER_0_52_244, 121.84, 155.04, 1.79922
FILLER_0_53_273, 131.84, 155.04, 1.79922
FILLER_0_54_321, 150.5, 155.04, 1.79923
PHY_100, 5.52, 149.6, 1.79922
PHY_102, 5.52, 149.6, 1.79922
input1, 5.52, 149.6, 1.79922
PHY_101, 159.16, 149.6, 1.79923
PHY_103, 159.16, 149.6, 1.79923
FILLER_0_52_19, 13.68, 149.6, 1.79922
FILLER_0_51_51, 31.84, 149.6, 1.79921
FILLER_0_50_77, 41.84, 149.6, 1.7992
_0494_, 61.84, 149.6, 1.79915
_0656_, 61.84, 149.6, 1.79915
FILLER_0_50_121, 61.84, 149.6, 1.79915
FILLER_0_52_126, 61.84, 149.6, 1.79915
_0520_, 71.84, 149.6, 1.79915
_0652_, 71.84, 149.6, 1.79915
_0653_, 71.84, 149.6, 1.79915
_0654_, 71.84, 149.6, 1.79915
_0669_, 71.84, 149.6, 1.79915
FILLER_0_51_142, 71.84, 149.6, 1.79915
FILLER_0_51_153, 71.84, 149.6, 1.79915
FILLER_0_52_151, 71.84, 149.6, 1.79915
_0518_, 91.84, 149.6, 1.79912
_0528_, 91.84, 149.6, 1.79912
_0672_, 91.84, 149.6, 1.79912
_0991_, 91.84, 149.6, 1.79912
_0993_, 91.84, 149.6, 1.79912
hold134, 91.84, 149.6, 1.79912
_0670_, 101.84, 149.6, 1.79917
FILLER_0_51_213, 101.84, 149.6, 1.79917
FILLER_0_51_273, 131.84, 149.6, 1.79922
FILLER_0_52_321, 150.5, 149.6, 1.79923
PHY_96, 5.52, 144.16, 1.79923
PHY_98, 5.52, 144.16, 1.79923
PHY_97, 159.16, 144.16, 1.79923
PHY_99, 159.16, 144.16, 1.79923
FILLER_0_49_51, 31.84, 144.16, 1.79923
FILLER_0_48_77, 41.84, 144.16, 1.79923
_0516_, 61.84, 144.16, 1.79922
_0517_, 71.84, 144.16, 1.79922
_0962_, 71.84, 144.16, 1.79922
FILLER_0_48_136, 71.84, 144.16, 1.79922
FILLER_0_49_137, 71.84, 144.16, 1.79922
FILLER_0_50_146, 71.84, 144.16, 1.79922
_0671_, 91.84, 144.16, 1.79924
FILLER_0_49_217, 101.84, 144.16, 1.79924
FILLER_0_48_245, 121.84, 144.16, 1.79924
FILLER_0_49_273, 131.84, 144.16, 1.79924
FILLER_0_50_321, 150.5, 144.16, 1.79923
PHY_92, 5.52, 138.72, 1.79922
PHY_94, 5.52, 138.72, 1.79922
PHY_93, 159.16, 138.72, 1.79922
PHY_95, 159.16, 138.72, 1.79922
FILLER_0_47_51, 31.84, 138.72, 1.7992
_0976_, 41.84, 138.72, 1.79919
_0977_, 41.84, 138.72, 1.79919
_1125_, 41.84, 138.72, 1.79919
_0963_, 61.84, 138.72, 1.79918
hold127, 61.84, 138.72, 1.79918
FILLER_0_47_122, 61.84, 138.72, 1.79918
_0679_, 71.84, 138.72, 1.79919
_0744_, 71.84, 138.72, 1.79919
_0745_, 71.84, 138.72, 1.79919
_0890_, 71.84, 138.72, 1.79919
FILLER_0_46_141, 71.84, 138.72, 1.79919
FILLER_0_47_152, 71.84, 138.72, 1.79919
_0725_, 91.84, 138.72, 1.79921
_0782_, 91.84, 138.72, 1.79921
_0854_, 91.84, 138.72, 1.79921
FILLER_0_47_197, 91.84, 138.72, 1.79921
_0490_, 101.84, 138.72, 1.79921
_0491_, 101.84, 138.72, 1.79921
FILLER_0_47_214, 101.84, 138.72, 1.79921
_0959_, 131.84, 138.72, 1.7992
_1117_, 131.84, 138.72, 1.7992
FILLER_0_47_267, 131.84, 138.72, 1.7992
FILLER_0_48_321, 150.5, 138.72, 1.79922
PHY_88, 5.52, 133.28, 1.79922
PHY_90, 5.52, 133.28, 1.79922
PHY_89, 159.16, 133.28, 1.79915
PHY_91, 159.16, 133.28, 1.79915
output19, 159.16, 133.28, 1.79915
FILLER_0_45_325, 159.16, 133.28, 1.79915
_0927_, 31.84, 133.28, 1.7992
hold106, 31.84, 133.28, 1.7992
FILLER_0_45_51, 31.84, 133.28, 1.7992
FILLER_0_45_57, 31.84, 133.28, 1.7992
_0759_, 41.84, 133.28, 1.79919
_0891_, 41.84, 133.28, 1.79919
_1029_, 41.84, 133.28, 1.79919
FILLER_0_44_77, 41.84, 133.28, 1.79919
FILLER_0_45_69, 41.84, 133.28, 1.79919
FILLER_0_45_78, 41.84, 133.28, 1.79919
_0495_, 61.84, 133.28, 1.79919
FILLER_0_44_117, 61.84, 133.28, 1.79919
FILLER_0_45_113, 61.84, 133.28, 1.79919
FILLER_0_45_121, 61.84, 133.28, 1.79919
_0501_, 71.84, 133.28, 1.7992
_0763_, 71.84, 133.28, 1.7992
_0818_, 71.84, 133.28, 1.7992
_0872_, 71.84, 133.28, 1.7992
FILLER_0_44_141, 71.84, 133.28, 1.7992
FILLER_0_46_154, 71.84, 133.28, 1.7992
_0489_, 91.84, 133.28, 1.79918
_0680_, 91.84, 133.28, 1.79918
_0707_, 91.84, 133.28, 1.79918
_0708_, 91.84, 133.28, 1.79918
_0836_, 91.84, 133.28, 1.79918
_0909_, 91.84, 133.28, 1.79918
_0945_, 91.84, 133.28, 1.79918
_0492_, 101.84, 133.28, 1.79918
_0493_, 101.84, 133.28, 1.79918
_0855_, 101.84, 133.28, 1.79918
FILLER_0_45_204, 101.84, 133.28, 1.79918
FILLER_0_45_216, 101.84, 133.28, 1.79918
_0851_, 121.84, 133.28, 1.79917
hold102, 121.84, 133.28, 1.79917
FILLER_0_44_248, 121.84, 133.28, 1.79917
FILLER_0_46_261, 121.84, 133.28, 1.79917
_0958_, 131.84, 133.28, 1.79916
_1013_, 131.84, 133.28, 1.79916
_1045_, 131.84, 133.28, 1.79916
FILLER_0_46_321, 150.5, 133.28, 1.79917
PHY_84, 5.52, 127.84, 1.79918
PHY_86, 5.52, 127.84, 1.79918
PHY_85, 159.16, 127.84, 1.79922
PHY_87, 159.16, 127.84, 1.79922
_0832_, 31.84, 127.84, 1.79916
_0886_, 31.84, 127.84, 1.79916
_0904_, 31.84, 127.84, 1.79916
_1061_, 31.84, 127.84, 1.79916
hold100, 31.84, 127.84, 1.79916
hold122, 31.84, 127.84, 1.79916
_0831_, 41.84, 127.84, 1.79918
_0887_, 41.84, 127.84, 1.79918
hold75, 41.84, 127.84, 1.79918
FILLER_0_43_82, 41.84, 127.84, 1.79918
_0873_, 61.84, 127.84, 1.79921
hold2, 61.84, 127.84, 1.79921
FILLER_0_44_125, 61.84, 127.84, 1.79921
_0682_, 71.84, 127.84, 1.79922
_0683_, 71.84, 127.84, 1.79922
_0764_, 71.84, 127.84, 1.79922
_0817_, 71.84, 127.84, 1.79922
_0926_, 71.84, 127.84, 1.79922
FILLER_0_42_137, 71.84, 127.84, 1.79922
FILLER_0_43_137, 71.84, 127.84, 1.79922
_0800_, 91.84, 127.84, 1.79923
_0837_, 91.84, 127.84, 1.79923
FILLER_0_44_192, 91.84, 127.84, 1.79923
_0727_, 101.84, 127.84, 1.79922
FILLER_0_42_200, 101.84, 127.84, 1.79922
FILLER_0_43_217, 101.84, 127.84, 1.79922
_0868_, 121.84, 127.84, 1.79919
_1069_, 121.84, 127.84, 1.79919
hold34, 121.84, 127.84, 1.79919
FILLER_0_44_261, 121.84, 127.84, 1.79919
_0721_, 131.84, 127.84, 1.7992
_0722_, 131.84, 127.84, 1.7992
_0795_, 131.84, 127.84, 1.7992
hold90, 131.84, 127.84, 1.7992
FILLER_0_43_322, 150.5, 127.84, 1.79922
FILLER_0_44_321, 150.5, 127.84, 1.79922
PHY_80, 5.52, 122.4, 1.7992
PHY_82, 5.52, 122.4, 1.7992
input9, 5.52, 122.4, 1.7992
PHY_81, 159.16, 122.4, 1.79917
PHY_83, 159.16, 122.4, 1.79917
FILLER_0_40_325, 159.16, 122.4, 1.79917
FILLER_0_41_325, 159.16, 122.4, 1.79917
FILLER_0_41_25, 13.68, 122.4, 1.7992
_0565_, 31.84, 122.4, 1.79918
_1037_, 31.84, 122.4, 1.79918
FILLER_0_41_49, 31.84, 122.4, 1.79918
FILLER_0_42_64, 31.84, 122.4, 1.79918
_0566_, 41.84, 122.4, 1.79917
_0777_, 41.84, 122.4, 1.79917
_0778_, 41.84, 122.4, 1.79917
_0988_, 41.84, 122.4, 1.79917
hold37, 41.84, 122.4, 1.79917
FILLER_0_41_69, 41.84, 122.4, 1.79917
_0569_, 61.84, 122.4, 1.79921
_0702_, 61.84, 122.4, 1.79921
FILLER_0_40_121, 61.84, 122.4, 1.79921
FILLER_0_42_129, 61.84, 122.4, 1.79921
_0549_, 71.84, 122.4, 1.79921
_0551_, 71.84, 122.4, 1.79921
FILLER_0_41_134, 71.84, 122.4, 1.79921
_0676_, 91.84, 122.4, 1.79921
_0997_, 91.84, 122.4, 1.79921
FILLER_0_40_183, 91.84, 122.4, 1.79921
FILLER_0_41_181, 91.84, 122.4, 1.79921
FILLER_0_42_189, 91.84, 122.4, 1.79921
_0496_, 101.84, 122.4, 1.79919
_0497_, 101.84, 122.4, 1.79919
_0498_, 101.84, 122.4, 1.79919
_0535_, 101.84, 122.4, 1.79919
_0563_, 121.84, 122.4, 1.7992
_0850_, 121.84, 122.4, 1.7992
hold103, 121.84, 122.4, 1.7992
FILLER_0_40_247, 121.84, 122.4, 1.7992
FILLER_0_41_258, 121.84, 122.4, 1.7992
_0561_, 131.84, 122.4, 1.79919
_0562_, 131.84, 122.4, 1.79919
_0564_, 131.84, 122.4, 1.79919
FILLER_0_41_271, 131.84, 122.4, 1.79919
_0741_, 150.5, 122.4, 1.79917
_1053_, 150.5, 122.4, 1.79917
hold116, 150.5, 122.4, 1.79917
FILLER_0_42_321, 150.5, 122.4, 1.79917
PHY_76, 5.52, 116.96, 1.79925
PHY_78, 5.52, 116.96, 1.79925
PHY_77, 159.16, 116.96, 1.79919
PHY_79, 159.16, 116.96, 1.79919
_0547_, 31.84, 116.96, 1.79924
FILLER_0_39_51, 31.84, 116.96, 1.79924
FILLER_0_40_67, 31.84, 116.96, 1.79924
_0559_, 41.84, 116.96, 1.79923
FILLER_0_40_81, 41.84, 116.96, 1.79923
FILLER_0_40_85, 41.84, 116.96, 1.79923
_0550_, 61.84, 116.96, 1.79921
_0552_, 61.84, 116.96, 1.79921
FILLER_0_38_117, 61.84, 116.96, 1.79921
FILLER_0_40_129, 61.84, 116.96, 1.79921
_0500_, 71.84, 116.96, 1.7992
_0505_, 71.84, 116.96, 1.7992
_0544_, 71.84, 116.96, 1.7992
_0555_, 71.84, 116.96, 1.7992
max_cap23, 71.84, 116.96, 1.7992
FILLER_0_40_154, 71.84, 116.96, 1.7992
_0499_, 91.84, 116.96, 1.79919
_0657_, 91.84, 116.96, 1.79919
FILLER_0_39_193, 91.84, 116.96, 1.79919
_0534_, 101.84, 116.96, 1.79917
_0537_, 101.84, 116.96, 1.79917
_0538_, 101.84, 116.96, 1.79917
_0540_, 101.84, 116.96, 1.79917
FILLER_0_40_214, 101.84, 116.96, 1.79917
_0925_, 121.84, 116.96, 1.79918
wire24, 121.84, 116.96, 1.79918
wire25, 121.84, 116.96, 1.79918
FILLER_0_38_246, 121.84, 116.96, 1.79918
FILLER_0_39_250, 121.84, 116.96, 1.79918
FILLER_0_40_253, 121.84, 116.96, 1.79918
FILLER_0_40_262, 121.84, 116.96, 1.79918
_0798_, 131.84, 116.96, 1.79918
_1046_, 131.84, 116.96, 1.79918
FILLER_0_38_265, 131.84, 116.96, 1.79918
FILLER_0_39_276, 131.84, 116.96, 1.79918
FILLER_0_39_281, 131.84, 116.96, 1.79918
FILLER_0_39_321, 150.5, 116.96, 1.79919
PHY_72, 5.52, 111.52, 1.79921
PHY_74, 5.52, 111.52, 1.79921
PHY_73, 159.16, 111.52, 1.79919
PHY_75, 159.16, 111.52, 1.79919
FILLER_0_37_326, 159.16, 111.52, 1.79919
_0943_, 13.68, 111.52, 1.79921
FILLER_0_37_15, 13.68, 111.52, 1.79921
_1038_, 31.84, 111.52, 1.79919
FILLER_0_36_54, 31.84, 111.52, 1.79919
FILLER_0_37_52, 31.84, 111.52, 1.79919
_0548_, 41.84, 111.52, 1.79919
_0761_, 41.84, 111.52, 1.79919
_0779_, 41.84, 111.52, 1.79919
hold78, 41.84, 111.52, 1.79919
_0545_, 61.84, 111.52, 1.79916
_0546_, 61.84, 111.52, 1.79916
clkbuf_4_7_0_clk, 61.84, 111.52, 1.79916
_0504_, 71.84, 111.52, 1.79919
_0507_, 71.84, 111.52, 1.79919
_0510_, 71.84, 111.52, 1.79919
_0511_, 71.84, 111.52, 1.79919
FILLER_0_37_138, 71.84, 111.52, 1.79919
FILLER_0_37_148, 71.84, 111.52, 1.79919
_0506_, 91.84, 111.52, 1.79916
_0658_, 91.84, 111.52, 1.79916
_0674_, 91.84, 111.52, 1.79916
_0675_, 91.84, 111.52, 1.79916
_0502_, 101.84, 111.52, 1.79911
_0503_, 101.84, 111.52, 1.79911
_0541_, 101.84, 111.52, 1.79911
clkbuf_4_12_0_clk, 101.84, 111.52, 1.79911
clkbuf_4_13_0_clk, 101.84, 111.52, 1.79911
_0924_, 121.84, 111.52, 1.79917
hold35, 121.84, 111.52, 1.79917
FILLER_0_38_253, 121.84, 111.52, 1.79917
_0539_, 131.84, 111.52, 1.79916
clkbuf_4_14_0_clk, 131.84, 111.52, 1.79916
FILLER_0_37_264, 131.84, 111.52, 1.79916
FILLER_0_37_281, 131.84, 111.52, 1.79916
hold16, 150.5, 111.52, 1.79919
hold85, 150.5, 111.52, 1.79919
FILLER_0_38_321, 150.5, 111.52, 1.79919
PHY_68, 5.52, 106.08, 1.79923
PHY_70, 5.52, 106.08, 1.79923
_0743_, 159.16, 106.08, 1.79919
PHY_69, 159.16, 106.08, 1.79919
PHY_71, 159.16, 106.08, 1.79919
FILLER_0_34_328, 159.16, 106.08, 1.79919
FILLER_0_35_325, 159.16, 106.08, 1.79919
_0780_, 31.84, 106.08, 1.79919
_0978_, 31.84, 106.08, 1.79919
_0979_, 31.84, 106.08, 1.79919
hold109, 31.84, 106.08, 1.79919
hold123, 31.84, 106.08, 1.79919
FILLER_0_35_66, 31.84, 106.08, 1.79919
_0554_, 41.84, 106.08, 1.79918
clkbuf_4_5_0_clk, 41.84, 106.08, 1.79918
FILLER_0_36_80, 41.84, 106.08, 1.79918
FILLER_0_36_85, 41.84, 106.08, 1.79918
_0571_, 61.84, 106.08, 1.79922
_0572_, 61.84, 106.08, 1.79922
clkbuf_4_6_0_clk, 61.84, 106.08, 1.79922
hold5, 61.84, 106.08, 1.79922
FILLER_0_34_112, 61.84, 106.08, 1.79922
_0666_, 71.84, 106.08, 1.79927
FILLER_0_36_153, 71.84, 106.08, 1.79927
_0677_, 91.84, 106.08, 1.7993
FILLER_0_36_197, 91.84, 106.08, 1.7993
_0532_, 101.84, 106.08, 1.79928
FILLER_0_35_216, 101.84, 106.08, 1.79928
FILLER_0_36_214, 101.84, 106.08, 1.79928
_0542_, 121.84, 106.08, 1.79919
_0870_, 121.84, 106.08, 1.79919
_0871_, 121.84, 106.08, 1.79919
clkbuf_4_15_0_clk, 121.84, 106.08, 1.79919
hold13, 121.84, 106.08, 1.79919
FILLER_0_34_245, 121.84, 106.08, 1.79919
FILLER_0_36_262, 121.84, 106.08, 1.79919
_0536_, 131.84, 106.08, 1.79919
_0543_, 131.84, 106.08, 1.79919
_0797_, 131.84, 106.08, 1.79919
FILLER_0_35_274, 131.84, 106.08, 1.79919
FILLER_0_36_278, 131.84, 106.08, 1.79919
_0816_, 150.5, 106.08, 1.79919
_1054_, 150.5, 106.08, 1.79919
hold39, 150.5, 106.08, 1.79919
PHY_64, 5.52, 100.64, 1.79926
PHY_66, 5.52, 100.64, 1.79926
PHY_65, 159.16, 100.64, 1.79919
PHY_67, 159.16, 100.64, 1.79919
output18, 159.16, 100.64, 1.79919
_0834_, 31.84, 100.64, 1.79924
_1030_, 31.84, 100.64, 1.79924
FILLER_0_33_51, 31.84, 100.64, 1.79924
FILLER_0_33_57, 31.84, 100.64, 1.79924
FILLER_0_34_58, 31.84, 100.64, 1.79924
_0553_, 41.84, 100.64, 1.79923
_0760_, 41.84, 100.64, 1.79923
clkbuf_4_4_0_clk, 41.84, 100.64, 1.79923
hold92, 41.84, 100.64, 1.79923
_0828_, 61.84, 100.64, 1.79931
_0987_, 61.84, 100.64, 1.79931
FILLER_0_32_122, 61.84, 100.64, 1.79931
FILLER_0_33_125, 61.84, 100.64, 1.79931
FILLER_0_34_131, 61.84, 100.64, 1.79931
FILLER_0_32_135, 71.84, 100.64, 1.79935
_0919_, 91.84, 100.64, 1.79935
hold69, 91.84, 100.64, 1.79935
FILLER_0_32_181, 91.84, 100.64, 1.79935
FILLER_0_34_192, 91.84, 100.64, 1.79935
hold12, 101.84, 100.64, 1.79932
FILLER_0_33_217, 101.84, 100.64, 1.79932
_0852_, 121.84, 100.64, 1.79925
_0853_, 121.84, 100.64, 1.79925
_1070_, 121.84, 100.64, 1.79925
hold20, 121.84, 100.64, 1.79925
FILLER_0_32_246, 121.84, 100.64, 1.79925
FILLER_0_34_253, 121.84, 100.64, 1.79925
_0723_, 131.84, 100.64, 1.79923
_0724_, 131.84, 100.64, 1.79923
_1014_, 131.84, 100.64, 1.79923
wire3, 131.84, 100.64, 1.79923
FILLER_0_32_265, 131.84, 100.64, 1.79923
FILLER_0_33_270, 131.84, 100.64, 1.79923
FILLER_0_33_277, 131.84, 100.64, 1.79923
FILLER_0_34_278, 131.84, 100.64, 1.79923
_1022_, 150.5, 100.64, 1.79921
FILLER_0_33_322, 150.5, 100.64, 1.79921
PHY_60, 5.52, 95.2, 1.79923
PHY_62, 5.52, 95.2, 1.79923
PHY_61, 159.16, 95.2, 1.79929
PHY_63, 159.16, 95.2, 1.79929
FILLER_0_31_325, 159.16, 95.2, 1.79929
_1107_, 13.68, 95.2, 1.79923
FILLER_0_30_15, 13.68, 95.2, 1.79923
_0889_, 31.84, 95.2, 1.79923
_1062_, 31.84, 95.2, 1.79923
_1086_, 31.84, 95.2, 1.79923
FILLER_0_30_53, 31.84, 95.2, 1.79923
FILLER_0_31_47, 31.84, 95.2, 1.79923
FILLER_0_32_60, 31.84, 95.2, 1.79923
_0833_, 41.84, 95.2, 1.79926
hold43, 41.84, 95.2, 1.79926
hold87, 41.84, 95.2, 1.79926
FILLER_0_30_77, 41.84, 95.2, 1.79926
FILLER_0_32_80, 41.84, 95.2, 1.79926
_0972_, 61.84, 95.2, 1.7993
_1059_, 61.84, 95.2, 1.7993
_1123_, 61.84, 95.2, 1.7993
hold73, 61.84, 95.2, 1.7993
_0592_, 71.84, 95.2, 1.79934
hold25, 71.84, 95.2, 1.79934
FILLER_0_30_141, 71.84, 95.2, 1.79934
FILLER_0_31_146, 71.84, 95.2, 1.79934
_0864_, 91.84, 95.2, 1.79936
_0865_, 91.84, 95.2, 1.79936
_0918_, 91.84, 95.2, 1.79936
FILLER_0_32_197, 91.84, 95.2, 1.79936
_0847_, 101.84, 95.2, 1.79934
_1067_, 101.84, 95.2, 1.79934
FILLER_0_30_242, 121.84, 95.2, 1.79931
_0586_, 131.84, 95.2, 1.79928
_0737_, 131.84, 95.2, 1.79928
_0810_, 131.84, 95.2, 1.79928
_1051_, 131.84, 95.2, 1.79928
FILLER_0_31_265, 131.84, 95.2, 1.79928
FILLER_0_31_271, 131.84, 95.2, 1.79928
FILLER_0_32_321, 150.5, 95.2, 1.79929
PHY_56, 5.52, 89.76, 1.7993
PHY_58, 5.52, 89.76, 1.7993
input4, 5.52, 89.76, 1.7993
FILLER_0_30_7, 5.52, 89.76, 1.7993
PHY_57, 159.16, 89.76, 1.79929
PHY_59, 159.16, 89.76, 1.79929
FILLER_0_29_325, 159.16, 89.76, 1.79929
_0901_, 13.68, 89.76, 1.7993
_0937_, 13.68, 89.76, 1.7993
FILLER_0_30_24, 13.68, 89.76, 1.7993
_0578_, 31.84, 89.76, 1.79931
_0888_, 31.84, 89.76, 1.79931
FILLER_0_29_51, 31.84, 89.76, 1.79931
_0775_, 41.84, 89.76, 1.79932
_0776_, 41.84, 89.76, 1.79932
hold9, 41.84, 89.76, 1.79932
_0593_, 61.84, 89.76, 1.79934
_0594_, 61.84, 89.76, 1.79934
_0827_, 61.84, 89.76, 1.79934
_0973_, 61.84, 89.76, 1.79934
_1027_, 61.84, 89.76, 1.79934
FILLER_0_28_117, 61.84, 89.76, 1.79934
FILLER_0_29_113, 61.84, 89.76, 1.79934
_0755_, 71.84, 89.76, 1.79937
_0773_, 71.84, 89.76, 1.79937
_0774_, 71.84, 89.76, 1.79937
_1035_, 71.84, 89.76, 1.79937
FILLER_0_29_147, 71.84, 89.76, 1.79937
_0954_, 91.84, 89.76, 1.79938
_1075_, 91.84, 89.76, 1.79938
hold10, 91.84, 89.76, 1.79938
_0590_, 101.84, 89.76, 1.79935
_0718_, 101.84, 89.76, 1.79935
_0791_, 101.84, 89.76, 1.79935
_0846_, 101.84, 89.76, 1.79935
hold84, 101.84, 89.76, 1.79935
FILLER_0_28_204, 101.84, 89.76, 1.79935
FILLER_0_28_249, 121.84, 89.76, 1.79933
FILLER_0_29_261, 121.84, 89.76, 1.79933
_0736_, 131.84, 89.76, 1.7993
_0809_, 131.84, 89.76, 1.7993
_1019_, 131.84, 89.76, 1.7993
_0738_, 150.5, 89.76, 1.79929
wire27, 150.5, 89.76, 1.79929
FILLER_0_30_321, 150.5, 89.76, 1.79929
PHY_52, 5.52, 84.32, 1.79925
PHY_54, 5.52, 84.32, 1.79925
_0812_, 159.16, 84.32, 1.79924
PHY_53, 159.16, 84.32, 1.79924
PHY_55, 159.16, 84.32, 1.79924
FILLER_0_26_325, 159.16, 84.32, 1.79924
_1108_, 13.68, 84.32, 1.79925
FILLER_0_26_15, 13.68, 84.32, 1.79925
FILLER_0_27_15, 13.68, 84.32, 1.79925
_1036_, 31.84, 84.32, 1.79926
_1124_, 31.84, 84.32, 1.79926
FILLER_0_26_53, 31.84, 84.32, 1.79926
FILLER_0_27_50, 31.84, 84.32, 1.79926
FILLER_0_28_58, 31.84, 84.32, 1.79926
_0579_, 41.84, 84.32, 1.79929
hold36, 41.84, 84.32, 1.79929
FILLER_0_26_75, 41.84, 84.32, 1.79929
FILLER_0_27_89, 41.84, 84.32, 1.79929
FILLER_0_28_80, 41.84, 84.32, 1.79929
_0697_, 61.84, 84.32, 1.79932
_0754_, 61.84, 84.32, 1.79932
hold7, 61.84, 84.32, 1.79932
FILLER_0_27_125, 61.84, 84.32, 1.79932
FILLER_0_28_127, 61.84, 84.32, 1.79932
_0696_, 71.84, 84.32, 1.79933
_1003_, 71.84, 84.32, 1.79933
hold3, 71.84, 84.32, 1.79933
_0588_, 91.84, 84.32, 1.79934
_0792_, 91.84, 84.32, 1.79934
_1043_, 91.84, 84.32, 1.79934
FILLER_0_26_177, 91.84, 84.32, 1.79934
FILLER_0_27_177, 91.84, 84.32, 1.79934
FILLER_0_28_189, 91.84, 84.32, 1.79934
_0589_, 101.84, 84.32, 1.79934
FILLER_0_27_220, 101.84, 84.32, 1.79934
_0793_, 121.84, 84.32, 1.79929
_0956_, 121.84, 84.32, 1.79929
_0957_, 121.84, 84.32, 1.79929
hold81, 121.84, 84.32, 1.79929
hold96, 121.84, 84.32, 1.79929
FILLER_0_27_250, 121.84, 84.32, 1.79929
_0575_, 131.84, 84.32, 1.79928
_0794_, 131.84, 84.32, 1.79928
_0739_, 150.5, 84.32, 1.79924
_1020_, 150.5, 84.32, 1.79924
hold42, 150.5, 84.32, 1.79924
FILLER_0_28_318, 150.5, 84.32, 1.79924
FILLER_0_28_324, 150.5, 84.32, 1.79924
PHY_48, 5.52, 78.88, 1.79927
PHY_50, 5.52, 78.88, 1.79927
PHY_49, 159.16, 78.88, 1.79926
PHY_51, 159.16, 78.88, 1.79926
_0903_, 13.68, 78.88, 1.79927
_0939_, 13.68, 78.88, 1.79927
_0974_, 31.84, 78.88, 1.79928
_0975_, 31.84, 78.88, 1.79928
FILLER_0_24_53, 31.84, 78.88, 1.79928
_0580_, 41.84, 78.88, 1.7993
_0581_, 41.84, 78.88, 1.7993
FILLER_0_25_81, 41.84, 78.88, 1.7993
FILLER_0_26_85, 41.84, 78.88, 1.7993
_0582_, 61.84, 78.88, 1.79935
hold77, 61.84, 78.88, 1.79935
FILLER_0_26_130, 61.84, 78.88, 1.79935
_0698_, 71.84, 78.88, 1.79938
FILLER_0_25_142, 71.84, 78.88, 1.79938
_0784_, 91.84, 78.88, 1.79938
_0947_, 91.84, 78.88, 1.79938
FILLER_0_24_182, 91.84, 78.88, 1.79938
FILLER_0_26_189, 91.84, 78.88, 1.79938
FILLER_0_24_205, 101.84, 78.88, 1.79935
FILLER_0_25_217, 101.84, 78.88, 1.79935
_1044_, 121.84, 78.88, 1.79925
_1116_, 121.84, 78.88, 1.79925
FILLER_0_24_249, 121.84, 78.88, 1.79925
_0577_, 131.84, 78.88, 1.79923
_0719_, 131.84, 78.88, 1.79923
_0848_, 131.84, 78.88, 1.79923
_0849_, 131.84, 78.88, 1.79923
_1068_, 131.84, 78.88, 1.79923
FILLER_0_25_271, 131.84, 78.88, 1.79923
FILLER_0_25_277, 131.84, 78.88, 1.79923
FILLER_0_25_322, 150.5, 78.88, 1.79926
PHY_44, 5.52, 73.44, 1.79921
PHY_46, 5.52, 73.44, 1.79921
PHY_45, 159.16, 73.44, 1.79927
PHY_47, 159.16, 73.44, 1.79927
_0892_, 13.68, 73.44, 1.79921
_0893_, 13.68, 73.44, 1.79921
_1103_, 13.68, 73.44, 1.79921
_0884_, 31.84, 73.44, 1.79922
hold110, 31.84, 73.44, 1.79922
FILLER_0_23_50, 31.84, 73.44, 1.79922
FILLER_0_23_66, 31.84, 73.44, 1.79922
FILLER_0_24_68, 31.84, 73.44, 1.79922
_0756_, 41.84, 73.44, 1.79923
_0757_, 41.84, 73.44, 1.79923
_0829_, 41.84, 73.44, 1.79923
_1028_, 41.84, 73.44, 1.79923
hold72, 41.84, 73.44, 1.79923
FILLER_0_23_79, 41.84, 73.44, 1.79923
_1119_, 61.84, 73.44, 1.79927
FILLER_0_22_119, 61.84, 73.44, 1.79927
FILLER_0_23_113, 61.84, 73.44, 1.79927
_0685_, 71.84, 73.44, 1.79929
_0820_, 71.84, 73.44, 1.79929
hold17, 71.84, 73.44, 1.79929
hold23, 71.84, 73.44, 1.79929
FILLER_0_22_141, 71.84, 73.44, 1.79929
_0911_, 91.84, 73.44, 1.79928
_0946_, 91.84, 73.44, 1.79928
_1039_, 91.84, 73.44, 1.79928
hold38, 91.84, 73.44, 1.79928
FILLER_0_24_191, 91.84, 73.44, 1.79928
_0641_, 101.84, 73.44, 1.79926
_1071_, 101.84, 73.44, 1.79926
hold18, 101.84, 73.44, 1.79926
hold60, 101.84, 73.44, 1.79926
FILLER_0_22_248, 121.84, 73.44, 1.79927
FILLER_0_23_262, 121.84, 73.44, 1.79927
FILLER_0_24_253, 121.84, 73.44, 1.79927
FILLER_0_24_261, 121.84, 73.44, 1.79927
_0574_, 131.84, 73.44, 1.79926
_1012_, 131.84, 73.44, 1.79926
FILLER_0_23_270, 131.84, 73.44, 1.79926
FILLER_0_23_321, 150.5, 73.44, 1.79927
FILLER_0_24_321, 150.5, 73.44, 1.79927
PHY_40, 5.52, 68, 1.79918
PHY_42, 5.52, 68, 1.79918
FILLER_0_21_3, 5.52, 68, 1.79918
FILLER_0_22_3, 5.52, 68, 1.79918
PHY_41, 159.16, 68, 1.7992
PHY_43, 159.16, 68, 1.7992
_1087_, 13.68, 68, 1.79918
_0830_, 31.84, 68, 1.79919
_0885_, 31.84, 68, 1.79919
_1060_, 31.84, 68, 1.79919
FILLER_0_21_57, 31.84, 68, 1.79919
_0747_, 61.84, 68, 1.79922
_0874_, 61.84, 68, 1.79922
_0964_, 61.84, 68, 1.79922
_0965_, 61.84, 68, 1.79922
_1055_, 61.84, 68, 1.79922
_0684_, 71.84, 68, 1.79924
_0746_, 71.84, 68, 1.79924
_0819_, 71.84, 68, 1.79924
_0999_, 71.84, 68, 1.79924
_0783_, 91.84, 68, 1.79926
_1095_, 91.84, 68, 1.79926
FILLER_0_22_191, 91.84, 68, 1.79926
_0640_, 101.84, 68, 1.79925
_0856_, 101.84, 68, 1.79925
FILLER_0_21_210, 101.84, 68, 1.79925
_0639_, 121.84, 68, 1.79922
_0839_, 121.84, 68, 1.79922
_0710_, 131.84, 68, 1.7992
_1007_, 131.84, 68, 1.7992
hold29, 131.84, 68, 1.7992
hold115, 131.84, 68, 1.7992
FILLER_0_21_275, 131.84, 68, 1.7992
FILLER_0_21_281, 131.84, 68, 1.7992
_0638_, 150.5, 68, 1.7992
input11, 150.5, 68, 1.7992
hold48, 150.5, 68, 1.7992
FILLER_0_21_316, 150.5, 68, 1.7992
FILLER_0_22_321, 150.5, 68, 1.7992
PHY_36, 5.52, 62.56, 1.79917
PHY_38, 5.52, 62.56, 1.79917
output15, 5.52, 62.56, 1.79917
PHY_37, 159.16, 62.56, 1.79915
PHY_39, 159.16, 62.56, 1.79915
_0930_, 31.84, 62.56, 1.7992
FILLER_0_19_53, 31.84, 62.56, 1.7992
_0984_, 41.84, 62.56, 1.7992
FILLER_0_18_76, 41.84, 62.56, 1.7992
FILLER_0_20_80, 41.84, 62.56, 1.7992
_0645_, 61.84, 62.56, 1.79922
_1023_, 61.84, 62.56, 1.79922
_0646_, 71.84, 62.56, 1.79923
hold8, 71.84, 62.56, 1.79923
FILLER_0_18_135, 71.84, 62.56, 1.79923
hold124, 91.84, 62.56, 1.79922
FILLER_0_18_186, 91.84, 62.56, 1.79922
clkbuf_4_9_0_clk, 101.84, 62.56, 1.79918
hold95, 101.84, 62.56, 1.79918
FILLER_0_19_205, 101.84, 62.56, 1.79918
_0838_, 121.84, 62.56, 1.79913
_1063_, 121.84, 62.56, 1.79913
FILLER_0_18_246, 121.84, 62.56, 1.79913
FILLER_0_19_249, 121.84, 62.56, 1.79913
FILLER_0_19_263, 121.84, 62.56, 1.79913
_0709_, 131.84, 62.56, 1.79909
clkbuf_4_10_0_clk, 131.84, 62.56, 1.79909
clkbuf_4_11_0_clk, 131.84, 62.56, 1.79909
FILLER_0_20_285, 131.84, 62.56, 1.79909
_0728_, 150.5, 62.56, 1.79915
hold33, 150.5, 62.56, 1.79915
FILLER_0_19_323, 150.5, 62.56, 1.79915
PHY_32, 5.52, 57.12, 1.79909
PHY_34, 5.52, 57.12, 1.79909
PHY_33, 159.16, 57.12, 1.79921
PHY_35, 159.16, 57.12, 1.79921
FILLER_0_17_325, 159.16, 57.12, 1.79921
_0899_, 13.68, 57.12, 1.79909
_1090_, 13.68, 57.12, 1.79909
_1106_, 13.68, 57.12, 1.79909
_0895_, 31.84, 57.12, 1.79907
_1088_, 31.84, 57.12, 1.79907
_1104_, 31.84, 57.12, 1.79907
hold94, 31.84, 57.12, 1.79907
hold117, 31.84, 57.12, 1.79907
FILLER_0_18_65, 31.84, 57.12, 1.79907
_0611_, 41.84, 57.12, 1.79907
_0630_, 41.84, 57.12, 1.79907
_0772_, 41.84, 57.12, 1.79907
clkbuf_4_0_0_clk, 41.84, 57.12, 1.79907
hold19, 61.84, 57.12, 1.79915
_0768_, 71.84, 57.12, 1.79915
_1031_, 71.84, 57.12, 1.79915
_1032_, 71.84, 57.12, 1.79915
FILLER_0_18_153, 71.84, 57.12, 1.79915
_0715_, 91.84, 57.12, 1.79914
_0845_, 91.84, 57.12, 1.79914
_1010_, 91.84, 57.12, 1.79914
_1066_, 91.84, 57.12, 1.79914
FILLER_0_16_180, 91.84, 57.12, 1.79914
FILLER_0_16_187, 91.84, 57.12, 1.79914
FILLER_0_17_177, 91.84, 57.12, 1.79914
_0843_, 101.84, 57.12, 1.79913
clkbuf_4_8_0_clk, 101.84, 57.12, 1.79913
hold68, 101.84, 57.12, 1.79913
FILLER_0_18_215, 101.84, 57.12, 1.79913
FILLER_0_16_242, 121.84, 57.12, 1.79918
FILLER_0_17_261, 121.84, 57.12, 1.79918
FILLER_0_18_253, 121.84, 57.12, 1.79918
FILLER_0_18_261, 121.84, 57.12, 1.79918
_0626_, 131.84, 57.12, 1.79919
_0841_, 131.84, 57.12, 1.79919
hold52, 131.84, 57.12, 1.79919
FILLER_0_17_269, 131.84, 57.12, 1.79919
PHY_28, 5.52, 51.68, 1.7991
PHY_30, 5.52, 51.68, 1.7991
FILLER_0_16_3, 5.52, 51.68, 1.7991
PHY_29, 159.16, 51.68, 1.79917
PHY_31, 159.16, 51.68, 1.79917
FILLER_0_14_326, 159.16, 51.68, 1.79917
FILLER_0_15_326, 159.16, 51.68, 1.79917
_0933_, 13.68, 51.68, 1.7991
_1105_, 13.68, 51.68, 1.7991
_0617_, 31.84, 51.68, 1.79906
_0894_, 31.84, 51.68, 1.79906
_0931_, 31.84, 51.68, 1.79906
_1034_, 31.84, 51.68, 1.79906
FILLER_0_15_68, 31.84, 51.68, 1.79906
_0605_, 41.84, 51.68, 1.79905
_0618_, 41.84, 51.68, 1.79905
_0769_, 41.84, 51.68, 1.79905
_0771_, 41.84, 51.68, 1.79905
clkbuf_4_1_0_clk, 41.84, 51.68, 1.79905
FILLER_0_14_70, 41.84, 51.68, 1.79905
_0621_, 61.84, 51.68, 1.79906
_0693_, 61.84, 51.68, 1.79906
clkbuf_4_2_0_clk, 61.84, 51.68, 1.79906
clkbuf_4_3_0_clk, 61.84, 51.68, 1.79906
FILLER_0_15_122, 61.84, 51.68, 1.79906
FILLER_0_16_123, 61.84, 51.68, 1.79906
_0631_, 71.84, 51.68, 1.79912
_0767_, 71.84, 51.68, 1.79912
FILLER_0_15_139, 71.84, 51.68, 1.79912
_0716_, 91.84, 51.68, 1.79917
_0844_, 91.84, 51.68, 1.79917
FILLER_0_14_186, 91.84, 51.68, 1.79917
FILLER_0_15_193, 91.84, 51.68, 1.79917
FILLER_0_16_193, 91.84, 51.68, 1.79917
_0600_, 101.84, 51.68, 1.79917
_0603_, 101.84, 51.68, 1.79917
_0735_, 101.84, 51.68, 1.79917
hold47, 101.84, 51.68, 1.79917
_0733_, 121.84, 51.68, 1.79916
_1064_, 121.84, 51.68, 1.79916
FILLER_0_14_248, 121.84, 51.68, 1.79916
FILLER_0_15_261, 121.84, 51.68, 1.79916
FILLER_0_16_253, 121.84, 51.68, 1.79916
_0711_, 131.84, 51.68, 1.79916
_0712_, 131.84, 51.68, 1.79916
_0840_, 131.84, 51.68, 1.79916
_1008_, 131.84, 51.68, 1.79916
_0730_, 150.5, 51.68, 1.79917
hold67, 150.5, 51.68, 1.79917
FILLER_0_16_321, 150.5, 51.68, 1.79917
PHY_24, 5.52, 46.24, 1.79913
PHY_26, 5.52, 46.24, 1.79913
PHY_25, 159.16, 46.24, 1.79912
PHY_27, 159.16, 46.24, 1.79912
FILLER_0_12_325, 159.16, 46.24, 1.79912
FILLER_0_13_327, 159.16, 46.24, 1.79912
_1089_, 13.68, 46.24, 1.79913
FILLER_0_12_15, 13.68, 46.24, 1.79913
FILLER_0_14_19, 13.68, 46.24, 1.79913
_1033_, 31.84, 46.24, 1.79913
FILLER_0_13_57, 31.84, 46.24, 1.79913
_0770_, 41.84, 46.24, 1.79914
hold88, 41.84, 46.24, 1.79914
_0690_, 61.84, 46.24, 1.79913
_1001_, 61.84, 46.24, 1.79913
hold15, 61.84, 46.24, 1.79913
FILLER_0_12_113, 61.84, 46.24, 1.79913
FILLER_0_14_130, 61.84, 46.24, 1.79913
_0687_, 71.84, 46.24, 1.79914
_0688_, 71.84, 46.24, 1.79914
_1000_, 71.84, 46.24, 1.79914
hold4, 71.84, 46.24, 1.79914
FILLER_0_12_141, 71.84, 46.24, 1.79914
_0807_, 91.84, 46.24, 1.79915
_0808_, 91.84, 46.24, 1.79915
_1050_, 91.84, 46.24, 1.79915
hold89, 91.84, 46.24, 1.79915
FILLER_0_13_181, 91.84, 46.24, 1.79915
_0599_, 101.84, 46.24, 1.79915
_0734_, 101.84, 46.24, 1.79915
FILLER_0_13_218, 101.84, 46.24, 1.79915
_0612_, 121.84, 46.24, 1.79912
_0732_, 121.84, 46.24, 1.79912
_1017_, 121.84, 46.24, 1.79912
_1049_, 121.84, 46.24, 1.79912
hold108, 121.84, 46.24, 1.79912
FILLER_0_12_270, 131.84, 46.24, 1.79913
FILLER_0_13_274, 131.84, 46.24, 1.79913
FILLER_0_13_281, 131.84, 46.24, 1.79913
_0625_, 150.5, 46.24, 1.79912
_1016_, 150.5, 46.24, 1.79912
hold76, 150.5, 46.24, 1.79912
PHY_20, 5.52, 40.8, 1.79915
PHY_22, 5.52, 40.8, 1.79915
PHY_21, 159.16, 40.8, 1.79913
PHY_23, 159.16, 40.8, 1.79913
input8, 159.16, 40.8, 1.79913
FILLER_0_11_327, 159.16, 40.8, 1.79913
_0897_, 13.68, 40.8, 1.79915
FILLER_0_12_22, 13.68, 40.8, 1.79915
_0971_, 31.84, 40.8, 1.79913
hold130, 31.84, 40.8, 1.79913
FILLER_0_11_57, 31.84, 40.8, 1.79913
FILLER_0_12_65, 31.84, 40.8, 1.79913
_0607_, 41.84, 40.8, 1.79912
_0619_, 41.84, 40.8, 1.79912
hold118, 41.84, 40.8, 1.79912
FILLER_0_10_78, 41.84, 40.8, 1.79912
FILLER_0_11_70, 41.84, 40.8, 1.79912
FILLER_0_11_83, 41.84, 40.8, 1.79912
FILLER_0_10_122, 61.84, 40.8, 1.79913
_0633_, 71.84, 40.8, 1.79912
_0635_, 71.84, 40.8, 1.79912
_0966_, 71.84, 40.8, 1.79912
FILLER_0_10_136, 71.84, 40.8, 1.79912
FILLER_0_11_154, 71.84, 40.8, 1.79912
_0601_, 91.84, 40.8, 1.79912
_0789_, 91.84, 40.8, 1.79912
_1018_, 91.84, 40.8, 1.79912
hold105, 91.84, 40.8, 1.79912
_0950_, 101.84, 40.8, 1.79913
hold40, 101.84, 40.8, 1.79913
FILLER_0_11_214, 101.84, 40.8, 1.79913
_0805_, 121.84, 40.8, 1.79912
hold57, 121.84, 40.8, 1.79912
FILLER_0_10_244, 121.84, 40.8, 1.79912
_0627_, 131.84, 40.8, 1.79911
_0629_, 131.84, 40.8, 1.79911
_0786_, 131.84, 40.8, 1.79911
_0948_, 131.84, 40.8, 1.79911
_1040_, 131.84, 40.8, 1.79911
FILLER_0_10_265, 131.84, 40.8, 1.79911
FILLER_0_11_269, 131.84, 40.8, 1.79911
PHY_16, 5.52, 35.36, 1.79912
PHY_18, 5.52, 35.36, 1.79912
PHY_17, 159.16, 35.36, 1.79917
PHY_19, 159.16, 35.36, 1.79917
FILLER_0_9_325, 159.16, 35.36, 1.79917
_0880_, 31.84, 35.36, 1.79908
_0968_, 31.84, 35.36, 1.79908
_0969_, 31.84, 35.36, 1.79908
_0970_, 31.84, 35.36, 1.79908
_1122_, 31.84, 35.36, 1.79908
FILLER_0_9_52, 31.84, 35.36, 1.79908
_0620_, 41.84, 35.36, 1.79908
_0753_, 41.84, 35.36, 1.79908
_1026_, 41.84, 35.36, 1.79908
hold119, 41.84, 35.36, 1.79908
_0967_, 61.84, 35.36, 1.7991
_1120_, 61.84, 35.36, 1.7991
FILLER_0_9_125, 61.84, 35.36, 1.7991
FILLER_0_10_130, 61.84, 35.36, 1.7991
_0748_, 71.84, 35.36, 1.7991
_1024_, 71.84, 35.36, 1.7991
hold59, 71.84, 35.36, 1.7991
FILLER_0_9_193, 91.84, 35.36, 1.79913
FILLER_0_10_197, 91.84, 35.36, 1.79913
_0951_, 101.84, 35.36, 1.79913
_1113_, 101.84, 35.36, 1.79913
hold74, 101.84, 35.36, 1.79913
_0859_, 121.84, 35.36, 1.79915
FILLER_0_8_245, 121.84, 35.36, 1.79915
_0628_, 131.84, 35.36, 1.79916
_0785_, 131.84, 35.36, 1.79916
FILLER_0_9_277, 131.84, 35.36, 1.79916
FILLER_0_10_321, 150.5, 35.36, 1.79917
PHY_12, 5.52, 29.92, 1.79912
PHY_14, 5.52, 29.92, 1.79912
input3, 5.52, 29.92, 1.79912
PHY_13, 159.16, 29.92, 1.79917
PHY_15, 159.16, 29.92, 1.79917
_0878_, 31.84, 29.92, 1.79909
_0879_, 31.84, 29.92, 1.79909
_0881_, 31.84, 29.92, 1.79909
_1081_, 31.84, 29.92, 1.79909
_1082_, 31.84, 29.92, 1.79909
_0606_, 41.84, 29.92, 1.7991
hold128, 41.84, 29.92, 1.7991
FILLER_0_6_76, 41.84, 29.92, 1.7991
FILLER_0_8_79, 41.84, 29.92, 1.7991
FILLER_0_8_85, 41.84, 29.92, 1.7991
_0632_, 61.84, 29.92, 1.7991
_0876_, 61.84, 29.92, 1.7991
_0877_, 61.84, 29.92, 1.7991
_1080_, 61.84, 29.92, 1.7991
hold49, 61.84, 29.92, 1.7991
_0749_, 71.84, 29.92, 1.79912
_0821_, 71.84, 29.92, 1.79912
FILLER_0_7_135, 71.84, 29.92, 1.79912
_0602_, 91.84, 29.92, 1.79913
_0862_, 91.84, 29.92, 1.79913
hold86, 91.84, 29.92, 1.79913
FILLER_0_8_190, 91.84, 29.92, 1.79913
_0914_, 101.84, 29.92, 1.79914
hold56, 101.84, 29.92, 1.79914
FILLER_0_7_213, 101.84, 29.92, 1.79914
_0858_, 121.84, 29.92, 1.79913
_0912_, 121.84, 29.92, 1.79913
_0913_, 121.84, 29.92, 1.79913
_1096_, 121.84, 29.92, 1.79913
hold31, 121.84, 29.92, 1.79913
hold83, 131.84, 29.92, 1.79914
FILLER_0_8_321, 150.5, 29.92, 1.79917
PHY_8, 5.52, 24.48, 1.79915
PHY_10, 5.52, 24.48, 1.79915
PHY_9, 159.16, 24.48, 1.79917
PHY_11, 159.16, 24.48, 1.79917
FILLER_0_5_51, 31.84, 24.48, 1.79914
_0823_, 41.84, 24.48, 1.79913
_0825_, 41.84, 24.48, 1.79913
hold104, 41.84, 24.48, 1.79913
_1056_, 61.84, 24.48, 1.79912
FILLER_0_4_122, 61.84, 24.48, 1.79912
hold114, 71.84, 24.48, 1.79912
FILLER_0_4_134, 71.84, 24.48, 1.79912
_0863_, 91.84, 24.48, 1.79911
_1074_, 91.84, 24.48, 1.79911
hold50, 91.84, 24.48, 1.79911
FILLER_0_4_185, 91.84, 24.48, 1.79911
FILLER_0_5_194, 91.84, 24.48, 1.79911
_0860_, 101.84, 24.48, 1.79911
_0861_, 101.84, 24.48, 1.79911
_0915_, 101.84, 24.48, 1.79911
_1097_, 101.84, 24.48, 1.79911
FILLER_0_4_209, 101.84, 24.48, 1.79911
FILLER_0_6_216, 101.84, 24.48, 1.79911
_1072_, 121.84, 24.48, 1.79914
FILLER_0_4_249, 121.84, 24.48, 1.79914
FILLER_0_5_270, 131.84, 24.48, 1.79915
FILLER_0_6_321, 150.5, 24.48, 1.79917
PHY_4, 5.52, 19.04, 1.79912
PHY_6, 5.52, 19.04, 1.79912
PHY_5, 159.16, 19.04, 1.79918
PHY_7, 159.16, 19.04, 1.79918
_0824_, 31.84, 19.04, 1.79907
_1057_, 31.84, 19.04, 1.79907
_1058_, 31.84, 19.04, 1.79907
FILLER_0_3_51, 31.84, 19.04, 1.79907
FILLER_0_3_57, 31.84, 19.04, 1.79907
hold126, 41.84, 19.04, 1.79907
FILLER_0_2_77, 41.84, 19.04, 1.79907
_0822_, 61.84, 19.04, 1.79906
_0982_, 61.84, 19.04, 1.79906
hold132, 61.84, 19.04, 1.79906
_0597_, 71.84, 19.04, 1.79906
_0636_, 71.84, 19.04, 1.79906
_0985_, 71.84, 19.04, 1.79906
FILLER_0_4_193, 91.84, 19.04, 1.79912
_1073_, 101.84, 19.04, 1.79913
FILLER_0_3_217, 101.84, 19.04, 1.79913
FILLER_0_2_245, 121.84, 19.04, 1.79916
FILLER_0_3_273, 131.84, 19.04, 1.79917
FILLER_0_4_321, 150.5, 19.04, 1.79918
PHY_0, 5.52, 13.6, 1.79908
PHY_2, 5.52, 13.6, 1.79908
output13, 5.52, 13.6, 1.79908
PHY_1, 159.16, 13.6, 1.79913
PHY_3, 159.16, 13.6, 1.79913
output16, 159.16, 13.6, 1.79913
FILLER_0_0_21, 13.68, 13.6, 1.7991
output14, 31.84, 13.6, 1.7991
FILLER_0_1_51, 31.84, 13.6, 1.7991
_0983_, 41.84, 13.6, 1.7991
FILLER_0_0_81, 41.84, 13.6, 1.7991
FILLER_0_1_81, 41.84, 13.6, 1.7991
FILLER_0_2_85, 41.84, 13.6, 1.7991
_0637_, 61.84, 13.6, 1.7991
_0665_, 61.84, 13.6, 1.7991
output17, 61.84, 13.6, 1.7991
FILLER_0_0_131, 61.84, 13.6, 1.7991
FILLER_0_1_133, 61.84, 13.6, 1.7991
_0598_, 71.84, 13.6, 1.79912
_0650_, 71.84, 13.6, 1.79912
_0661_, 71.84, 13.6, 1.79912
output22, 91.84, 13.6, 1.79914
FILLER_0_2_190, 91.84, 13.6, 1.79914
FILLER_0_1_220, 101.84, 13.6, 1.79915
FILLER_0_0_247, 121.84, 13.6, 1.79916
FILLER_0_0_277, 131.84, 13.6, 1.79916
FILLER_0_1_273, 131.84, 13.6, 1.79916
FILLER_0_0_321, 150.5, 13.6, 1.79915
FILLER_0_2_321, 150.5, 13.6, 1.79915

